<?xml version="1.0" encoding="UTF-8"?>
<!-- Generated by org.testng.reporters.JUnitXMLReporter -->
<testsuite ignored="0" hostname="PavithraSubburaj" failures="0" tests="30" name="Default test" time="1.008" errors="0" timestamp="2024-11-20T14:21:08 CST">
  <testcase classname="testbase.BaseClass" name="@BeforeMethod setup" time="-1.732134067848E9">
    <failure type="org.testng.TestNGException" message="
Parameter &amp;apos;browser&amp;apos; is required by BeforeMethod on method setup but has not been marked @Optional or defined
in C:\Users\pavit\AppData\Local\Temp\testng-eclipse--811181519\testng-customsuite.xml">
      <![CDATA[org.testng.TestNGException: 
Parameter 'browser' is required by BeforeMethod on method setup but has not been marked @Optional or defined
in C:\Users\pavit\AppData\Local\Temp\testng-eclipse--811181519\testng-customsuite.xml
at org.testng.internal.Parameters.createParams(Parameters.java:264)
at org.testng.internal.Parameters.createParametersForMethod(Parameters.java:352)
at org.testng.internal.Parameters.createParameters(Parameters.java:690)
at org.testng.internal.Parameters.createConfigurationParameters(Parameters.java:163)
at org.testng.internal.invokers.ConfigInvoker.invokeConfigurations(ConfigInvoker.java:313)
at org.testng.internal.invokers.TestInvoker.runConfigMethods(TestInvoker.java:833)
at org.testng.internal.invokers.TestInvoker.invokeMethod(TestInvoker.java:600)
at org.testng.internal.invokers.TestInvoker.invokeTestMethod(TestInvoker.java:230)
at org.testng.internal.invokers.MethodRunner.runInSequence(MethodRunner.java:63)
at org.testng.internal.invokers.TestInvoker$MethodInvocationAgent.invoke(TestInvoker.java:992)
at org.testng.internal.invokers.TestInvoker.invokeTestMethods(TestInvoker.java:203)
at org.testng.internal.invokers.TestMethodWorker.invokeTestMethods(TestMethodWorker.java:154)
at org.testng.internal.invokers.TestMethodWorker.run(TestMethodWorker.java:134)
at java.base/java.util.ArrayList.forEach(ArrayList.java:1511)
at org.testng.TestRunner.privateRun(TestRunner.java:739)
at org.testng.TestRunner.run(TestRunner.java:614)
at org.testng.SuiteRunner.runTest(SuiteRunner.java:421)
at org.testng.SuiteRunner.runSequentially(SuiteRunner.java:413)
at org.testng.SuiteRunner.privateRun(SuiteRunner.java:373)
at org.testng.SuiteRunner.run(SuiteRunner.java:312)
at org.testng.SuiteRunnerWorker.runSuite(SuiteRunnerWorker.java:52)
at org.testng.SuiteRunnerWorker.run(SuiteRunnerWorker.java:95)
at org.testng.TestNG.runSuitesSequentially(TestNG.java:1274)
at org.testng.TestNG.runSuitesLocally(TestNG.java:1208)
at org.testng.TestNG.runSuites(TestNG.java:1112)
at org.testng.TestNG.run(TestNG.java:1079)
at org.testng.remote.AbstractRemoteTestNG.run(AbstractRemoteTestNG.java:115)
at org.testng.remote.RemoteTestNG.initAndRun(RemoteTestNG.java:293)
at org.testng.remote.RemoteTestNG.main(RemoteTestNG.java:91)
]]>
    </failure>
  </testcase> <!-- @BeforeMethod setup -->
  <testcase classname="testcases.TC004_HomePageValidation" name="@BeforeMethod before_testcase_setup" time="0.0">
    <skipped/>
  </testcase> <!-- @BeforeMethod before_testcase_setup -->
  <testcase classname="testbase.BaseClass" name="@AfterMethod tearDown" time="0.0">
    <skipped/>
  </testcase> <!-- @AfterMethod tearDown -->
  <testcase classname="testbase.BaseClass" name="@BeforeMethod setup" time="0.0">
    <skipped/>
  </testcase> <!-- @BeforeMethod setup -->
  <testcase classname="testcases.TC004_HomePageValidation" name="@BeforeMethod before_testcase_setup" time="0.0">
    <skipped/>
  </testcase> <!-- @BeforeMethod before_testcase_setup -->
  <testcase classname="testbase.BaseClass" name="@AfterMethod tearDown" time="0.0">
    <skipped/>
  </testcase> <!-- @AfterMethod tearDown -->
  <testcase classname="testbase.BaseClass" name="@BeforeMethod setup" time="0.0">
    <skipped/>
  </testcase> <!-- @BeforeMethod setup -->
  <testcase classname="testcases.TC004_HomePageValidation" name="@BeforeMethod before_testcase_setup" time="0.0">
    <skipped/>
  </testcase> <!-- @BeforeMethod before_testcase_setup -->
  <testcase classname="testbase.BaseClass" name="@AfterMethod tearDown" time="0.0">
    <skipped/>
  </testcase> <!-- @AfterMethod tearDown -->
  <testcase classname="testbase.BaseClass" name="@BeforeMethod setup" time="0.0">
    <skipped/>
  </testcase> <!-- @BeforeMethod setup -->
  <testcase classname="testcases.TC004_HomePageValidation" name="@BeforeMethod before_testcase_setup" time="0.0">
    <skipped/>
  </testcase> <!-- @BeforeMethod before_testcase_setup -->
  <testcase classname="testbase.BaseClass" name="@AfterMethod tearDown" time="0.0">
    <skipped/>
  </testcase> <!-- @AfterMethod tearDown -->
  <testcase classname="testbase.BaseClass" name="@BeforeMethod setup" time="0.0">
    <skipped/>
  </testcase> <!-- @BeforeMethod setup -->
  <testcase classname="testcases.TC004_HomePageValidation" name="@BeforeMethod before_testcase_setup" time="0.0">
    <skipped/>
  </testcase> <!-- @BeforeMethod before_testcase_setup -->
  <testcase classname="testbase.BaseClass" name="@AfterMethod tearDown" time="0.0">
    <skipped/>
  </testcase> <!-- @AfterMethod tearDown -->
  <testcase classname="testbase.BaseClass" name="@BeforeMethod setup" time="0.0">
    <skipped/>
  </testcase> <!-- @BeforeMethod setup -->
  <testcase classname="testcases.TC004_HomePageValidation" name="@BeforeMethod before_testcase_setup" time="0.0">
    <skipped/>
  </testcase> <!-- @BeforeMethod before_testcase_setup -->
  <testcase classname="testbase.BaseClass" name="@AfterMethod tearDown" time="0.0">
    <skipped/>
  </testcase> <!-- @AfterMethod tearDown -->
  <testcase classname="testbase.BaseClass" name="@BeforeMethod setup" time="0.0">
    <skipped/>
  </testcase> <!-- @BeforeMethod setup -->
  <testcase classname="testcases.TC004_HomePageValidation" name="@BeforeMethod before_testcase_setup" time="0.0">
    <skipped/>
  </testcase> <!-- @BeforeMethod before_testcase_setup -->
  <testcase classname="testbase.BaseClass" name="@AfterMethod tearDown" time="0.0">
    <skipped/>
  </testcase> <!-- @AfterMethod tearDown -->
  <testcase classname="testbase.BaseClass" name="@BeforeMethod setup" time="0.0">
    <skipped/>
  </testcase> <!-- @BeforeMethod setup -->
  <testcase classname="testcases.TC004_HomePageValidation" name="@BeforeMethod before_testcase_setup" time="0.0">
    <skipped/>
  </testcase> <!-- @BeforeMethod before_testcase_setup -->
  <testcase classname="testbase.BaseClass" name="@AfterMethod tearDown" time="0.0">
    <skipped/>
  </testcase> <!-- @AfterMethod tearDown -->
  <testcase classname="testbase.BaseClass" name="@BeforeMethod setup" time="0.0">
    <skipped/>
  </testcase> <!-- @BeforeMethod setup -->
  <testcase classname="testcases.TC004_HomePageValidation" name="@BeforeMethod before_testcase_setup" time="0.0">
    <skipped/>
  </testcase> <!-- @BeforeMethod before_testcase_setup -->
  <testcase classname="testbase.BaseClass" name="@AfterMethod tearDown" time="0.0">
    <skipped/>
  </testcase> <!-- @AfterMethod tearDown -->
  <testcase classname="testbase.BaseClass" name="@BeforeMethod setup" time="0.0">
    <skipped/>
  </testcase> <!-- @BeforeMethod setup -->
  <testcase classname="testcases.TC004_HomePageValidation" name="@BeforeMethod before_testcase_setup" time="0.0">
    <skipped/>
  </testcase> <!-- @BeforeMethod before_testcase_setup -->
  <testcase classname="testbase.BaseClass" name="@AfterMethod tearDown" time="0.0">
    <skipped/>
  </testcase> <!-- @AfterMethod tearDown -->
  <testcase classname="testbase.BaseClass" name="@BeforeMethod setup" time="0.0">
    <skipped/>
  </testcase> <!-- @BeforeMethod setup -->
  <testcase classname="testcases.TC004_HomePageValidation" name="@BeforeMethod before_testcase_setup" time="0.0">
    <skipped/>
  </testcase> <!-- @BeforeMethod before_testcase_setup -->
  <testcase classname="testbase.BaseClass" name="@AfterMethod tearDown" time="0.0">
    <skipped/>
  </testcase> <!-- @AfterMethod tearDown -->
  <testcase classname="testbase.BaseClass" name="@BeforeMethod setup" time="0.0">
    <skipped/>
  </testcase> <!-- @BeforeMethod setup -->
  <testcase classname="testcases.TC004_HomePageValidation" name="@BeforeMethod before_testcase_setup" time="0.0">
    <skipped/>
  </testcase> <!-- @BeforeMethod before_testcase_setup -->
  <testcase classname="testbase.BaseClass" name="@AfterMethod tearDown" time="0.0">
    <skipped/>
  </testcase> <!-- @AfterMethod tearDown -->
  <testcase classname="testbase.BaseClass" name="@BeforeMethod setup" time="0.0">
    <skipped/>
  </testcase> <!-- @BeforeMethod setup -->
  <testcase classname="testcases.TC004_HomePageValidation" name="@BeforeMethod before_testcase_setup" time="0.0">
    <skipped/>
  </testcase> <!-- @BeforeMethod before_testcase_setup -->
  <testcase classname="testbase.BaseClass" name="@AfterMethod tearDown" time="0.0">
    <skipped/>
  </testcase> <!-- @AfterMethod tearDown -->
  <testcase classname="testbase.BaseClass" name="@BeforeMethod setup" time="0.0">
    <skipped/>
  </testcase> <!-- @BeforeMethod setup -->
  <testcase classname="testcases.TC004_HomePageValidation" name="@BeforeMethod before_testcase_setup" time="0.0">
    <skipped/>
  </testcase> <!-- @BeforeMethod before_testcase_setup -->
  <testcase classname="testbase.BaseClass" name="@AfterMethod tearDown" time="0.0">
    <skipped/>
  </testcase> <!-- @AfterMethod tearDown -->
  <testcase classname="testbase.BaseClass" name="@BeforeMethod setup" time="0.0">
    <skipped/>
  </testcase> <!-- @BeforeMethod setup -->
  <testcase classname="testcases.TC004_HomePageValidation" name="@BeforeMethod before_testcase_setup" time="0.0">
    <skipped/>
  </testcase> <!-- @BeforeMethod before_testcase_setup -->
  <testcase classname="testbase.BaseClass" name="@AfterMethod tearDown" time="0.0">
    <skipped/>
  </testcase> <!-- @AfterMethod tearDown -->
  <testcase classname="testbase.BaseClass" name="@BeforeMethod setup" time="0.0">
    <skipped/>
  </testcase> <!-- @BeforeMethod setup -->
  <testcase classname="testcases.TC004_HomePageValidation" name="@BeforeMethod before_testcase_setup" time="0.0">
    <skipped/>
  </testcase> <!-- @BeforeMethod before_testcase_setup -->
  <testcase classname="testbase.BaseClass" name="@AfterMethod tearDown" time="0.0">
    <skipped/>
  </testcase> <!-- @AfterMethod tearDown -->
  <testcase classname="testbase.BaseClass" name="@BeforeMethod setup" time="0.0">
    <skipped/>
  </testcase> <!-- @BeforeMethod setup -->
  <testcase classname="testcases.TC004_HomePageValidation" name="@BeforeMethod before_testcase_setup" time="0.0">
    <skipped/>
  </testcase> <!-- @BeforeMethod before_testcase_setup -->
  <testcase classname="testbase.BaseClass" name="@AfterMethod tearDown" time="0.0">
    <skipped/>
  </testcase> <!-- @AfterMethod tearDown -->
  <testcase classname="testbase.BaseClass" name="@BeforeMethod setup" time="0.0">
    <skipped/>
  </testcase> <!-- @BeforeMethod setup -->
  <testcase classname="testcases.TC004_HomePageValidation" name="@BeforeMethod before_testcase_setup" time="0.0">
    <skipped/>
  </testcase> <!-- @BeforeMethod before_testcase_setup -->
  <testcase classname="testbase.BaseClass" name="@AfterMethod tearDown" time="0.0">
    <skipped/>
  </testcase> <!-- @AfterMethod tearDown -->
  <testcase classname="testbase.BaseClass" name="@BeforeMethod setup" time="0.0">
    <skipped/>
  </testcase> <!-- @BeforeMethod setup -->
  <testcase classname="testcases.TC004_HomePageValidation" name="@BeforeMethod before_testcase_setup" time="0.0">
    <skipped/>
  </testcase> <!-- @BeforeMethod before_testcase_setup -->
  <testcase classname="testbase.BaseClass" name="@AfterMethod tearDown" time="0.0">
    <skipped/>
  </testcase> <!-- @AfterMethod tearDown -->
  <testcase classname="testbase.BaseClass" name="@BeforeMethod setup" time="0.0">
    <skipped/>
  </testcase> <!-- @BeforeMethod setup -->
  <testcase classname="testcases.TC004_HomePageValidation" name="@BeforeMethod before_testcase_setup" time="0.0">
    <skipped/>
  </testcase> <!-- @BeforeMethod before_testcase_setup -->
  <testcase classname="testbase.BaseClass" name="@AfterMethod tearDown" time="0.0">
    <skipped/>
  </testcase> <!-- @AfterMethod tearDown -->
  <testcase classname="testbase.BaseClass" name="@BeforeMethod setup" time="0.0">
    <skipped/>
  </testcase> <!-- @BeforeMethod setup -->
  <testcase classname="testcases.TC004_HomePageValidation" name="@BeforeMethod before_testcase_setup" time="0.0">
    <skipped/>
  </testcase> <!-- @BeforeMethod before_testcase_setup -->
  <testcase classname="testbase.BaseClass" name="@AfterMethod tearDown" time="0.0">
    <skipped/>
  </testcase> <!-- @AfterMethod tearDown -->
  <testcase classname="testbase.BaseClass" name="@BeforeMethod setup" time="0.0">
    <skipped/>
  </testcase> <!-- @BeforeMethod setup -->
  <testcase classname="testcases.TC004_HomePageValidation" name="@BeforeMethod before_testcase_setup" time="0.0">
    <skipped/>
  </testcase> <!-- @BeforeMethod before_testcase_setup -->
  <testcase classname="testbase.BaseClass" name="@AfterMethod tearDown" time="0.0">
    <skipped/>
  </testcase> <!-- @AfterMethod tearDown -->
  <testcase classname="testbase.BaseClass" name="@BeforeMethod setup" time="0.0">
    <skipped/>
  </testcase> <!-- @BeforeMethod setup -->
  <testcase classname="testcases.TC004_HomePageValidation" name="@BeforeMethod before_testcase_setup" time="0.0">
    <skipped/>
  </testcase> <!-- @BeforeMethod before_testcase_setup -->
  <testcase classname="testbase.BaseClass" name="@AfterMethod tearDown" time="0.0">
    <skipped/>
  </testcase> <!-- @AfterMethod tearDown -->
  <testcase classname="testbase.BaseClass" name="@BeforeMethod setup" time="0.0">
    <skipped/>
  </testcase> <!-- @BeforeMethod setup -->
  <testcase classname="testcases.TC004_HomePageValidation" name="@BeforeMethod before_testcase_setup" time="0.0">
    <skipped/>
  </testcase> <!-- @BeforeMethod before_testcase_setup -->
  <testcase classname="testbase.BaseClass" name="@AfterMethod tearDown" time="0.0">
    <skipped/>
  </testcase> <!-- @AfterMethod tearDown -->
  <testcase classname="testbase.BaseClass" name="@BeforeMethod setup" time="0.0">
    <skipped/>
  </testcase> <!-- @BeforeMethod setup -->
  <testcase classname="testcases.TC004_HomePageValidation" name="@BeforeMethod before_testcase_setup" time="0.0">
    <skipped/>
  </testcase> <!-- @BeforeMethod before_testcase_setup -->
  <testcase classname="testbase.BaseClass" name="@AfterMethod tearDown" time="0.0">
    <skipped/>
  </testcase> <!-- @AfterMethod tearDown -->
  <testcase classname="testbase.BaseClass" name="@BeforeMethod setup" time="0.0">
    <skipped/>
  </testcase> <!-- @BeforeMethod setup -->
  <testcase classname="testcases.TC004_HomePageValidation" name="@BeforeMethod before_testcase_setup" time="0.0">
    <skipped/>
  </testcase> <!-- @BeforeMethod before_testcase_setup -->
  <testcase classname="testbase.BaseClass" name="@AfterMethod tearDown" time="0.0">
    <skipped/>
  </testcase> <!-- @AfterMethod tearDown -->
  <testcase classname="testbase.BaseClass" name="@BeforeMethod setup" time="0.0">
    <skipped/>
  </testcase> <!-- @BeforeMethod setup -->
  <testcase classname="testcases.TC004_HomePageValidation" name="@BeforeMethod before_testcase_setup" time="0.0">
    <skipped/>
  </testcase> <!-- @BeforeMethod before_testcase_setup -->
  <testcase classname="testbase.BaseClass" name="@AfterMethod tearDown" time="0.0">
    <skipped/>
  </testcase> <!-- @AfterMethod tearDown -->
  <testcase classname="testbase.BaseClass" name="@BeforeMethod setup" time="0.0">
    <skipped/>
  </testcase> <!-- @BeforeMethod setup -->
  <testcase classname="testcases.TC004_HomePageValidation" name="@BeforeMethod before_testcase_setup" time="0.0">
    <skipped/>
  </testcase> <!-- @BeforeMethod before_testcase_setup -->
  <testcase classname="testbase.BaseClass" name="@AfterMethod tearDown" time="0.0">
    <skipped/>
  </testcase> <!-- @AfterMethod tearDown -->
  <testcase classname="testbase.BaseClass" name="@BeforeMethod setup" time="0.0">
    <skipped/>
  </testcase> <!-- @BeforeMethod setup -->
  <testcase classname="testcases.TC004_HomePageValidation" name="@BeforeMethod before_testcase_setup" time="0.0">
    <skipped/>
  </testcase> <!-- @BeforeMethod before_testcase_setup -->
  <testcase classname="testbase.BaseClass" name="@AfterMethod tearDown" time="0.0">
    <skipped/>
  </testcase> <!-- @AfterMethod tearDown -->
  <testcase classname="testbase.BaseClass" name="@BeforeMethod setup" time="0.0">
    <skipped/>
  </testcase> <!-- @BeforeMethod setup -->
  <testcase classname="testcases.TC004_HomePageValidation" name="@BeforeMethod before_testcase_setup" time="0.0">
    <skipped/>
  </testcase> <!-- @BeforeMethod before_testcase_setup -->
  <testcase classname="testbase.BaseClass" name="@AfterMethod tearDown" time="0.0">
    <skipped/>
  </testcase> <!-- @AfterMethod tearDown -->
  <testcase classname="testcases.TC004_HomePageValidation" name="verify_stackOption" time="0.0">
    <skipped/>
  </testcase> <!-- verify_stackOption -->
  <testcase classname="testcases.TC004_HomePageValidation" name="verify_stack_dropdown" time="0.0">
    <skipped/>
  </testcase> <!-- verify_stack_dropdown -->
  <testcase classname="testcases.TC004_HomePageValidation" name="verify_datastructureOption" time="0.0">
    <skipped/>
  </testcase> <!-- verify_datastructureOption -->
  <testcase classname="testcases.TC004_HomePageValidation" name="verify_ArrayOption" time="0.0">
    <skipped/>
  </testcase> <!-- verify_ArrayOption -->
  <testcase classname="testcases.TC004_HomePageValidation" name="verify_Array_dropdown" time="0.0">
    <skipped/>
  </testcase> <!-- verify_Array_dropdown -->
  <testcase classname="testcases.TC004_HomePageValidation" name="verify_LinkedListOption" time="0.001">
    <skipped/>
  </testcase> <!-- verify_LinkedListOption -->
  <testcase classname="testcases.TC004_HomePageValidation" name="verify_LinkedList_dropdown" time="0.0">
    <skipped/>
  </testcase> <!-- verify_LinkedList_dropdown -->
  <testcase classname="testcases.TC004_HomePageValidation" name="verify_GraphOption" time="0.0">
    <skipped/>
  </testcase> <!-- verify_GraphOption -->
  <testcase classname="testcases.TC004_HomePageValidation" name="verify_Graph_dropdown" time="0.0">
    <skipped/>
  </testcase> <!-- verify_Graph_dropdown -->
  <testcase classname="testcases.TC004_HomePageValidation" name="verify_TreeOption" time="0.0">
    <skipped/>
  </testcase> <!-- verify_TreeOption -->
  <testcase classname="testcases.TC004_HomePageValidation" name="verify_Tree_dropdown" time="0.0">
    <skipped/>
  </testcase> <!-- verify_Tree_dropdown -->
  <testcase classname="testcases.TC004_HomePageValidation" name="verify_QueueOption" time="0.0">
    <skipped/>
  </testcase> <!-- verify_QueueOption -->
  <testcase classname="testcases.TC004_HomePageValidation" name="verify_Queue_dropdown" time="0.0">
    <skipped/>
  </testcase> <!-- verify_Queue_dropdown -->
  <testcase classname="testcases.TC004_HomePageValidation" name="verify_stackOption_Unsuccessful_login" time="0.0">
    <skipped/>
  </testcase> <!-- verify_stackOption_Unsuccessful_login -->
  <testcase classname="testcases.TC004_HomePageValidation" name="verify_stack_dropdown_Unsuccessful_login" time="0.0">
    <skipped/>
  </testcase> <!-- verify_stack_dropdown_Unsuccessful_login -->
  <testcase classname="testcases.TC004_HomePageValidation" name="verify_datastructureOption_Unsuccessful_login" time="0.0">
    <skipped/>
  </testcase> <!-- verify_datastructureOption_Unsuccessful_login -->
  <testcase classname="testcases.TC004_HomePageValidation" name="verify_ArrayOption_Unsuccessful_login" time="0.001">
    <skipped/>
  </testcase> <!-- verify_ArrayOption_Unsuccessful_login -->
  <testcase classname="testcases.TC004_HomePageValidation" name="verify_Array_dropdown_Unsuccessful_login" time="0.0">
    <skipped/>
  </testcase> <!-- verify_Array_dropdown_Unsuccessful_login -->
  <testcase classname="testcases.TC004_HomePageValidation" name="verify_LinkedListOption_Unsuccessful_login" time="0.0">
    <skipped/>
  </testcase> <!-- verify_LinkedListOption_Unsuccessful_login -->
  <testcase classname="testcases.TC004_HomePageValidation" name="verify_LinkedList_dropdown_Unsuccessful_login" time="0.0">
    <skipped/>
  </testcase> <!-- verify_LinkedList_dropdown_Unsuccessful_login -->
  <testcase classname="testcases.TC004_HomePageValidation" name="verify_GraphOption_Unsuccessful_login" time="0.0">
    <skipped/>
  </testcase> <!-- verify_GraphOption_Unsuccessful_login -->
  <testcase classname="testcases.TC004_HomePageValidation" name="verify_Graph_dropdown_Unsuccessful_login" time="0.0">
    <skipped/>
  </testcase> <!-- verify_Graph_dropdown_Unsuccessful_login -->
  <testcase classname="testcases.TC004_HomePageValidation" name="verify_TreeOption_Unsuccessful_login" time="0.0">
    <skipped/>
  </testcase> <!-- verify_TreeOption_Unsuccessful_login -->
  <testcase classname="testcases.TC004_HomePageValidation" name="verify_Tree_dropdown_Unsuccessful_login" time="0.0">
    <skipped/>
  </testcase> <!-- verify_Tree_dropdown_Unsuccessful_login -->
  <testcase classname="testcases.TC004_HomePageValidation" name="verify_QueueOption_Unsuccessful_login" time="0.0">
    <skipped/>
  </testcase> <!-- verify_QueueOption_Unsuccessful_login -->
  <testcase classname="testcases.TC004_HomePageValidation" name="verify_Queue_dropdown_Unsuccessful_login" time="0.0">
    <skipped/>
  </testcase> <!-- verify_Queue_dropdown_Unsuccessful_login -->
  <testcase classname="testcases.TC004_HomePageValidation" name="verify_LoginPage" time="0.0">
    <skipped/>
  </testcase> <!-- verify_LoginPage -->
  <testcase classname="testcases.TC004_HomePageValidation" name="verify_dropdown_button" time="0.0">
    <skipped/>
  </testcase> <!-- verify_dropdown_button -->
  <testcase classname="testcases.TC004_HomePageValidation" name="verify_dropdown_button_successfullLogin" time="0.001">
    <skipped/>
  </testcase> <!-- verify_dropdown_button_successfullLogin -->
  <testcase classname="testcases.TC004_HomePageValidation" name="verify_registerPage" time="0.0">
    <skipped/>
  </testcase> <!-- verify_registerPage -->
</testsuite> <!-- Default test -->
