<?xml version="1.0" encoding="UTF-8"?>
<!-- Generated by org.testng.reporters.JUnitXMLReporter -->
<testsuite ignored="0" hostname="PavithraSubburaj" failures="0" tests="18" name="StackPageTesting" time="48.989" errors="0" timestamp="2024-11-20T09:41:27 CST">
  <testcase classname="testcases.TC001_StackPageValidation" name="@BeforeMethod before_testcase_setup" time="2.514">
    <failure type="org.openqa.selenium.StaleElementReferenceException" message="stale element reference: stale element not found
  (Session info: chrome=131.0.6778.70)
For documentation on this error, please visit: https://www.selenium.dev/documentation/webdriver/troubleshooting/errors#stale-element-reference-exception
Build info: version: &amp;apos;4.25.0&amp;apos;, revision: &amp;apos;8a8aea2337&amp;apos;
System info: os.name: &amp;apos;Windows 11&amp;apos;, os.arch: &amp;apos;amd64&amp;apos;, os.version: &amp;apos;10.0&amp;apos;, java.version: &amp;apos;17.0.12&amp;apos;
Driver info: org.openqa.selenium.chrome.ChromeDriver
Command: [11777adb85d200e15f09362d8a7b82dc, clickElement {id=f.C37D99FF612567AF07DB0176D621D5AC.d.A6E4DB5402CC5DCBB47146413527FAA2.e.19}]
Capabilities {acceptInsecureCerts: false, browserName: chrome, browserVersion: 131.0.6778.70, chrome: {chromedriverVersion: 131.0.6778.85 (3d81e41b6f3a..., userDataDir: C:\Users\pavit\AppData\Loca...}, fedcm:accounts: true, goog:chromeOptions: {debuggerAddress: localhost:64290}, networkConnectionEnabled: false, pageLoadStrategy: normal, platformName: windows, proxy: Proxy(), se:cdp: ws://localhost:64290/devtoo..., se:cdpVersion: 131.0.6778.70, setWindowRect: true, strictFileInteractability: false, timeouts: {implicit: 0, pageLoad: 300000, script: 30000}, unhandledPromptBehavior: dismiss and notify, webauthn:extension:credBlob: true, webauthn:extension:largeBlob: true, webauthn:extension:minPinLength: true, webauthn:extension:prf: true, webauthn:virtualAuthenticators: true}
Element: [[ChromeDriver: chrome on windows (11777adb85d200e15f09362d8a7b82dc)] -&amp;gt; xpath: //input[@value=&amp;apos;Login&amp;apos;]]
Session ID: 11777adb85d200e15f09362d8a7b82dc">
      <![CDATA[org.openqa.selenium.StaleElementReferenceException: stale element reference: stale element not found
  (Session info: chrome=131.0.6778.70)
For documentation on this error, please visit: https://www.selenium.dev/documentation/webdriver/troubleshooting/errors#stale-element-reference-exception
Build info: version: '4.25.0', revision: '8a8aea2337'
System info: os.name: 'Windows 11', os.arch: 'amd64', os.version: '10.0', java.version: '17.0.12'
Driver info: org.openqa.selenium.chrome.ChromeDriver
Command: [11777adb85d200e15f09362d8a7b82dc, clickElement {id=f.C37D99FF612567AF07DB0176D621D5AC.d.A6E4DB5402CC5DCBB47146413527FAA2.e.19}]
Capabilities {acceptInsecureCerts: false, browserName: chrome, browserVersion: 131.0.6778.70, chrome: {chromedriverVersion: 131.0.6778.85 (3d81e41b6f3a..., userDataDir: C:\Users\pavit\AppData\Loca...}, fedcm:accounts: true, goog:chromeOptions: {debuggerAddress: localhost:64290}, networkConnectionEnabled: false, pageLoadStrategy: normal, platformName: windows, proxy: Proxy(), se:cdp: ws://localhost:64290/devtoo..., se:cdpVersion: 131.0.6778.70, setWindowRect: true, strictFileInteractability: false, timeouts: {implicit: 0, pageLoad: 300000, script: 30000}, unhandledPromptBehavior: dismiss and notify, webauthn:extension:credBlob: true, webauthn:extension:largeBlob: true, webauthn:extension:minPinLength: true, webauthn:extension:prf: true, webauthn:virtualAuthenticators: true}
Element: [[ChromeDriver: chrome on windows (11777adb85d200e15f09362d8a7b82dc)] -> xpath: //input[@value='Login']]
Session ID: 11777adb85d200e15f09362d8a7b82dc
at org.openqa.selenium.remote.ErrorCodec.decode(ErrorCodec.java:167)
at org.openqa.selenium.remote.codec.w3c.W3CHttpResponseCodec.decode(W3CHttpResponseCodec.java:138)
at org.openqa.selenium.remote.codec.w3c.W3CHttpResponseCodec.decode(W3CHttpResponseCodec.java:50)
at org.openqa.selenium.remote.HttpCommandExecutor.execute(HttpCommandExecutor.java:190)
at org.openqa.selenium.remote.service.DriverCommandExecutor.invokeExecute(DriverCommandExecutor.java:216)
at org.openqa.selenium.remote.service.DriverCommandExecutor.execute(DriverCommandExecutor.java:174)
at org.openqa.selenium.remote.RemoteWebDriver.execute(RemoteWebDriver.java:545)
at org.openqa.selenium.remote.RemoteWebElement.execute(RemoteWebElement.java:223)
at org.openqa.selenium.remote.RemoteWebElement.click(RemoteWebElement.java:76)
at org.openqa.selenium.support.pagefactory.internal.LocatingElementHandler.invoke(LocatingElementHandler.java:51)
at jdk.proxy2/jdk.proxy2.$Proxy32.click(Unknown Source)
at pageobjectmodel.DSAlgoSignInPom.clickLogin(DSAlgoSignInPom.java:32)
at testcases.TC001_StackPageValidation.before_testcase_setup(TC001_StackPageValidation.java:39)
at java.base/java.util.concurrent.ThreadPoolExecutor.runWorker(ThreadPoolExecutor.java:1136)
at java.base/java.util.concurrent.ThreadPoolExecutor$Worker.run(ThreadPoolExecutor.java:635)
at java.base/java.lang.Thread.run(Thread.java:842)
... Removed 21 stack frames]]>
    </failure>
  </testcase> <!-- @BeforeMethod before_testcase_setup -->
  <testcase classname="testcases.TC001_StackPageValidation" name="@BeforeMethod before_testcase_setup" time="2.679">
    <failure type="org.openqa.selenium.StaleElementReferenceException" message="stale element reference: stale element not found
  (Session info: chrome=131.0.6778.70)
For documentation on this error, please visit: https://www.selenium.dev/documentation/webdriver/troubleshooting/errors#stale-element-reference-exception
Build info: version: &amp;apos;4.25.0&amp;apos;, revision: &amp;apos;8a8aea2337&amp;apos;
System info: os.name: &amp;apos;Windows 11&amp;apos;, os.arch: &amp;apos;amd64&amp;apos;, os.version: &amp;apos;10.0&amp;apos;, java.version: &amp;apos;17.0.12&amp;apos;
Driver info: org.openqa.selenium.chrome.ChromeDriver
Command: [11777adb85d200e15f09362d8a7b82dc, clickElement {id=f.C37D99FF612567AF07DB0176D621D5AC.d.A6E4DB5402CC5DCBB47146413527FAA2.e.19}]
Capabilities {acceptInsecureCerts: false, browserName: chrome, browserVersion: 131.0.6778.70, chrome: {chromedriverVersion: 131.0.6778.85 (3d81e41b6f3a..., userDataDir: C:\Users\pavit\AppData\Loca...}, fedcm:accounts: true, goog:chromeOptions: {debuggerAddress: localhost:64290}, networkConnectionEnabled: false, pageLoadStrategy: normal, platformName: windows, proxy: Proxy(), se:cdp: ws://localhost:64290/devtoo..., se:cdpVersion: 131.0.6778.70, setWindowRect: true, strictFileInteractability: false, timeouts: {implicit: 0, pageLoad: 300000, script: 30000}, unhandledPromptBehavior: dismiss and notify, webauthn:extension:credBlob: true, webauthn:extension:largeBlob: true, webauthn:extension:minPinLength: true, webauthn:extension:prf: true, webauthn:virtualAuthenticators: true}
Element: [[ChromeDriver: chrome on windows (11777adb85d200e15f09362d8a7b82dc)] -&amp;gt; xpath: //input[@value=&amp;apos;Login&amp;apos;]]
Session ID: 11777adb85d200e15f09362d8a7b82dc">
      <![CDATA[org.openqa.selenium.StaleElementReferenceException: stale element reference: stale element not found
  (Session info: chrome=131.0.6778.70)
For documentation on this error, please visit: https://www.selenium.dev/documentation/webdriver/troubleshooting/errors#stale-element-reference-exception
Build info: version: '4.25.0', revision: '8a8aea2337'
System info: os.name: 'Windows 11', os.arch: 'amd64', os.version: '10.0', java.version: '17.0.12'
Driver info: org.openqa.selenium.chrome.ChromeDriver
Command: [11777adb85d200e15f09362d8a7b82dc, clickElement {id=f.C37D99FF612567AF07DB0176D621D5AC.d.A6E4DB5402CC5DCBB47146413527FAA2.e.19}]
Capabilities {acceptInsecureCerts: false, browserName: chrome, browserVersion: 131.0.6778.70, chrome: {chromedriverVersion: 131.0.6778.85 (3d81e41b6f3a..., userDataDir: C:\Users\pavit\AppData\Loca...}, fedcm:accounts: true, goog:chromeOptions: {debuggerAddress: localhost:64290}, networkConnectionEnabled: false, pageLoadStrategy: normal, platformName: windows, proxy: Proxy(), se:cdp: ws://localhost:64290/devtoo..., se:cdpVersion: 131.0.6778.70, setWindowRect: true, strictFileInteractability: false, timeouts: {implicit: 0, pageLoad: 300000, script: 30000}, unhandledPromptBehavior: dismiss and notify, webauthn:extension:credBlob: true, webauthn:extension:largeBlob: true, webauthn:extension:minPinLength: true, webauthn:extension:prf: true, webauthn:virtualAuthenticators: true}
Element: [[ChromeDriver: chrome on windows (11777adb85d200e15f09362d8a7b82dc)] -> xpath: //input[@value='Login']]
Session ID: 11777adb85d200e15f09362d8a7b82dc
at org.openqa.selenium.remote.ErrorCodec.decode(ErrorCodec.java:167)
at org.openqa.selenium.remote.codec.w3c.W3CHttpResponseCodec.decode(W3CHttpResponseCodec.java:138)
at org.openqa.selenium.remote.codec.w3c.W3CHttpResponseCodec.decode(W3CHttpResponseCodec.java:50)
at org.openqa.selenium.remote.HttpCommandExecutor.execute(HttpCommandExecutor.java:190)
at org.openqa.selenium.remote.service.DriverCommandExecutor.invokeExecute(DriverCommandExecutor.java:216)
at org.openqa.selenium.remote.service.DriverCommandExecutor.execute(DriverCommandExecutor.java:174)
at org.openqa.selenium.remote.RemoteWebDriver.execute(RemoteWebDriver.java:545)
at org.openqa.selenium.remote.RemoteWebElement.execute(RemoteWebElement.java:223)
at org.openqa.selenium.remote.RemoteWebElement.click(RemoteWebElement.java:76)
at org.openqa.selenium.support.pagefactory.internal.LocatingElementHandler.invoke(LocatingElementHandler.java:51)
at jdk.proxy2/jdk.proxy2.$Proxy32.click(Unknown Source)
at pageobjectmodel.DSAlgoSignInPom.clickLogin(DSAlgoSignInPom.java:32)
at testcases.TC001_StackPageValidation.before_testcase_setup(TC001_StackPageValidation.java:39)
at java.base/java.util.concurrent.ThreadPoolExecutor.runWorker(ThreadPoolExecutor.java:1136)
at java.base/java.util.concurrent.ThreadPoolExecutor$Worker.run(ThreadPoolExecutor.java:635)
at java.base/java.lang.Thread.run(Thread.java:842)
... Removed 21 stack frames]]>
    </failure>
  </testcase> <!-- @BeforeMethod before_testcase_setup -->
  <testcase classname="testbase.BaseClass" name="@AfterMethod tearDown" time="0.0">
    <skipped/>
  </testcase> <!-- @AfterMethod tearDown -->
  <testcase classname="testbase.BaseClass" name="@AfterMethod tearDown" time="0.0">
    <skipped/>
  </testcase> <!-- @AfterMethod tearDown -->
  <testcase classname="testbase.BaseClass" name="@AfterMethod tearDown" time="0.0">
    <skipped/>
  </testcase> <!-- @AfterMethod tearDown -->
  <testcase classname="testbase.BaseClass" name="@BeforeMethod setup" time="0.0">
    <skipped/>
  </testcase> <!-- @BeforeMethod setup -->
  <testcase classname="testcases.TC001_StackPageValidation" name="@BeforeMethod before_testcase_setup" time="0.0">
    <skipped/>
  </testcase> <!-- @BeforeMethod before_testcase_setup -->
  <testcase classname="testbase.BaseClass" name="@AfterMethod tearDown" time="0.0">
    <skipped/>
  </testcase> <!-- @AfterMethod tearDown -->
  <testcase classname="testbase.BaseClass" name="@BeforeMethod setup" time="0.0">
    <skipped/>
  </testcase> <!-- @BeforeMethod setup -->
  <testcase classname="testcases.TC001_StackPageValidation" name="@BeforeMethod before_testcase_setup" time="0.0">
    <skipped/>
  </testcase> <!-- @BeforeMethod before_testcase_setup -->
  <testcase classname="testbase.BaseClass" name="@AfterMethod tearDown" time="0.0">
    <skipped/>
  </testcase> <!-- @AfterMethod tearDown -->
  <testcase classname="testbase.BaseClass" name="@BeforeMethod setup" time="0.0">
    <skipped/>
  </testcase> <!-- @BeforeMethod setup -->
  <testcase classname="testcases.TC001_StackPageValidation" name="@BeforeMethod before_testcase_setup" time="0.0">
    <skipped/>
  </testcase> <!-- @BeforeMethod before_testcase_setup -->
  <testcase classname="testbase.BaseClass" name="@AfterMethod tearDown" time="0.0">
    <skipped/>
  </testcase> <!-- @AfterMethod tearDown -->
  <testcase classname="testbase.BaseClass" name="@BeforeMethod setup" time="0.0">
    <skipped/>
  </testcase> <!-- @BeforeMethod setup -->
  <testcase classname="testbase.BaseClass" name="@BeforeMethod setup" time="0.0">
    <skipped/>
  </testcase> <!-- @BeforeMethod setup -->
  <testcase classname="testbase.BaseClass" name="@BeforeMethod setup" time="0.0">
    <skipped/>
  </testcase> <!-- @BeforeMethod setup -->
  <testcase classname="testcases.TC001_StackPageValidation" name="@BeforeMethod before_testcase_setup" time="0.0">
    <skipped/>
  </testcase> <!-- @BeforeMethod before_testcase_setup -->
  <testcase classname="testcases.TC001_StackPageValidation" name="@BeforeMethod before_testcase_setup" time="0.0">
    <skipped/>
  </testcase> <!-- @BeforeMethod before_testcase_setup -->
  <testcase classname="testcases.TC001_StackPageValidation" name="@BeforeMethod before_testcase_setup" time="0.0">
    <skipped/>
  </testcase> <!-- @BeforeMethod before_testcase_setup -->
  <testcase classname="testbase.BaseClass" name="@AfterMethod tearDown" time="0.0">
    <skipped/>
  </testcase> <!-- @AfterMethod tearDown -->
  <testcase classname="testbase.BaseClass" name="@AfterMethod tearDown" time="0.0">
    <skipped/>
  </testcase> <!-- @AfterMethod tearDown -->
  <testcase classname="testbase.BaseClass" name="@AfterMethod tearDown" time="0.0">
    <skipped/>
  </testcase> <!-- @AfterMethod tearDown -->
  <testcase classname="testbase.BaseClass" name="@BeforeMethod setup" time="0.0">
    <skipped/>
  </testcase> <!-- @BeforeMethod setup -->
  <testcase classname="testcases.TC001_StackPageValidation" name="@BeforeMethod before_testcase_setup" time="0.0">
    <skipped/>
  </testcase> <!-- @BeforeMethod before_testcase_setup -->
  <testcase classname="testbase.BaseClass" name="@AfterMethod tearDown" time="0.0">
    <skipped/>
  </testcase> <!-- @AfterMethod tearDown -->
  <testcase classname="testbase.BaseClass" name="@BeforeMethod setup" time="0.0">
    <skipped/>
  </testcase> <!-- @BeforeMethod setup -->
  <testcase classname="testcases.TC001_StackPageValidation" name="@BeforeMethod before_testcase_setup" time="0.0">
    <skipped/>
  </testcase> <!-- @BeforeMethod before_testcase_setup -->
  <testcase classname="testbase.BaseClass" name="@AfterMethod tearDown" time="0.0">
    <skipped/>
  </testcase> <!-- @AfterMethod tearDown -->
  <testcase classname="testbase.BaseClass" name="@BeforeMethod setup" time="0.0">
    <skipped/>
  </testcase> <!-- @BeforeMethod setup -->
  <testcase classname="testbase.BaseClass" name="@BeforeMethod setup" time="0.0">
    <skipped/>
  </testcase> <!-- @BeforeMethod setup -->
  <testcase classname="testbase.BaseClass" name="@BeforeMethod setup" time="0.0">
    <skipped/>
  </testcase> <!-- @BeforeMethod setup -->
  <testcase classname="testcases.TC001_StackPageValidation" name="@BeforeMethod before_testcase_setup" time="0.0">
    <skipped/>
  </testcase> <!-- @BeforeMethod before_testcase_setup -->
  <testcase classname="testcases.TC001_StackPageValidation" name="@BeforeMethod before_testcase_setup" time="0.0">
    <skipped/>
  </testcase> <!-- @BeforeMethod before_testcase_setup -->
  <testcase classname="testcases.TC001_StackPageValidation" name="@BeforeMethod before_testcase_setup" time="0.0">
    <skipped/>
  </testcase> <!-- @BeforeMethod before_testcase_setup -->
  <testcase classname="testbase.BaseClass" name="@AfterMethod tearDown" time="0.0">
    <skipped/>
  </testcase> <!-- @AfterMethod tearDown -->
  <testcase classname="testbase.BaseClass" name="@AfterMethod tearDown" time="0.0">
    <skipped/>
  </testcase> <!-- @AfterMethod tearDown -->
  <testcase classname="testbase.BaseClass" name="@AfterMethod tearDown" time="0.0">
    <skipped/>
  </testcase> <!-- @AfterMethod tearDown -->
  <testcase classname="testbase.BaseClass" name="@BeforeMethod setup" time="0.0">
    <skipped/>
  </testcase> <!-- @BeforeMethod setup -->
  <testcase classname="testcases.TC001_StackPageValidation" name="@BeforeMethod before_testcase_setup" time="0.0">
    <skipped/>
  </testcase> <!-- @BeforeMethod before_testcase_setup -->
  <testcase classname="testbase.BaseClass" name="@AfterMethod tearDown" time="0.0">
    <skipped/>
  </testcase> <!-- @AfterMethod tearDown -->
  <testcase classname="testbase.BaseClass" name="@BeforeMethod setup" time="0.0">
    <skipped/>
  </testcase> <!-- @BeforeMethod setup -->
  <testcase classname="testcases.TC001_StackPageValidation" name="@BeforeMethod before_testcase_setup" time="0.0">
    <skipped/>
  </testcase> <!-- @BeforeMethod before_testcase_setup -->
  <testcase classname="testbase.BaseClass" name="@AfterMethod tearDown" time="0.0">
    <skipped/>
  </testcase> <!-- @AfterMethod tearDown -->
  <testcase classname="testcases.TC001_StackPageValidation" name="@AfterTest after_test" time="0.0">
    <skipped/>
  </testcase> <!-- @AfterTest after_test -->
  <testcase classname="testcases.TC001_StackPageValidation" name="verify_StackOption_Dropdown_PageValidation" time="0.545"/>
  <testcase classname="testcases.TC001_StackPageValidation" name="verify_Stack_Applications_Link" time="0.663"/>
  <testcase classname="testcases.TC001_StackPageValidation" name="verify_Stack_Applications_pythoncode" time="0.0">
    <skipped/>
  </testcase> <!-- verify_Stack_Applications_pythoncode -->
  <testcase classname="testcases.TC001_StackPageValidation" name="verify_Stack_Applications_pythoncode" time="0.0">
    <skipped/>
  </testcase> <!-- verify_Stack_Applications_pythoncode -->
  <testcase classname="testcases.TC001_StackPageValidation" name="verify_Stack_Applications_pythoncode" time="30.03"/>
  <testcase classname="testcases.TC001_StackPageValidation" name="verify_Stack_Applications_tryherebtn_Link" time="0.0">
    <skipped/>
  </testcase> <!-- verify_Stack_Applications_tryherebtn_Link -->
  <testcase classname="testcases.TC001_StackPageValidation" name="verify_Stack_Getstartedbtn_PageValidation" time="0.0">
    <skipped/>
  </testcase> <!-- verify_Stack_Getstartedbtn_PageValidation -->
  <testcase classname="testcases.TC001_StackPageValidation" name="verify_Stack_Implementation_Link" time="0.0">
    <skipped/>
  </testcase> <!-- verify_Stack_Implementation_Link -->
  <testcase classname="testcases.TC001_StackPageValidation" name="verify_Stack_Implementation_pythoncode" time="0.0">
    <skipped/>
  </testcase> <!-- verify_Stack_Implementation_pythoncode -->
  <testcase classname="testcases.TC001_StackPageValidation" name="verify_Stack_Implementation_pythoncode" time="0.0">
    <skipped/>
  </testcase> <!-- verify_Stack_Implementation_pythoncode -->
  <testcase classname="testcases.TC001_StackPageValidation" name="verify_Stack_Implementation_pythoncode" time="0.0">
    <skipped/>
  </testcase> <!-- verify_Stack_Implementation_pythoncode -->
  <testcase classname="testcases.TC001_StackPageValidation" name="verify_Stack_Implementation_tryherebtn_Link" time="0.0">
    <skipped/>
  </testcase> <!-- verify_Stack_Implementation_tryherebtn_Link -->
  <testcase classname="testcases.TC001_StackPageValidation" name="verify_Stack_Operations_Link" time="0.0">
    <skipped/>
  </testcase> <!-- verify_Stack_Operations_Link -->
  <testcase classname="testcases.TC001_StackPageValidation" name="verify_Stack_Operations_pythoncode" time="0.0">
    <skipped/>
  </testcase> <!-- verify_Stack_Operations_pythoncode -->
  <testcase classname="testcases.TC001_StackPageValidation" name="verify_Stack_Operations_pythoncode" time="0.0">
    <skipped/>
  </testcase> <!-- verify_Stack_Operations_pythoncode -->
  <testcase classname="testcases.TC001_StackPageValidation" name="verify_Stack_Operations_pythoncode" time="0.0">
    <skipped/>
  </testcase> <!-- verify_Stack_Operations_pythoncode -->
  <testcase classname="testcases.TC001_StackPageValidation" name="verify_Stack_Operations_tryherebtn_Link" time="0.0">
    <skipped/>
  </testcase> <!-- verify_Stack_Operations_tryherebtn_Link -->
  <testcase classname="testcases.TC001_StackPageValidation" name="verify_practiceQuestions_Link" time="0.0">
    <skipped/>
  </testcase> <!-- verify_practiceQuestions_Link -->
</testsuite> <!-- StackPageTesting -->
