<?xml version="1.0" encoding="UTF-8"?>
<!-- Generated by org.testng.reporters.JUnitXMLReporter -->
<testsuite ignored="0" hostname="PavithraSubburaj" failures="1" tests="10" name="Test" time="67.366" errors="0" timestamp="2024-11-19T20:02:03 CST">
  <testcase classname="testcases.TC001_StackPageValidation" name="verify_Operations_in_stacklink" time="0.692"/>
  <testcase classname="testcases.TC001_StackPageValidation" name="verify_pythoncode" time="2.158"/>
  <testcase classname="testcases.TC001_StackPageValidation" name="verify_pythoncode" time="4.046"/>
  <testcase classname="testcases.TC001_StackPageValidation" name="verify_pythoncode" time="1.832"/>
  <testcase classname="testcases.TC001_StackPageValidation" name="verify_stackoptionbutton_stackPageTitle" time="0.336"/>
  <testcase classname="testcases.TC001_StackPageValidation" name="verify_stackoptiondropdown_stackPageTitle" time="0.434"/>
  <testcase classname="testcases.TC001_StackPageValidation" name="verify_tryhere_btn_Operations_in_stacklink" time="1.855">
    <skipped/>
  </testcase> <!-- verify_tryhere_btn_Operations_in_stacklink -->
  <testcase classname="testcases.TC001_StackPageValidation" name="verify_tryhere_btn_Operations_in_stacklink" time="1.479">
    <skipped/>
  </testcase> <!-- verify_tryhere_btn_Operations_in_stacklink -->
  <testcase classname="testcases.TC001_StackPageValidation" name="verify_tryhere_btn_Operations_in_stacklink" time="1.546">
    <skipped/>
  </testcase> <!-- verify_tryhere_btn_Operations_in_stacklink -->
  <testcase classname="testcases.TC001_StackPageValidation" name="verify_tryhere_btn_Operations_in_stacklink" time="2.495">
    <failure type="java.lang.AssertionError" message="expected [Ru] but found [Run]">
      <![CDATA[java.lang.AssertionError: expected [Ru] but found [Run]
at testcases.TC001_StackPageValidation.verify_tryhere_btn_Operations_in_stacklink(TC001_StackPageValidation.java:107)
at java.base/java.util.ArrayList.forEach(ArrayList.java:1511)
... Removed 33 stack frames]]>
    </failure>
  </testcase> <!-- verify_tryhere_btn_Operations_in_stacklink -->
</testsuite> <!-- Test -->
