<?xml version="1.0" encoding="UTF-8"?>
<!-- Generated by org.testng.reporters.JUnitXMLReporter -->
<testsuite ignored="0" hostname="PavithraSubburaj" failures="1" tests="29" name="DSAlgo Testing" time="153.629" errors="0" timestamp="2024-11-20T11:57:32 CST">
  <testcase classname="testcases.TC002_GetStartedPageValidation" name="verify_Getstarted_PageValidation" time="0.194"/>
  <testcase classname="testcases.TC003_DataStructureIntroPageValidation" name="verify_DataStructure__PageValidation" time="0.638"/>
  <testcase classname="testcases.TC001_StackPageValidation" name="verify_Stack_Getstartedbtn_PageValidation" time="0.877"/>
  <testcase classname="testcases.TC002_GetStartedPageValidation" name="verify_Getstarted_button" time="1.67"/>
  <testcase classname="testcases.TC001_StackPageValidation" name="verify_StackOption_Dropdown_PageValidation" time="0.803"/>
  <testcase classname="testcases.TC003_DataStructureIntroPageValidation" name="verify_DataStructure_TimeComplexity_Link" time="1.0"/>
  <testcase classname="testcases.TC001_StackPageValidation" name="verify_Stack_Operations_Link" time="1.138"/>
  <testcase classname="testcases.TC003_DataStructureIntroPageValidation" name="verify_DataStructure_TimeComplexity_tryherebtn_Link" time="2.241"/>
  <testcase classname="testcases.TC001_StackPageValidation" name="verify_Stack_Operations_tryherebtn_Link" time="3.181"/>
  <testcase classname="testcases.TC003_DataStructureIntroPageValidation" name="verify_DataStructure_TimeComplexity_pythoncode" time="3.012"/>
  <testcase classname="testcases.TC001_StackPageValidation" name="verify_Stack_Operations_pythoncode" time="4.083"/>
  <testcase classname="testcases.TC003_DataStructureIntroPageValidation" name="verify_DataStructure_TimeComplexity_pythoncode" time="3.662"/>
  <testcase classname="testcases.TC001_StackPageValidation" name="verify_Stack_Operations_pythoncode" time="4.603"/>
  <testcase classname="testcases.TC003_DataStructureIntroPageValidation" name="verify_DataStructure_TimeComplexity_pythoncode" time="1.821"/>
  <testcase classname="testcases.TC001_StackPageValidation" name="verify_Stack_Operations_pythoncode" time="1.564"/>
  <testcase classname="testcases.TC001_StackPageValidation" name="verify_Stack_Implementation_Link" time="0.649"/>
  <testcase classname="testcases.TC001_StackPageValidation" name="verify_Stack_Implementation_tryherebtn_Link" time="1.366"/>
  <testcase classname="testcases.TC001_StackPageValidation" name="verify_Stack_Implementation_pythoncode" time="2.235"/>
  <testcase classname="testcases.TC001_StackPageValidation" name="verify_Stack_Implementation_pythoncode" time="4.016"/>
  <testcase classname="testcases.TC001_StackPageValidation" name="verify_Stack_Implementation_pythoncode" time="1.52"/>
  <testcase classname="testcases.TC001_StackPageValidation" name="verify_Stack_Applications_Link" time="0.715"/>
  <testcase classname="testcases.TC001_StackPageValidation" name="verify_Stack_Applications_tryherebtn_Link" time="1.483"/>
  <testcase classname="testcases.TC001_StackPageValidation" name="verify_Stack_Applications_pythoncode" time="1.914"/>
  <testcase classname="testcases.TC001_StackPageValidation" name="verify_Stack_Applications_pythoncode" time="3.762"/>
  <testcase classname="testcases.TC001_StackPageValidation" name="verify_Stack_Applications_pythoncode" time="1.502"/>
  <testcase classname="testcases.TC001_StackPageValidation" name="verify_practiceQuestions_Link" time="0.908">
    <skipped/>
  </testcase> <!-- verify_practiceQuestions_Link -->
  <testcase classname="testcases.TC001_StackPageValidation" name="verify_practiceQuestions_Link" time="0.869">
    <skipped/>
  </testcase> <!-- verify_practiceQuestions_Link -->
  <testcase classname="testcases.TC001_StackPageValidation" name="verify_practiceQuestions_Link" time="0.881">
    <skipped/>
  </testcase> <!-- verify_practiceQuestions_Link -->
  <testcase classname="testcases.TC001_StackPageValidation" name="verify_practiceQuestions_Link" time="0.878">
    <failure type="java.lang.AssertionError" message="null">
      <![CDATA[java.lang.AssertionError: null
at testcases.TC001_StackPageValidation.verify_practiceQuestions_Link(TC001_StackPageValidation.java:240)
at java.base/java.util.concurrent.Executors$RunnableAdapter.call(Executors.java:539)
at java.base/java.util.concurrent.FutureTask.run(FutureTask.java:264)
at java.base/java.util.concurrent.ThreadPoolExecutor.runWorker(ThreadPoolExecutor.java:1136)
at java.base/java.util.concurrent.ThreadPoolExecutor$Worker.run(ThreadPoolExecutor.java:635)
at java.base/java.lang.Thread.run(Thread.java:842)
... Removed 15 stack frames]]>
    </failure>
  </testcase> <!-- verify_practiceQuestions_Link -->
</testsuite> <!-- DSAlgo Testing -->
