<html>
<head>
<title>TestNG:  DSAlgo Testing</title>
<link href="../testng.css" rel="stylesheet" type="text/css" />
<link href="../my-testng.css" rel="stylesheet" type="text/css" />

<style type="text/css">
.log { display: none;} 
.stack-trace { display: none;} 
</style>
<script type="text/javascript">
<!--
function flip(e) {
  current = e.style.display;
  if (current == 'block') {
    e.style.display = 'none';
    return 0;
  }
  else {
    e.style.display = 'block';
    return 1;
  }
}

function toggleBox(szDivId, elem, msg1, msg2)
{
  var res = -1;  if (document.getElementById) {
    res = flip(document.getElementById(szDivId));
  }
  else if (document.all) {
    // this is the way old msie versions work
    res = flip(document.all[szDivId]);
  }
  if(elem) {
    if(res == 0) elem.innerHTML = msg1; else elem.innerHTML = msg2;
  }

}

function toggleAllBoxes() {
  if (document.getElementsByTagName) {
    d = document.getElementsByTagName('div');
    for (i = 0; i < d.length; i++) {
      if (d[i].className == 'log') {
        flip(d[i]);
      }
    }
  }
}

// -->
</script>

</head>
<body>
<h2 align='center'>DSAlgo Testing</h2><table border='1' align="center">
<tr>
<td>Tests passed/Failed/Skipped:</td><td>25/1/3</td>
</tr><tr>
<td>Started on:</td><td>Wed Nov 20 11:54:57 CST 2024</td>
</tr>
<tr><td>Total time:</td><td>153 seconds (153629 ms)</td>
</tr><tr>
<td>Included groups:</td><td></td>
</tr><tr>
<td>Excluded groups:</td><td></td>
</tr>
</table><p/>
<small><i>(Hover the method name to see the test class name)</i></small><p/>
<table width='100%' border='1' class='invocation-failed'>
<tr><td colspan='4' align='center'><b>FAILED TESTS</b></td></tr>
<tr><td><b>Test method</b></td>
<td><b>Attribute(s)</b></td>
<td width="30%"><b>Exception</b></td>
<td width="10%"><b>Time (seconds)</b></td>
<td><b>Instance</b></td>
</tr>
<tr>
<td title='testcases.TC001_StackPageValidation.verify_practiceQuestions_Link()'><b>verify_practiceQuestions_Link</b><br>Test class: testcases.TC001_StackPageValidation</td>
<td><div><pre>java.lang.AssertionError: null
	at testcases.TC001_StackPageValidation.verify_practiceQuestions_Link(TC001_StackPageValidation.java:240)
	at java.base/java.util.concurrent.Executors$RunnableAdapter.call(Executors.java:539)
	at java.base/java.util.concurrent.FutureTask.run(FutureTask.java:264)
	at java.base/java.util.concurrent.ThreadPoolExecutor.runWorker(ThreadPoolExecutor.java:1136)
	at java.base/java.util.concurrent.ThreadPoolExecutor$Worker.run(ThreadPoolExecutor.java:635)
	at java.base/java.lang.Thread.run(Thread.java:842)
... Removed 15 stack frames</pre></div><a href='#' onClick='toggleBox("stack-trace1385704763", this, "Click to show all stack frames", "Click to hide stack frames")'>Click to show all stack frames</a>
<div class='stack-trace' id='stack-trace1385704763'><pre>java.lang.AssertionError: null
	at org.testng.Assert.fail(Assert.java:111)
	at org.testng.Assert.fail(Assert.java:116)
	at testcases.TC001_StackPageValidation.verify_practiceQuestions_Link(TC001_StackPageValidation.java:240)
	at java.base/jdk.internal.reflect.NativeMethodAccessorImpl.invoke0(Native Method)
	at java.base/jdk.internal.reflect.NativeMethodAccessorImpl.invoke(NativeMethodAccessorImpl.java:77)
	at java.base/jdk.internal.reflect.DelegatingMethodAccessorImpl.invoke(DelegatingMethodAccessorImpl.java:43)
	at java.base/java.lang.reflect.Method.invoke(Method.java:568)
	at org.testng.internal.invokers.MethodInvocationHelper.invokeMethod(MethodInvocationHelper.java:141)
	at org.testng.internal.invokers.TestInvoker.invokeMethod(TestInvoker.java:686)
	at org.testng.internal.invokers.TestInvoker.retryFailed(TestInvoker.java:269)
	at org.testng.internal.invokers.MethodRunner.runInSequence(MethodRunner.java:76)
	at org.testng.internal.invokers.TestInvoker$MethodInvocationAgent.invoke(TestInvoker.java:992)
	at org.testng.internal.invokers.TestInvoker.invokeTestMethods(TestInvoker.java:203)
	at org.testng.internal.invokers.TestMethodWorker.invokeTestMethods(TestMethodWorker.java:154)
	at org.testng.internal.invokers.TestMethodWorker.run(TestMethodWorker.java:134)
	at java.base/java.util.concurrent.Executors$RunnableAdapter.call(Executors.java:539)
	at java.base/java.util.concurrent.FutureTask.run(FutureTask.java:264)
	at org.testng.internal.thread.graph.TestNGFutureTask.run(TestNGFutureTask.java:22)
	at java.base/java.util.concurrent.ThreadPoolExecutor.runWorker(ThreadPoolExecutor.java:1136)
	at java.base/java.util.concurrent.ThreadPoolExecutor$Worker.run(ThreadPoolExecutor.java:635)
	at java.base/java.lang.Thread.run(Thread.java:842)
</pre></div></td>
<td>0</td>
<td>testcases.TC001_StackPageValidation@15a34df2</td></tr>
</table><p>
<table width='100%' border='1' class='invocation-passed'>
<tr><td colspan='4' align='center'><b>PASSED TESTS</b></td></tr>
<tr><td><b>Test method</b></td>
<td><b>Attribute(s)</b></td>
<td width="30%"><b>Exception</b></td>
<td width="10%"><b>Time (seconds)</b></td>
<td><b>Instance</b></td>
</tr>
<tr>
<td title='testcases.TC003_DataStructureIntroPageValidation.verify_DataStructure_TimeComplexity_pythoncode()'><b>verify_DataStructure_TimeComplexity_pythoncode</b><br>Test class: testcases.TC003_DataStructureIntroPageValidation<br>Parameters: num1 = 1.5
num2 = 6.3
sum = num1 + num2
print('The sum of {0} and {1} is {2}'.format(num1, num2, sum)), The sum of 1.5 and 6.3 is 7.8</td>
<td></td>
<td>3</td>
<td>testcases.TC003_DataStructureIntroPageValidation@50378a4</td></tr>
<tr>
<td title='testcases.TC001_StackPageValidation.verify_Stack_Applications_tryherebtn_Link()'><b>verify_Stack_Applications_tryherebtn_Link</b><br>Test class: testcases.TC001_StackPageValidation</td>
<td></td>
<td>1</td>
<td>testcases.TC001_StackPageValidation@15a34df2</td></tr>
<tr>
<td title='testcases.TC001_StackPageValidation.verify_Stack_Applications_Link()'><b>verify_Stack_Applications_Link</b><br>Test class: testcases.TC001_StackPageValidation</td>
<td></td>
<td>0</td>
<td>testcases.TC001_StackPageValidation@15a34df2</td></tr>
<tr>
<td title='testcases.TC001_StackPageValidation.verify_Stack_Implementation_tryherebtn_Link()'><b>verify_Stack_Implementation_tryherebtn_Link</b><br>Test class: testcases.TC001_StackPageValidation</td>
<td></td>
<td>1</td>
<td>testcases.TC001_StackPageValidation@15a34df2</td></tr>
<tr>
<td title='testcases.TC001_StackPageValidation.verify_Stack_Applications_pythoncode()'><b>verify_Stack_Applications_pythoncode</b><br>Test class: testcases.TC001_StackPageValidation<br>Parameters: print('Hello, world!'), Hello, world!</td>
<td></td>
<td>1</td>
<td>testcases.TC001_StackPageValidation@15a34df2</td></tr>
<tr>
<td title='testcases.TC001_StackPageValidation.verify_Stack_Implementation_pythoncode()'><b>verify_Stack_Implementation_pythoncode</b><br>Test class: testcases.TC001_StackPageValidation<br>Parameters: Hello, </td>
<td></td>
<td>1</td>
<td>testcases.TC001_StackPageValidation@15a34df2</td></tr>
<tr>
<td title='testcases.TC001_StackPageValidation.verify_Stack_Implementation_Link()'><b>verify_Stack_Implementation_Link</b><br>Test class: testcases.TC001_StackPageValidation</td>
<td></td>
<td>0</td>
<td>testcases.TC001_StackPageValidation@15a34df2</td></tr>
<tr>
<td title='testcases.TC003_DataStructureIntroPageValidation.verify_DataStructure_TimeComplexity_tryherebtn_Link()'><b>verify_DataStructure_TimeComplexity_tryherebtn_Link</b><br>Test class: testcases.TC003_DataStructureIntroPageValidation</td>
<td></td>
<td>2</td>
<td>testcases.TC003_DataStructureIntroPageValidation@50378a4</td></tr>
<tr>
<td title='testcases.TC001_StackPageValidation.verify_Stack_Implementation_pythoncode()'><b>verify_Stack_Implementation_pythoncode</b><br>Test class: testcases.TC001_StackPageValidation<br>Parameters: num1 = 1.5
num2 = 6.3
sum = num1 + num2
print('The sum of {0} and {1} is {2}'.format(num1, num2, sum)), The sum of 1.5 and 6.3 is 7.8</td>
<td></td>
<td>4</td>
<td>testcases.TC001_StackPageValidation@15a34df2</td></tr>
<tr>
<td title='testcases.TC001_StackPageValidation.verify_Stack_Operations_tryherebtn_Link()'><b>verify_Stack_Operations_tryherebtn_Link</b><br>Test class: testcases.TC001_StackPageValidation</td>
<td></td>
<td>3</td>
<td>testcases.TC001_StackPageValidation@15a34df2</td></tr>
<tr>
<td title='testcases.TC001_StackPageValidation.verify_Stack_Operations_Link()'><b>verify_Stack_Operations_Link</b><br>Test class: testcases.TC001_StackPageValidation</td>
<td></td>
<td>1</td>
<td>testcases.TC001_StackPageValidation@15a34df2</td></tr>
<tr>
<td title='testcases.TC003_DataStructureIntroPageValidation.verify_DataStructure_TimeComplexity_pythoncode()'><b>verify_DataStructure_TimeComplexity_pythoncode</b><br>Test class: testcases.TC003_DataStructureIntroPageValidation<br>Parameters: print('Hello, world!'), Hello, world!</td>
<td></td>
<td>3</td>
<td>testcases.TC003_DataStructureIntroPageValidation@50378a4</td></tr>
<tr>
<td title='testcases.TC001_StackPageValidation.verify_Stack_Operations_pythoncode()'><b>verify_Stack_Operations_pythoncode</b><br>Test class: testcases.TC001_StackPageValidation<br>Parameters: Hello, </td>
<td></td>
<td>1</td>
<td>testcases.TC001_StackPageValidation@15a34df2</td></tr>
<tr>
<td title='testcases.TC003_DataStructureIntroPageValidation.verify_DataStructure_TimeComplexity_pythoncode()'><b>verify_DataStructure_TimeComplexity_pythoncode</b><br>Test class: testcases.TC003_DataStructureIntroPageValidation<br>Parameters: Hello, </td>
<td></td>
<td>1</td>
<td>testcases.TC003_DataStructureIntroPageValidation@50378a4</td></tr>
<tr>
<td title='testcases.TC001_StackPageValidation.verify_StackOption_Dropdown_PageValidation()'><b>verify_StackOption_Dropdown_PageValidation</b><br>Test class: testcases.TC001_StackPageValidation</td>
<td></td>
<td>0</td>
<td>testcases.TC001_StackPageValidation@15a34df2</td></tr>
<tr>
<td title='testcases.TC001_StackPageValidation.verify_Stack_Getstartedbtn_PageValidation()'><b>verify_Stack_Getstartedbtn_PageValidation</b><br>Test class: testcases.TC001_StackPageValidation</td>
<td></td>
<td>0</td>
<td>testcases.TC001_StackPageValidation@15a34df2</td></tr>
<tr>
<td title='testcases.TC001_StackPageValidation.verify_Stack_Applications_pythoncode()'><b>verify_Stack_Applications_pythoncode</b><br>Test class: testcases.TC001_StackPageValidation<br>Parameters: num1 = 1.5
num2 = 6.3
sum = num1 + num2
print('The sum of {0} and {1} is {2}'.format(num1, num2, sum)), The sum of 1.5 and 6.3 is 7.8</td>
<td></td>
<td>3</td>
<td>testcases.TC001_StackPageValidation@15a34df2</td></tr>
<tr>
<td title='testcases.TC001_StackPageValidation.verify_Stack_Applications_pythoncode()'><b>verify_Stack_Applications_pythoncode</b><br>Test class: testcases.TC001_StackPageValidation<br>Parameters: Hello, </td>
<td></td>
<td>1</td>
<td>testcases.TC001_StackPageValidation@15a34df2</td></tr>
<tr>
<td title='testcases.TC001_StackPageValidation.verify_Stack_Operations_pythoncode()'><b>verify_Stack_Operations_pythoncode</b><br>Test class: testcases.TC001_StackPageValidation<br>Parameters: print('Hello, world!'), Hello, world!</td>
<td></td>
<td>4</td>
<td>testcases.TC001_StackPageValidation@15a34df2</td></tr>
<tr>
<td title='testcases.TC001_StackPageValidation.verify_Stack_Implementation_pythoncode()'><b>verify_Stack_Implementation_pythoncode</b><br>Test class: testcases.TC001_StackPageValidation<br>Parameters: print('Hello, world!'), Hello, world!</td>
<td></td>
<td>2</td>
<td>testcases.TC001_StackPageValidation@15a34df2</td></tr>
<tr>
<td title='testcases.TC003_DataStructureIntroPageValidation.verify_DataStructure__PageValidation()'><b>verify_DataStructure__PageValidation</b><br>Test class: testcases.TC003_DataStructureIntroPageValidation</td>
<td></td>
<td>0</td>
<td>testcases.TC003_DataStructureIntroPageValidation@50378a4</td></tr>
<tr>
<td title='testcases.TC001_StackPageValidation.verify_Stack_Operations_pythoncode()'><b>verify_Stack_Operations_pythoncode</b><br>Test class: testcases.TC001_StackPageValidation<br>Parameters: num1 = 1.5
num2 = 6.3
sum = num1 + num2
print('The sum of {0} and {1} is {2}'.format(num1, num2, sum)), The sum of 1.5 and 6.3 is 7.8</td>
<td></td>
<td>4</td>
<td>testcases.TC001_StackPageValidation@15a34df2</td></tr>
<tr>
<td title='testcases.TC002_GetStartedPageValidation.verify_Getstarted_PageValidation()'><b>verify_Getstarted_PageValidation</b><br>Test class: testcases.TC002_GetStartedPageValidation</td>
<td></td>
<td>0</td>
<td>testcases.TC002_GetStartedPageValidation@7b4c50bc</td></tr>
<tr>
<td title='testcases.TC002_GetStartedPageValidation.verify_Getstarted_button()'><b>verify_Getstarted_button</b><br>Test class: testcases.TC002_GetStartedPageValidation</td>
<td></td>
<td>1</td>
<td>testcases.TC002_GetStartedPageValidation@7b4c50bc</td></tr>
<tr>
<td title='testcases.TC003_DataStructureIntroPageValidation.verify_DataStructure_TimeComplexity_Link()'><b>verify_DataStructure_TimeComplexity_Link</b><br>Test class: testcases.TC003_DataStructureIntroPageValidation</td>
<td></td>
<td>1</td>
<td>testcases.TC003_DataStructureIntroPageValidation@50378a4</td></tr>
</table><p>
<table width='100%' border='1' class='invocation-skipped'>
<tr><td colspan='4' align='center'><b>SKIPPED TESTS</b></td></tr>
<tr><td><b>Test method</b></td>
<td><b>Attribute(s)</b></td>
<td width="30%"><b>Exception</b></td>
<td width="10%"><b>Time (seconds)</b></td>
<td><b>Instance</b></td>
</tr>
<tr>
<td title='testcases.TC001_StackPageValidation.verify_practiceQuestions_Link()'><b>verify_practiceQuestions_Link</b><br>Test class: testcases.TC001_StackPageValidation</td>
<td><div><pre>java.lang.AssertionError: null
	at testcases.TC001_StackPageValidation.verify_practiceQuestions_Link(TC001_StackPageValidation.java:240)
	at java.base/java.util.concurrent.Executors$RunnableAdapter.call(Executors.java:539)
	at java.base/java.util.concurrent.FutureTask.run(FutureTask.java:264)
	at java.base/java.util.concurrent.ThreadPoolExecutor.runWorker(ThreadPoolExecutor.java:1136)
	at java.base/java.util.concurrent.ThreadPoolExecutor$Worker.run(ThreadPoolExecutor.java:635)
	at java.base/java.lang.Thread.run(Thread.java:842)
... Removed 15 stack frames</pre></div><a href='#' onClick='toggleBox("stack-trace2121156767", this, "Click to show all stack frames", "Click to hide stack frames")'>Click to show all stack frames</a>
<div class='stack-trace' id='stack-trace2121156767'><pre>java.lang.AssertionError: null
	at org.testng.Assert.fail(Assert.java:111)
	at org.testng.Assert.fail(Assert.java:116)
	at testcases.TC001_StackPageValidation.verify_practiceQuestions_Link(TC001_StackPageValidation.java:240)
	at java.base/jdk.internal.reflect.NativeMethodAccessorImpl.invoke0(Native Method)
	at java.base/jdk.internal.reflect.NativeMethodAccessorImpl.invoke(NativeMethodAccessorImpl.java:77)
	at java.base/jdk.internal.reflect.DelegatingMethodAccessorImpl.invoke(DelegatingMethodAccessorImpl.java:43)
	at java.base/java.lang.reflect.Method.invoke(Method.java:568)
	at org.testng.internal.invokers.MethodInvocationHelper.invokeMethod(MethodInvocationHelper.java:141)
	at org.testng.internal.invokers.TestInvoker.invokeMethod(TestInvoker.java:686)
	at org.testng.internal.invokers.TestInvoker.retryFailed(TestInvoker.java:269)
	at org.testng.internal.invokers.MethodRunner.runInSequence(MethodRunner.java:76)
	at org.testng.internal.invokers.TestInvoker$MethodInvocationAgent.invoke(TestInvoker.java:992)
	at org.testng.internal.invokers.TestInvoker.invokeTestMethods(TestInvoker.java:203)
	at org.testng.internal.invokers.TestMethodWorker.invokeTestMethods(TestMethodWorker.java:154)
	at org.testng.internal.invokers.TestMethodWorker.run(TestMethodWorker.java:134)
	at java.base/java.util.concurrent.Executors$RunnableAdapter.call(Executors.java:539)
	at java.base/java.util.concurrent.FutureTask.run(FutureTask.java:264)
	at org.testng.internal.thread.graph.TestNGFutureTask.run(TestNGFutureTask.java:22)
	at java.base/java.util.concurrent.ThreadPoolExecutor.runWorker(ThreadPoolExecutor.java:1136)
	at java.base/java.util.concurrent.ThreadPoolExecutor$Worker.run(ThreadPoolExecutor.java:635)
	at java.base/java.lang.Thread.run(Thread.java:842)
</pre></div></td>
<td>0</td>
<td>testcases.TC001_StackPageValidation@15a34df2</td></tr>
<tr>
<td title='testcases.TC001_StackPageValidation.verify_practiceQuestions_Link()'><b>verify_practiceQuestions_Link</b><br>Test class: testcases.TC001_StackPageValidation</td>
<td><div><pre>java.lang.AssertionError: null
	at testcases.TC001_StackPageValidation.verify_practiceQuestions_Link(TC001_StackPageValidation.java:240)
	at java.base/java.util.concurrent.Executors$RunnableAdapter.call(Executors.java:539)
	at java.base/java.util.concurrent.FutureTask.run(FutureTask.java:264)
	at java.base/java.util.concurrent.ThreadPoolExecutor.runWorker(ThreadPoolExecutor.java:1136)
	at java.base/java.util.concurrent.ThreadPoolExecutor$Worker.run(ThreadPoolExecutor.java:635)
	at java.base/java.lang.Thread.run(Thread.java:842)
... Removed 15 stack frames</pre></div><a href='#' onClick='toggleBox("stack-trace1783950637", this, "Click to show all stack frames", "Click to hide stack frames")'>Click to show all stack frames</a>
<div class='stack-trace' id='stack-trace1783950637'><pre>java.lang.AssertionError: null
	at org.testng.Assert.fail(Assert.java:111)
	at org.testng.Assert.fail(Assert.java:116)
	at testcases.TC001_StackPageValidation.verify_practiceQuestions_Link(TC001_StackPageValidation.java:240)
	at java.base/jdk.internal.reflect.NativeMethodAccessorImpl.invoke0(Native Method)
	at java.base/jdk.internal.reflect.NativeMethodAccessorImpl.invoke(NativeMethodAccessorImpl.java:77)
	at java.base/jdk.internal.reflect.DelegatingMethodAccessorImpl.invoke(DelegatingMethodAccessorImpl.java:43)
	at java.base/java.lang.reflect.Method.invoke(Method.java:568)
	at org.testng.internal.invokers.MethodInvocationHelper.invokeMethod(MethodInvocationHelper.java:141)
	at org.testng.internal.invokers.TestInvoker.invokeMethod(TestInvoker.java:686)
	at org.testng.internal.invokers.TestInvoker.invokeTestMethod(TestInvoker.java:230)
	at org.testng.internal.invokers.MethodRunner.runInSequence(MethodRunner.java:63)
	at org.testng.internal.invokers.TestInvoker$MethodInvocationAgent.invoke(TestInvoker.java:992)
	at org.testng.internal.invokers.TestInvoker.invokeTestMethods(TestInvoker.java:203)
	at org.testng.internal.invokers.TestMethodWorker.invokeTestMethods(TestMethodWorker.java:154)
	at org.testng.internal.invokers.TestMethodWorker.run(TestMethodWorker.java:134)
	at java.base/java.util.concurrent.Executors$RunnableAdapter.call(Executors.java:539)
	at java.base/java.util.concurrent.FutureTask.run(FutureTask.java:264)
	at org.testng.internal.thread.graph.TestNGFutureTask.run(TestNGFutureTask.java:22)
	at java.base/java.util.concurrent.ThreadPoolExecutor.runWorker(ThreadPoolExecutor.java:1136)
	at java.base/java.util.concurrent.ThreadPoolExecutor$Worker.run(ThreadPoolExecutor.java:635)
	at java.base/java.lang.Thread.run(Thread.java:842)
</pre></div></td>
<td>0</td>
<td>testcases.TC001_StackPageValidation@15a34df2</td></tr>
<tr>
<td title='testcases.TC001_StackPageValidation.verify_practiceQuestions_Link()'><b>verify_practiceQuestions_Link</b><br>Test class: testcases.TC001_StackPageValidation</td>
<td><div><pre>java.lang.AssertionError: null
	at testcases.TC001_StackPageValidation.verify_practiceQuestions_Link(TC001_StackPageValidation.java:240)
	at java.base/java.util.concurrent.Executors$RunnableAdapter.call(Executors.java:539)
	at java.base/java.util.concurrent.FutureTask.run(FutureTask.java:264)
	at java.base/java.util.concurrent.ThreadPoolExecutor.runWorker(ThreadPoolExecutor.java:1136)
	at java.base/java.util.concurrent.ThreadPoolExecutor$Worker.run(ThreadPoolExecutor.java:635)
	at java.base/java.lang.Thread.run(Thread.java:842)
... Removed 15 stack frames</pre></div><a href='#' onClick='toggleBox("stack-trace19684211", this, "Click to show all stack frames", "Click to hide stack frames")'>Click to show all stack frames</a>
<div class='stack-trace' id='stack-trace19684211'><pre>java.lang.AssertionError: null
	at org.testng.Assert.fail(Assert.java:111)
	at org.testng.Assert.fail(Assert.java:116)
	at testcases.TC001_StackPageValidation.verify_practiceQuestions_Link(TC001_StackPageValidation.java:240)
	at java.base/jdk.internal.reflect.NativeMethodAccessorImpl.invoke0(Native Method)
	at java.base/jdk.internal.reflect.NativeMethodAccessorImpl.invoke(NativeMethodAccessorImpl.java:77)
	at java.base/jdk.internal.reflect.DelegatingMethodAccessorImpl.invoke(DelegatingMethodAccessorImpl.java:43)
	at java.base/java.lang.reflect.Method.invoke(Method.java:568)
	at org.testng.internal.invokers.MethodInvocationHelper.invokeMethod(MethodInvocationHelper.java:141)
	at org.testng.internal.invokers.TestInvoker.invokeMethod(TestInvoker.java:686)
	at org.testng.internal.invokers.TestInvoker.retryFailed(TestInvoker.java:269)
	at org.testng.internal.invokers.MethodRunner.runInSequence(MethodRunner.java:76)
	at org.testng.internal.invokers.TestInvoker$MethodInvocationAgent.invoke(TestInvoker.java:992)
	at org.testng.internal.invokers.TestInvoker.invokeTestMethods(TestInvoker.java:203)
	at org.testng.internal.invokers.TestMethodWorker.invokeTestMethods(TestMethodWorker.java:154)
	at org.testng.internal.invokers.TestMethodWorker.run(TestMethodWorker.java:134)
	at java.base/java.util.concurrent.Executors$RunnableAdapter.call(Executors.java:539)
	at java.base/java.util.concurrent.FutureTask.run(FutureTask.java:264)
	at org.testng.internal.thread.graph.TestNGFutureTask.run(TestNGFutureTask.java:22)
	at java.base/java.util.concurrent.ThreadPoolExecutor.runWorker(ThreadPoolExecutor.java:1136)
	at java.base/java.util.concurrent.ThreadPoolExecutor$Worker.run(ThreadPoolExecutor.java:635)
	at java.base/java.lang.Thread.run(Thread.java:842)
</pre></div></td>
<td>0</td>
<td>testcases.TC001_StackPageValidation@15a34df2</td></tr>
</table><p>
</body>
</html>