<?xml version="1.0" encoding="UTF-8"?>
<!-- Generated by org.testng.reporters.JUnitXMLReporter -->
<testsuite ignored="0" hostname="PavithraSubburaj" failures="1" tests="23" name="DSAlgo Testing" time="119.382" errors="0" timestamp="2024-11-21T10:08:46 CST">
  <testcase classname="testcases.TC002_GetStartedPageValidation" name="verify_Getstarted_PageValidation" time="0.079"/>
  <testcase classname="testcases.TC001_StackPageValidation" name="verify_Stack_Getstartedbtn_PageValidation" time="1.027"/>
  <testcase classname="testcases.TC002_GetStartedPageValidation" name="verify_Getstarted_button" time="0.743"/>
  <testcase classname="testcases.TC001_StackPageValidation" name="verify_StackOption_Dropdown_PageValidation" time="0.424"/>
  <testcase classname="testcases.TC001_StackPageValidation" name="verify_Stack_Operations_Link" time="0.681"/>
  <testcase classname="testcases.TC001_StackPageValidation" name="verify_Stack_Operations_tryherebtn_Link" time="1.497"/>
  <testcase classname="testcases.TC001_StackPageValidation" name="verify_Stack_Operations_pythoncode" time="1.948"/>
  <testcase classname="testcases.TC001_StackPageValidation" name="verify_Stack_Operations_pythoncode" time="3.321"/>
  <testcase classname="testcases.TC001_StackPageValidation" name="verify_Stack_Operations_pythoncode" time="1.634"/>
  <testcase classname="testcases.TC001_StackPageValidation" name="verify_Stack_Implementation_Link" time="0.616"/>
  <testcase classname="testcases.TC001_StackPageValidation" name="verify_Stack_Implementation_tryherebtn_Link" time="1.51"/>
  <testcase classname="testcases.TC001_StackPageValidation" name="verify_Stack_Implementation_pythoncode" time="1.853"/>
  <testcase classname="testcases.TC001_StackPageValidation" name="verify_Stack_Implementation_pythoncode" time="3.177"/>
  <testcase classname="testcases.TC001_StackPageValidation" name="verify_Stack_Implementation_pythoncode" time="1.399"/>
  <testcase classname="testcases.TC001_StackPageValidation" name="verify_Stack_Applications_Link" time="0.598"/>
  <testcase classname="testcases.TC001_StackPageValidation" name="verify_Stack_Applications_tryherebtn_Link" time="1.221"/>
  <testcase classname="testcases.TC001_StackPageValidation" name="verify_Stack_Applications_pythoncode" time="1.7"/>
  <testcase classname="testcases.TC001_StackPageValidation" name="verify_Stack_Applications_pythoncode" time="3.082"/>
  <testcase classname="testcases.TC001_StackPageValidation" name="verify_Stack_Applications_pythoncode" time="1.416"/>
  <testcase classname="testcases.TC001_StackPageValidation" name="verify_practiceQuestions_Link" time="0.809">
    <skipped/>
  </testcase> <!-- verify_practiceQuestions_Link -->
  <testcase classname="testcases.TC001_StackPageValidation" name="verify_practiceQuestions_Link" time="0.941">
    <skipped/>
  </testcase> <!-- verify_practiceQuestions_Link -->
  <testcase classname="testcases.TC001_StackPageValidation" name="verify_practiceQuestions_Link" time="0.819">
    <skipped/>
  </testcase> <!-- verify_practiceQuestions_Link -->
  <testcase classname="testcases.TC001_StackPageValidation" name="verify_practiceQuestions_Link" time="0.814">
    <failure type="java.lang.AssertionError" message="null">
      <![CDATA[java.lang.AssertionError: null
at testcases.TC001_StackPageValidation.verify_practiceQuestions_Link(TC001_StackPageValidation.java:240)
at java.base/java.util.concurrent.Executors$RunnableAdapter.call(Executors.java:539)
at java.base/java.util.concurrent.FutureTask.run(FutureTask.java:264)
at java.base/java.util.concurrent.ThreadPoolExecutor.runWorker(ThreadPoolExecutor.java:1136)
at java.base/java.util.concurrent.ThreadPoolExecutor$Worker.run(ThreadPoolExecutor.java:635)
at java.base/java.lang.Thread.run(Thread.java:842)
... Removed 15 stack frames]]>
    </failure>
  </testcase> <!-- verify_practiceQuestions_Link -->
</testsuite> <!-- DSAlgo Testing -->
