<?xml version="1.0" encoding="UTF-8"?>
<!-- Generated by org.testng.reporters.JUnitXMLReporter -->
<testsuite ignored="0" hostname="PavithraSubburaj" failures="1" tests="29" name="StackPageTesting" time="134.302" errors="0" timestamp="2024-11-20T11:10:45 CST">
  <testcase classname="testcases.TC002_GetStartedPageValidation" name="verify_Getstarted_PageValidation" time="0.084"/>
  <testcase classname="testcases.TC003_DataStructureIntroPageValidation" name="verify_DataStructure__PageValidation" time="0.476"/>
  <testcase classname="testcases.TC001_StackPageValidation" name="verify_Stack_Getstartedbtn_PageValidation" time="0.574"/>
  <testcase classname="testcases.TC002_GetStartedPageValidation" name="verify_Getstarted_button" time="0.747"/>
  <testcase classname="testcases.TC001_StackPageValidation" name="verify_StackOption_Dropdown_PageValidation" time="0.693"/>
  <testcase classname="testcases.TC003_DataStructureIntroPageValidation" name="verify_DataStructure_TimeComplexity_Link" time="0.853"/>
  <testcase classname="testcases.TC001_StackPageValidation" name="verify_Stack_Operations_Link" time="1.14"/>
  <testcase classname="testcases.TC003_DataStructureIntroPageValidation" name="verify_DataStructure_TimeComplexity_tryherebtn_Link" time="2.018"/>
  <testcase classname="testcases.TC001_StackPageValidation" name="verify_Stack_Operations_tryherebtn_Link" time="2.923"/>
  <testcase classname="testcases.TC003_DataStructureIntroPageValidation" name="verify_DataStructure_TimeComplexity_pythoncode" time="2.181"/>
  <testcase classname="testcases.TC001_StackPageValidation" name="verify_Stack_Operations_pythoncode" time="3.845"/>
  <testcase classname="testcases.TC003_DataStructureIntroPageValidation" name="verify_DataStructure_TimeComplexity_pythoncode" time="3.602"/>
  <testcase classname="testcases.TC003_DataStructureIntroPageValidation" name="verify_DataStructure_TimeComplexity_pythoncode" time="1.73"/>
  <testcase classname="testcases.TC001_StackPageValidation" name="verify_Stack_Operations_pythoncode" time="5.208"/>
  <testcase classname="testcases.TC001_StackPageValidation" name="verify_Stack_Operations_pythoncode" time="1.405"/>
  <testcase classname="testcases.TC001_StackPageValidation" name="verify_Stack_Implementation_Link" time="0.827"/>
  <testcase classname="testcases.TC001_StackPageValidation" name="verify_Stack_Implementation_tryherebtn_Link" time="1.288"/>
  <testcase classname="testcases.TC001_StackPageValidation" name="verify_Stack_Implementation_pythoncode" time="1.878"/>
  <testcase classname="testcases.TC001_StackPageValidation" name="verify_Stack_Implementation_pythoncode" time="3.441"/>
  <testcase classname="testcases.TC001_StackPageValidation" name="verify_Stack_Implementation_pythoncode" time="1.58"/>
  <testcase classname="testcases.TC001_StackPageValidation" name="verify_Stack_Applications_Link" time="0.596"/>
  <testcase classname="testcases.TC001_StackPageValidation" name="verify_Stack_Applications_tryherebtn_Link" time="1.39"/>
  <testcase classname="testcases.TC001_StackPageValidation" name="verify_Stack_Applications_pythoncode" time="1.785"/>
  <testcase classname="testcases.TC001_StackPageValidation" name="verify_Stack_Applications_pythoncode" time="3.605"/>
  <testcase classname="testcases.TC001_StackPageValidation" name="verify_Stack_Applications_pythoncode" time="1.36"/>
  <testcase classname="testcases.TC001_StackPageValidation" name="verify_practiceQuestions_Link" time="0.808">
    <skipped/>
  </testcase> <!-- verify_practiceQuestions_Link -->
  <testcase classname="testcases.TC001_StackPageValidation" name="verify_practiceQuestions_Link" time="0.814">
    <skipped/>
  </testcase> <!-- verify_practiceQuestions_Link -->
  <testcase classname="testcases.TC001_StackPageValidation" name="verify_practiceQuestions_Link" time="0.722">
    <skipped/>
  </testcase> <!-- verify_practiceQuestions_Link -->
  <testcase classname="testcases.TC001_StackPageValidation" name="verify_practiceQuestions_Link" time="0.706">
    <failure type="java.lang.AssertionError" message="null">
      <![CDATA[java.lang.AssertionError: null
at testcases.TC001_StackPageValidation.verify_practiceQuestions_Link(TC001_StackPageValidation.java:240)
at java.base/java.util.concurrent.Executors$RunnableAdapter.call(Executors.java:539)
at java.base/java.util.concurrent.FutureTask.run(FutureTask.java:264)
at java.base/java.util.concurrent.ThreadPoolExecutor.runWorker(ThreadPoolExecutor.java:1136)
at java.base/java.util.concurrent.ThreadPoolExecutor$Worker.run(ThreadPoolExecutor.java:635)
at java.base/java.lang.Thread.run(Thread.java:842)
... Removed 15 stack frames]]>
    </failure>
  </testcase> <!-- verify_practiceQuestions_Link -->
</testsuite> <!-- StackPageTesting -->
