<?xml version="1.0" encoding="UTF-8"?>
<testng-results retried="3" ignored="3" total="32" passed="25" failed="1" skipped="0">
  <reporter-output>
  </reporter-output>
  <suite started-at="2024-11-20T11:54:57 CST" name="DSAlgo Testng" finished-at="2024-11-20T11:57:31 CST" duration-ms="153629">
    <groups>
      <group name="DataDriven">
        <method signature="TC001_StackPageValidation.verify_Stack_Operations_pythoncode(java.lang.String,java.lang.String)[pri:5, instance:testcases.TC001_StackPageValidation@15a34df2]" name="verify_Stack_Operations_pythoncode" class="testcases.TC001_StackPageValidation"/>
        <method signature="TC003_DataStructureIntroPageValidation.verify_DataStructure_TimeComplexity_pythoncode(java.lang.String,java.lang.String)[pri:5, instance:testcases.TC003_DataStructureIntroPageValidation@50378a4]" name="verify_DataStructure_TimeComplexity_pythoncode" class="testcases.TC003_DataStructureIntroPageValidation"/>
        <method signature="TC001_StackPageValidation.verify_Stack_Implementation_pythoncode(java.lang.String,java.lang.String)[pri:8, instance:testcases.TC001_StackPageValidation@15a34df2]" name="verify_Stack_Implementation_pythoncode" class="testcases.TC001_StackPageValidation"/>
        <method signature="TC001_StackPageValidation.verify_Stack_Applications_pythoncode(java.lang.String,java.lang.String)[pri:11, instance:testcases.TC001_StackPageValidation@15a34df2]" name="verify_Stack_Applications_pythoncode" class="testcases.TC001_StackPageValidation"/>
      </group> <!-- DataDriven -->
    </groups>
    <test started-at="2024-11-20T11:54:57 CST" name="DSAlgo Testing" finished-at="2024-11-20T11:57:31 CST" duration-ms="153629">
      <class name="testcases.TC001_StackPageValidation">
        <test-method is-config="true" signature="setup(java.lang.String)[pri:0, instance:testcases.TC001_StackPageValidation@15a34df2]" started-at="2024-11-20T11:54:57 CST" name="setup" finished-at="2024-11-20T11:55:05 CST" duration-ms="7168" status="PASS">
          <params>
            <param index="0">
              <value>
                <![CDATA[chrome]]>
              </value>
            </param>
          </params>
          <reporter-output>
          </reporter-output>
        </test-method> <!-- setup -->
        <test-method is-config="true" signature="before_testcase_setup()[pri:0, instance:testcases.TC001_StackPageValidation@15a34df2]" started-at="2024-11-20T11:55:05 CST" name="before_testcase_setup" finished-at="2024-11-20T11:55:08 CST" duration-ms="3288" status="PASS">
          <reporter-output>
          </reporter-output>
        </test-method> <!-- before_testcase_setup -->
        <test-method signature="verify_Stack_Getstartedbtn_PageValidation()[pri:1, instance:testcases.TC001_StackPageValidation@15a34df2]" started-at="2024-11-20T11:55:08 CST" name="verify_Stack_Getstartedbtn_PageValidation" finished-at="2024-11-20T11:55:09 CST" duration-ms="877" status="PASS">
          <reporter-output>
          </reporter-output>
        </test-method> <!-- verify_Stack_Getstartedbtn_PageValidation -->
        <test-method is-config="true" signature="tearDown()[pri:0, instance:testcases.TC001_StackPageValidation@15a34df2]" started-at="2024-11-20T11:55:09 CST" name="tearDown" finished-at="2024-11-20T11:55:10 CST" duration-ms="743" status="PASS">
          <reporter-output>
          </reporter-output>
        </test-method> <!-- tearDown -->
        <test-method is-config="true" signature="setup(java.lang.String)[pri:0, instance:testcases.TC001_StackPageValidation@15a34df2]" started-at="2024-11-20T11:55:10 CST" name="setup" finished-at="2024-11-20T11:55:15 CST" duration-ms="4998" status="PASS">
          <params>
            <param index="0">
              <value>
                <![CDATA[chrome]]>
              </value>
            </param>
          </params>
          <reporter-output>
          </reporter-output>
        </test-method> <!-- setup -->
        <test-method is-config="true" signature="before_testcase_setup()[pri:0, instance:testcases.TC001_StackPageValidation@15a34df2]" started-at="2024-11-20T11:55:15 CST" name="before_testcase_setup" finished-at="2024-11-20T11:55:18 CST" duration-ms="3520" status="PASS">
          <reporter-output>
          </reporter-output>
        </test-method> <!-- before_testcase_setup -->
        <test-method signature="verify_StackOption_Dropdown_PageValidation()[pri:2, instance:testcases.TC001_StackPageValidation@15a34df2]" started-at="2024-11-20T11:55:18 CST" name="verify_StackOption_Dropdown_PageValidation" finished-at="2024-11-20T11:55:19 CST" duration-ms="803" status="PASS">
          <reporter-output>
          </reporter-output>
        </test-method> <!-- verify_StackOption_Dropdown_PageValidation -->
        <test-method is-config="true" signature="tearDown()[pri:0, instance:testcases.TC001_StackPageValidation@15a34df2]" started-at="2024-11-20T11:55:19 CST" name="tearDown" finished-at="2024-11-20T11:55:19 CST" duration-ms="375" status="PASS">
          <reporter-output>
          </reporter-output>
        </test-method> <!-- tearDown -->
        <test-method is-config="true" signature="setup(java.lang.String)[pri:0, instance:testcases.TC001_StackPageValidation@15a34df2]" started-at="2024-11-20T11:55:19 CST" name="setup" finished-at="2024-11-20T11:55:23 CST" duration-ms="3480" status="PASS">
          <params>
            <param index="0">
              <value>
                <![CDATA[chrome]]>
              </value>
            </param>
          </params>
          <reporter-output>
          </reporter-output>
        </test-method> <!-- setup -->
        <test-method is-config="true" signature="before_testcase_setup()[pri:0, instance:testcases.TC001_StackPageValidation@15a34df2]" started-at="2024-11-20T11:55:23 CST" name="before_testcase_setup" finished-at="2024-11-20T11:55:26 CST" duration-ms="2790" status="PASS">
          <reporter-output>
          </reporter-output>
        </test-method> <!-- before_testcase_setup -->
        <test-method signature="verify_Stack_Operations_Link()[pri:3, instance:testcases.TC001_StackPageValidation@15a34df2]" started-at="2024-11-20T11:55:26 CST" name="verify_Stack_Operations_Link" finished-at="2024-11-20T11:55:27 CST" duration-ms="1138" status="PASS">
          <reporter-output>
          </reporter-output>
        </test-method> <!-- verify_Stack_Operations_Link -->
        <test-method is-config="true" signature="tearDown()[pri:0, instance:testcases.TC001_StackPageValidation@15a34df2]" started-at="2024-11-20T11:55:27 CST" name="tearDown" finished-at="2024-11-20T11:55:27 CST" duration-ms="441" status="PASS">
          <reporter-output>
          </reporter-output>
        </test-method> <!-- tearDown -->
        <test-method is-config="true" signature="setup(java.lang.String)[pri:0, instance:testcases.TC001_StackPageValidation@15a34df2]" started-at="2024-11-20T11:55:27 CST" name="setup" finished-at="2024-11-20T11:55:31 CST" duration-ms="3324" status="PASS">
          <params>
            <param index="0">
              <value>
                <![CDATA[chrome]]>
              </value>
            </param>
          </params>
          <reporter-output>
          </reporter-output>
        </test-method> <!-- setup -->
        <test-method is-config="true" signature="before_testcase_setup()[pri:0, instance:testcases.TC001_StackPageValidation@15a34df2]" started-at="2024-11-20T11:55:31 CST" name="before_testcase_setup" finished-at="2024-11-20T11:55:33 CST" duration-ms="2834" status="PASS">
          <reporter-output>
          </reporter-output>
        </test-method> <!-- before_testcase_setup -->
        <test-method signature="verify_Stack_Operations_tryherebtn_Link()[pri:4, instance:testcases.TC001_StackPageValidation@15a34df2]" started-at="2024-11-20T11:55:33 CST" name="verify_Stack_Operations_tryherebtn_Link" finished-at="2024-11-20T11:55:37 CST" duration-ms="3181" status="PASS">
          <reporter-output>
          </reporter-output>
        </test-method> <!-- verify_Stack_Operations_tryherebtn_Link -->
        <test-method is-config="true" signature="tearDown()[pri:0, instance:testcases.TC001_StackPageValidation@15a34df2]" started-at="2024-11-20T11:55:37 CST" name="tearDown" finished-at="2024-11-20T11:55:37 CST" duration-ms="635" status="PASS">
          <reporter-output>
          </reporter-output>
        </test-method> <!-- tearDown -->
        <test-method is-config="true" signature="setup(java.lang.String)[pri:0, instance:testcases.TC001_StackPageValidation@15a34df2]" started-at="2024-11-20T11:55:38 CST" name="setup" finished-at="2024-11-20T11:55:41 CST" duration-ms="3236" status="PASS">
          <params>
            <param index="0">
              <value>
                <![CDATA[chrome]]>
              </value>
            </param>
          </params>
          <reporter-output>
          </reporter-output>
        </test-method> <!-- setup -->
        <test-method is-config="true" signature="before_testcase_setup()[pri:0, instance:testcases.TC001_StackPageValidation@15a34df2]" started-at="2024-11-20T11:55:41 CST" name="before_testcase_setup" finished-at="2024-11-20T11:55:44 CST" duration-ms="2671" status="PASS">
          <reporter-output>
          </reporter-output>
        </test-method> <!-- before_testcase_setup -->
        <test-method signature="verify_Stack_Operations_pythoncode(java.lang.String,java.lang.String)[pri:5, instance:testcases.TC001_StackPageValidation@15a34df2]" started-at="2024-11-20T11:55:44 CST" name="verify_Stack_Operations_pythoncode" data-provider="Pythoncode" finished-at="2024-11-20T11:55:48 CST" duration-ms="4083" status="PASS">
          <params>
            <param index="0">
              <value>
                <![CDATA[print('Hello, world!')]]>
              </value>
            </param>
            <param index="1">
              <value>
                <![CDATA[Hello, world!]]>
              </value>
            </param>
          </params>
          <reporter-output>
          </reporter-output>
        </test-method> <!-- verify_Stack_Operations_pythoncode -->
        <test-method is-config="true" signature="tearDown()[pri:0, instance:testcases.TC001_StackPageValidation@15a34df2]" started-at="2024-11-20T11:55:48 CST" name="tearDown" finished-at="2024-11-20T11:55:48 CST" duration-ms="383" status="PASS">
          <reporter-output>
          </reporter-output>
        </test-method> <!-- tearDown -->
        <test-method is-config="true" signature="setup(java.lang.String)[pri:0, instance:testcases.TC001_StackPageValidation@15a34df2]" started-at="2024-11-20T11:55:48 CST" name="setup" finished-at="2024-11-20T11:55:52 CST" duration-ms="3405" status="PASS">
          <params>
            <param index="0">
              <value>
                <![CDATA[chrome]]>
              </value>
            </param>
          </params>
          <reporter-output>
          </reporter-output>
        </test-method> <!-- setup -->
        <test-method is-config="true" signature="before_testcase_setup()[pri:0, instance:testcases.TC001_StackPageValidation@15a34df2]" started-at="2024-11-20T11:55:52 CST" name="before_testcase_setup" finished-at="2024-11-20T11:55:54 CST" duration-ms="2490" status="PASS">
          <reporter-output>
          </reporter-output>
        </test-method> <!-- before_testcase_setup -->
        <test-method signature="verify_Stack_Operations_pythoncode(java.lang.String,java.lang.String)[pri:5, instance:testcases.TC001_StackPageValidation@15a34df2]" started-at="2024-11-20T11:55:54 CST" name="verify_Stack_Operations_pythoncode" data-provider="Pythoncode" finished-at="2024-11-20T11:55:59 CST" duration-ms="4603" status="PASS">
          <params>
            <param index="0">
              <value>
                <![CDATA[num1 = 1.5
num2 = 6.3
sum = num1 + num2
print('The sum of {0} and {1} is {2}'.format(num1, num2, sum))]]>
              </value>
            </param>
            <param index="1">
              <value>
                <![CDATA[The sum of 1.5 and 6.3 is 7.8]]>
              </value>
            </param>
          </params>
          <reporter-output>
          </reporter-output>
        </test-method> <!-- verify_Stack_Operations_pythoncode -->
        <test-method is-config="true" signature="tearDown()[pri:0, instance:testcases.TC001_StackPageValidation@15a34df2]" started-at="2024-11-20T11:55:59 CST" name="tearDown" finished-at="2024-11-20T11:55:59 CST" duration-ms="319" status="PASS">
          <reporter-output>
          </reporter-output>
        </test-method> <!-- tearDown -->
        <test-method is-config="true" signature="setup(java.lang.String)[pri:0, instance:testcases.TC001_StackPageValidation@15a34df2]" started-at="2024-11-20T11:55:59 CST" name="setup" finished-at="2024-11-20T11:56:02 CST" duration-ms="2810" status="PASS">
          <params>
            <param index="0">
              <value>
                <![CDATA[chrome]]>
              </value>
            </param>
          </params>
          <reporter-output>
          </reporter-output>
        </test-method> <!-- setup -->
        <test-method is-config="true" signature="before_testcase_setup()[pri:0, instance:testcases.TC001_StackPageValidation@15a34df2]" started-at="2024-11-20T11:56:02 CST" name="before_testcase_setup" finished-at="2024-11-20T11:56:04 CST" duration-ms="1720" status="PASS">
          <reporter-output>
          </reporter-output>
        </test-method> <!-- before_testcase_setup -->
        <test-method signature="verify_Stack_Operations_pythoncode(java.lang.String,java.lang.String)[pri:5, instance:testcases.TC001_StackPageValidation@15a34df2]" started-at="2024-11-20T11:56:04 CST" name="verify_Stack_Operations_pythoncode" data-provider="Pythoncode" finished-at="2024-11-20T11:56:05 CST" duration-ms="1564" status="PASS">
          <params>
            <param index="0">
              <value>
                <![CDATA[Hello]]>
              </value>
            </param>
            <param index="1">
              <value>
                <![CDATA[]]>
              </value>
            </param>
          </params>
          <reporter-output>
          </reporter-output>
        </test-method> <!-- verify_Stack_Operations_pythoncode -->
        <test-method is-config="true" signature="tearDown()[pri:0, instance:testcases.TC001_StackPageValidation@15a34df2]" started-at="2024-11-20T11:56:05 CST" name="tearDown" finished-at="2024-11-20T11:56:05 CST" duration-ms="309" status="PASS">
          <reporter-output>
          </reporter-output>
        </test-method> <!-- tearDown -->
        <test-method is-config="true" signature="setup(java.lang.String)[pri:0, instance:testcases.TC001_StackPageValidation@15a34df2]" started-at="2024-11-20T11:56:05 CST" name="setup" finished-at="2024-11-20T11:56:08 CST" duration-ms="2076" status="PASS">
          <params>
            <param index="0">
              <value>
                <![CDATA[chrome]]>
              </value>
            </param>
          </params>
          <reporter-output>
          </reporter-output>
        </test-method> <!-- setup -->
        <test-method is-config="true" signature="before_testcase_setup()[pri:0, instance:testcases.TC001_StackPageValidation@15a34df2]" started-at="2024-11-20T11:56:08 CST" name="before_testcase_setup" finished-at="2024-11-20T11:56:10 CST" duration-ms="1968" status="PASS">
          <reporter-output>
          </reporter-output>
        </test-method> <!-- before_testcase_setup -->
        <test-method signature="verify_Stack_Implementation_Link()[pri:6, instance:testcases.TC001_StackPageValidation@15a34df2]" started-at="2024-11-20T11:56:10 CST" name="verify_Stack_Implementation_Link" finished-at="2024-11-20T11:56:10 CST" duration-ms="649" status="PASS">
          <reporter-output>
          </reporter-output>
        </test-method> <!-- verify_Stack_Implementation_Link -->
        <test-method is-config="true" signature="tearDown()[pri:0, instance:testcases.TC001_StackPageValidation@15a34df2]" started-at="2024-11-20T11:56:10 CST" name="tearDown" finished-at="2024-11-20T11:56:10 CST" duration-ms="220" status="PASS">
          <reporter-output>
          </reporter-output>
        </test-method> <!-- tearDown -->
        <test-method is-config="true" signature="setup(java.lang.String)[pri:0, instance:testcases.TC001_StackPageValidation@15a34df2]" started-at="2024-11-20T11:56:10 CST" name="setup" finished-at="2024-11-20T11:56:12 CST" duration-ms="2004" status="PASS">
          <params>
            <param index="0">
              <value>
                <![CDATA[chrome]]>
              </value>
            </param>
          </params>
          <reporter-output>
          </reporter-output>
        </test-method> <!-- setup -->
        <test-method is-config="true" signature="before_testcase_setup()[pri:0, instance:testcases.TC001_StackPageValidation@15a34df2]" started-at="2024-11-20T11:56:12 CST" name="before_testcase_setup" finished-at="2024-11-20T11:56:14 CST" duration-ms="2037" status="PASS">
          <reporter-output>
          </reporter-output>
        </test-method> <!-- before_testcase_setup -->
        <test-method signature="verify_Stack_Implementation_tryherebtn_Link()[pri:7, instance:testcases.TC001_StackPageValidation@15a34df2]" started-at="2024-11-20T11:56:14 CST" name="verify_Stack_Implementation_tryherebtn_Link" finished-at="2024-11-20T11:56:16 CST" duration-ms="1366" status="PASS">
          <reporter-output>
          </reporter-output>
        </test-method> <!-- verify_Stack_Implementation_tryherebtn_Link -->
        <test-method is-config="true" signature="tearDown()[pri:0, instance:testcases.TC001_StackPageValidation@15a34df2]" started-at="2024-11-20T11:56:16 CST" name="tearDown" finished-at="2024-11-20T11:56:16 CST" duration-ms="259" status="PASS">
          <reporter-output>
          </reporter-output>
        </test-method> <!-- tearDown -->
        <test-method is-config="true" signature="setup(java.lang.String)[pri:0, instance:testcases.TC001_StackPageValidation@15a34df2]" started-at="2024-11-20T11:56:16 CST" name="setup" finished-at="2024-11-20T11:56:19 CST" duration-ms="2264" status="PASS">
          <params>
            <param index="0">
              <value>
                <![CDATA[chrome]]>
              </value>
            </param>
          </params>
          <reporter-output>
          </reporter-output>
        </test-method> <!-- setup -->
        <test-method is-config="true" signature="before_testcase_setup()[pri:0, instance:testcases.TC001_StackPageValidation@15a34df2]" started-at="2024-11-20T11:56:19 CST" name="before_testcase_setup" finished-at="2024-11-20T11:56:20 CST" duration-ms="1755" status="PASS">
          <reporter-output>
          </reporter-output>
        </test-method> <!-- before_testcase_setup -->
        <test-method signature="verify_Stack_Implementation_pythoncode(java.lang.String,java.lang.String)[pri:8, instance:testcases.TC001_StackPageValidation@15a34df2]" started-at="2024-11-20T11:56:20 CST" name="verify_Stack_Implementation_pythoncode" data-provider="Pythoncode" finished-at="2024-11-20T11:56:23 CST" duration-ms="2235" status="PASS">
          <params>
            <param index="0">
              <value>
                <![CDATA[print('Hello, world!')]]>
              </value>
            </param>
            <param index="1">
              <value>
                <![CDATA[Hello, world!]]>
              </value>
            </param>
          </params>
          <reporter-output>
          </reporter-output>
        </test-method> <!-- verify_Stack_Implementation_pythoncode -->
        <test-method is-config="true" signature="tearDown()[pri:0, instance:testcases.TC001_StackPageValidation@15a34df2]" started-at="2024-11-20T11:56:23 CST" name="tearDown" finished-at="2024-11-20T11:56:23 CST" duration-ms="250" status="PASS">
          <reporter-output>
          </reporter-output>
        </test-method> <!-- tearDown -->
        <test-method is-config="true" signature="setup(java.lang.String)[pri:0, instance:testcases.TC001_StackPageValidation@15a34df2]" started-at="2024-11-20T11:56:23 CST" name="setup" finished-at="2024-11-20T11:56:25 CST" duration-ms="2270" status="PASS">
          <params>
            <param index="0">
              <value>
                <![CDATA[chrome]]>
              </value>
            </param>
          </params>
          <reporter-output>
          </reporter-output>
        </test-method> <!-- setup -->
        <test-method is-config="true" signature="before_testcase_setup()[pri:0, instance:testcases.TC001_StackPageValidation@15a34df2]" started-at="2024-11-20T11:56:25 CST" name="before_testcase_setup" finished-at="2024-11-20T11:56:27 CST" duration-ms="1753" status="PASS">
          <reporter-output>
          </reporter-output>
        </test-method> <!-- before_testcase_setup -->
        <test-method signature="verify_Stack_Implementation_pythoncode(java.lang.String,java.lang.String)[pri:8, instance:testcases.TC001_StackPageValidation@15a34df2]" started-at="2024-11-20T11:56:27 CST" name="verify_Stack_Implementation_pythoncode" data-provider="Pythoncode" finished-at="2024-11-20T11:56:31 CST" duration-ms="4016" status="PASS">
          <params>
            <param index="0">
              <value>
                <![CDATA[num1 = 1.5
num2 = 6.3
sum = num1 + num2
print('The sum of {0} and {1} is {2}'.format(num1, num2, sum))]]>
              </value>
            </param>
            <param index="1">
              <value>
                <![CDATA[The sum of 1.5 and 6.3 is 7.8]]>
              </value>
            </param>
          </params>
          <reporter-output>
          </reporter-output>
        </test-method> <!-- verify_Stack_Implementation_pythoncode -->
        <test-method is-config="true" signature="tearDown()[pri:0, instance:testcases.TC001_StackPageValidation@15a34df2]" started-at="2024-11-20T11:56:31 CST" name="tearDown" finished-at="2024-11-20T11:56:31 CST" duration-ms="343" status="PASS">
          <reporter-output>
          </reporter-output>
        </test-method> <!-- tearDown -->
        <test-method is-config="true" signature="setup(java.lang.String)[pri:0, instance:testcases.TC001_StackPageValidation@15a34df2]" started-at="2024-11-20T11:56:31 CST" name="setup" finished-at="2024-11-20T11:56:33 CST" duration-ms="2245" status="PASS">
          <params>
            <param index="0">
              <value>
                <![CDATA[chrome]]>
              </value>
            </param>
          </params>
          <reporter-output>
          </reporter-output>
        </test-method> <!-- setup -->
        <test-method is-config="true" signature="before_testcase_setup()[pri:0, instance:testcases.TC001_StackPageValidation@15a34df2]" started-at="2024-11-20T11:56:33 CST" name="before_testcase_setup" finished-at="2024-11-20T11:56:35 CST" duration-ms="1803" status="PASS">
          <reporter-output>
          </reporter-output>
        </test-method> <!-- before_testcase_setup -->
        <test-method signature="verify_Stack_Implementation_pythoncode(java.lang.String,java.lang.String)[pri:8, instance:testcases.TC001_StackPageValidation@15a34df2]" started-at="2024-11-20T11:56:35 CST" name="verify_Stack_Implementation_pythoncode" data-provider="Pythoncode" finished-at="2024-11-20T11:56:37 CST" duration-ms="1520" status="PASS">
          <params>
            <param index="0">
              <value>
                <![CDATA[Hello]]>
              </value>
            </param>
            <param index="1">
              <value>
                <![CDATA[]]>
              </value>
            </param>
          </params>
          <reporter-output>
          </reporter-output>
        </test-method> <!-- verify_Stack_Implementation_pythoncode -->
        <test-method is-config="true" signature="tearDown()[pri:0, instance:testcases.TC001_StackPageValidation@15a34df2]" started-at="2024-11-20T11:56:37 CST" name="tearDown" finished-at="2024-11-20T11:56:37 CST" duration-ms="295" status="PASS">
          <reporter-output>
          </reporter-output>
        </test-method> <!-- tearDown -->
        <test-method is-config="true" signature="setup(java.lang.String)[pri:0, instance:testcases.TC001_StackPageValidation@15a34df2]" started-at="2024-11-20T11:56:37 CST" name="setup" finished-at="2024-11-20T11:56:39 CST" duration-ms="2147" status="PASS">
          <params>
            <param index="0">
              <value>
                <![CDATA[chrome]]>
              </value>
            </param>
          </params>
          <reporter-output>
          </reporter-output>
        </test-method> <!-- setup -->
        <test-method is-config="true" signature="before_testcase_setup()[pri:0, instance:testcases.TC001_StackPageValidation@15a34df2]" started-at="2024-11-20T11:56:39 CST" name="before_testcase_setup" finished-at="2024-11-20T11:56:41 CST" duration-ms="1881" status="PASS">
          <reporter-output>
          </reporter-output>
        </test-method> <!-- before_testcase_setup -->
        <test-method signature="verify_Stack_Applications_Link()[pri:9, instance:testcases.TC001_StackPageValidation@15a34df2]" started-at="2024-11-20T11:56:41 CST" name="verify_Stack_Applications_Link" finished-at="2024-11-20T11:56:42 CST" duration-ms="715" status="PASS">
          <reporter-output>
          </reporter-output>
        </test-method> <!-- verify_Stack_Applications_Link -->
        <test-method is-config="true" signature="tearDown()[pri:0, instance:testcases.TC001_StackPageValidation@15a34df2]" started-at="2024-11-20T11:56:42 CST" name="tearDown" finished-at="2024-11-20T11:56:42 CST" duration-ms="263" status="PASS">
          <reporter-output>
          </reporter-output>
        </test-method> <!-- tearDown -->
        <test-method is-config="true" signature="setup(java.lang.String)[pri:0, instance:testcases.TC001_StackPageValidation@15a34df2]" started-at="2024-11-20T11:56:42 CST" name="setup" finished-at="2024-11-20T11:56:44 CST" duration-ms="2038" status="PASS">
          <params>
            <param index="0">
              <value>
                <![CDATA[chrome]]>
              </value>
            </param>
          </params>
          <reporter-output>
          </reporter-output>
        </test-method> <!-- setup -->
        <test-method is-config="true" signature="before_testcase_setup()[pri:0, instance:testcases.TC001_StackPageValidation@15a34df2]" started-at="2024-11-20T11:56:44 CST" name="before_testcase_setup" finished-at="2024-11-20T11:56:46 CST" duration-ms="1773" status="PASS">
          <reporter-output>
          </reporter-output>
        </test-method> <!-- before_testcase_setup -->
        <test-method signature="verify_Stack_Applications_tryherebtn_Link()[pri:10, instance:testcases.TC001_StackPageValidation@15a34df2]" started-at="2024-11-20T11:56:46 CST" name="verify_Stack_Applications_tryherebtn_Link" finished-at="2024-11-20T11:56:47 CST" duration-ms="1483" status="PASS">
          <reporter-output>
          </reporter-output>
        </test-method> <!-- verify_Stack_Applications_tryherebtn_Link -->
        <test-method is-config="true" signature="tearDown()[pri:0, instance:testcases.TC001_StackPageValidation@15a34df2]" started-at="2024-11-20T11:56:47 CST" name="tearDown" finished-at="2024-11-20T11:56:48 CST" duration-ms="258" status="PASS">
          <reporter-output>
          </reporter-output>
        </test-method> <!-- tearDown -->
        <test-method is-config="true" signature="setup(java.lang.String)[pri:0, instance:testcases.TC001_StackPageValidation@15a34df2]" started-at="2024-11-20T11:56:48 CST" name="setup" finished-at="2024-11-20T11:56:52 CST" duration-ms="3798" status="PASS">
          <params>
            <param index="0">
              <value>
                <![CDATA[chrome]]>
              </value>
            </param>
          </params>
          <reporter-output>
          </reporter-output>
        </test-method> <!-- setup -->
        <test-method is-config="true" signature="before_testcase_setup()[pri:0, instance:testcases.TC001_StackPageValidation@15a34df2]" started-at="2024-11-20T11:56:52 CST" name="before_testcase_setup" finished-at="2024-11-20T11:56:53 CST" duration-ms="1640" status="PASS">
          <reporter-output>
          </reporter-output>
        </test-method> <!-- before_testcase_setup -->
        <test-method signature="verify_Stack_Applications_pythoncode(java.lang.String,java.lang.String)[pri:11, instance:testcases.TC001_StackPageValidation@15a34df2]" started-at="2024-11-20T11:56:53 CST" name="verify_Stack_Applications_pythoncode" data-provider="Pythoncode" finished-at="2024-11-20T11:56:55 CST" duration-ms="1914" status="PASS">
          <params>
            <param index="0">
              <value>
                <![CDATA[print('Hello, world!')]]>
              </value>
            </param>
            <param index="1">
              <value>
                <![CDATA[Hello, world!]]>
              </value>
            </param>
          </params>
          <reporter-output>
          </reporter-output>
        </test-method> <!-- verify_Stack_Applications_pythoncode -->
        <test-method is-config="true" signature="tearDown()[pri:0, instance:testcases.TC001_StackPageValidation@15a34df2]" started-at="2024-11-20T11:56:55 CST" name="tearDown" finished-at="2024-11-20T11:56:55 CST" duration-ms="265" status="PASS">
          <reporter-output>
          </reporter-output>
        </test-method> <!-- tearDown -->
        <test-method is-config="true" signature="setup(java.lang.String)[pri:0, instance:testcases.TC001_StackPageValidation@15a34df2]" started-at="2024-11-20T11:56:55 CST" name="setup" finished-at="2024-11-20T11:56:58 CST" duration-ms="2164" status="PASS">
          <params>
            <param index="0">
              <value>
                <![CDATA[chrome]]>
              </value>
            </param>
          </params>
          <reporter-output>
          </reporter-output>
        </test-method> <!-- setup -->
        <test-method is-config="true" signature="before_testcase_setup()[pri:0, instance:testcases.TC001_StackPageValidation@15a34df2]" started-at="2024-11-20T11:56:58 CST" name="before_testcase_setup" finished-at="2024-11-20T11:57:00 CST" duration-ms="1964" status="PASS">
          <reporter-output>
          </reporter-output>
        </test-method> <!-- before_testcase_setup -->
        <test-method signature="verify_Stack_Applications_pythoncode(java.lang.String,java.lang.String)[pri:11, instance:testcases.TC001_StackPageValidation@15a34df2]" started-at="2024-11-20T11:57:00 CST" name="verify_Stack_Applications_pythoncode" data-provider="Pythoncode" finished-at="2024-11-20T11:57:03 CST" duration-ms="3762" status="PASS">
          <params>
            <param index="0">
              <value>
                <![CDATA[num1 = 1.5
num2 = 6.3
sum = num1 + num2
print('The sum of {0} and {1} is {2}'.format(num1, num2, sum))]]>
              </value>
            </param>
            <param index="1">
              <value>
                <![CDATA[The sum of 1.5 and 6.3 is 7.8]]>
              </value>
            </param>
          </params>
          <reporter-output>
          </reporter-output>
        </test-method> <!-- verify_Stack_Applications_pythoncode -->
        <test-method is-config="true" signature="tearDown()[pri:0, instance:testcases.TC001_StackPageValidation@15a34df2]" started-at="2024-11-20T11:57:03 CST" name="tearDown" finished-at="2024-11-20T11:57:04 CST" duration-ms="290" status="PASS">
          <reporter-output>
          </reporter-output>
        </test-method> <!-- tearDown -->
        <test-method is-config="true" signature="setup(java.lang.String)[pri:0, instance:testcases.TC001_StackPageValidation@15a34df2]" started-at="2024-11-20T11:57:04 CST" name="setup" finished-at="2024-11-20T11:57:06 CST" duration-ms="2193" status="PASS">
          <params>
            <param index="0">
              <value>
                <![CDATA[chrome]]>
              </value>
            </param>
          </params>
          <reporter-output>
          </reporter-output>
        </test-method> <!-- setup -->
        <test-method is-config="true" signature="before_testcase_setup()[pri:0, instance:testcases.TC001_StackPageValidation@15a34df2]" started-at="2024-11-20T11:57:06 CST" name="before_testcase_setup" finished-at="2024-11-20T11:57:08 CST" duration-ms="1898" status="PASS">
          <reporter-output>
          </reporter-output>
        </test-method> <!-- before_testcase_setup -->
        <test-method signature="verify_Stack_Applications_pythoncode(java.lang.String,java.lang.String)[pri:11, instance:testcases.TC001_StackPageValidation@15a34df2]" started-at="2024-11-20T11:57:08 CST" name="verify_Stack_Applications_pythoncode" data-provider="Pythoncode" finished-at="2024-11-20T11:57:09 CST" duration-ms="1502" status="PASS">
          <params>
            <param index="0">
              <value>
                <![CDATA[Hello]]>
              </value>
            </param>
            <param index="1">
              <value>
                <![CDATA[]]>
              </value>
            </param>
          </params>
          <reporter-output>
          </reporter-output>
        </test-method> <!-- verify_Stack_Applications_pythoncode -->
        <test-method is-config="true" signature="tearDown()[pri:0, instance:testcases.TC001_StackPageValidation@15a34df2]" started-at="2024-11-20T11:57:09 CST" name="tearDown" finished-at="2024-11-20T11:57:10 CST" duration-ms="307" status="PASS">
          <reporter-output>
          </reporter-output>
        </test-method> <!-- tearDown -->
        <test-method is-config="true" signature="setup(java.lang.String)[pri:0, instance:testcases.TC001_StackPageValidation@15a34df2]" started-at="2024-11-20T11:57:10 CST" name="setup" finished-at="2024-11-20T11:57:12 CST" duration-ms="2218" status="PASS">
          <params>
            <param index="0">
              <value>
                <![CDATA[chrome]]>
              </value>
            </param>
          </params>
          <reporter-output>
          </reporter-output>
        </test-method> <!-- setup -->
        <test-method is-config="true" signature="before_testcase_setup()[pri:0, instance:testcases.TC001_StackPageValidation@15a34df2]" started-at="2024-11-20T11:57:12 CST" name="before_testcase_setup" finished-at="2024-11-20T11:57:14 CST" duration-ms="1835" status="PASS">
          <reporter-output>
          </reporter-output>
        </test-method> <!-- before_testcase_setup -->
        <test-method retried="true" signature="verify_practiceQuestions_Link()[pri:12, instance:testcases.TC001_StackPageValidation@15a34df2]" started-at="2024-11-20T11:57:14 CST" name="verify_practiceQuestions_Link" finished-at="2024-11-20T11:57:15 CST" duration-ms="908" status="SKIP">
          <exception class="java.lang.AssertionError">
            <message>
              <![CDATA[null]]>
            </message>
            <full-stacktrace>
              <![CDATA[java.lang.AssertionError: null
at org.testng.Assert.fail(Assert.java:111)
at org.testng.Assert.fail(Assert.java:116)
at testcases.TC001_StackPageValidation.verify_practiceQuestions_Link(TC001_StackPageValidation.java:240)
at java.base/jdk.internal.reflect.NativeMethodAccessorImpl.invoke0(Native Method)
at java.base/jdk.internal.reflect.NativeMethodAccessorImpl.invoke(NativeMethodAccessorImpl.java:77)
at java.base/jdk.internal.reflect.DelegatingMethodAccessorImpl.invoke(DelegatingMethodAccessorImpl.java:43)
at java.base/java.lang.reflect.Method.invoke(Method.java:568)
at org.testng.internal.invokers.MethodInvocationHelper.invokeMethod(MethodInvocationHelper.java:141)
at org.testng.internal.invokers.TestInvoker.invokeMethod(TestInvoker.java:686)
at org.testng.internal.invokers.TestInvoker.invokeTestMethod(TestInvoker.java:230)
at org.testng.internal.invokers.MethodRunner.runInSequence(MethodRunner.java:63)
at org.testng.internal.invokers.TestInvoker$MethodInvocationAgent.invoke(TestInvoker.java:992)
at org.testng.internal.invokers.TestInvoker.invokeTestMethods(TestInvoker.java:203)
at org.testng.internal.invokers.TestMethodWorker.invokeTestMethods(TestMethodWorker.java:154)
at org.testng.internal.invokers.TestMethodWorker.run(TestMethodWorker.java:134)
at java.base/java.util.concurrent.Executors$RunnableAdapter.call(Executors.java:539)
at java.base/java.util.concurrent.FutureTask.run(FutureTask.java:264)
at org.testng.internal.thread.graph.TestNGFutureTask.run(TestNGFutureTask.java:22)
at java.base/java.util.concurrent.ThreadPoolExecutor.runWorker(ThreadPoolExecutor.java:1136)
at java.base/java.util.concurrent.ThreadPoolExecutor$Worker.run(ThreadPoolExecutor.java:635)
at java.base/java.lang.Thread.run(Thread.java:842)
]]>
            </full-stacktrace>
          </exception> <!-- java.lang.AssertionError -->
          <reporter-output>
          </reporter-output>
        </test-method> <!-- verify_practiceQuestions_Link -->
        <test-method is-config="true" signature="tearDown()[pri:0, instance:testcases.TC001_StackPageValidation@15a34df2]" started-at="2024-11-20T11:57:15 CST" name="tearDown" finished-at="2024-11-20T11:57:15 CST" duration-ms="282" status="PASS">
          <reporter-output>
          </reporter-output>
        </test-method> <!-- tearDown -->
        <test-method is-config="true" signature="setup(java.lang.String)[pri:0, instance:testcases.TC001_StackPageValidation@15a34df2]" started-at="2024-11-20T11:57:15 CST" name="setup" finished-at="2024-11-20T11:57:17 CST" duration-ms="2060" status="PASS">
          <params>
            <param index="0">
              <value>
                <![CDATA[chrome]]>
              </value>
            </param>
          </params>
          <reporter-output>
          </reporter-output>
        </test-method> <!-- setup -->
        <test-method is-config="true" signature="before_testcase_setup()[pri:0, instance:testcases.TC001_StackPageValidation@15a34df2]" started-at="2024-11-20T11:57:17 CST" name="before_testcase_setup" finished-at="2024-11-20T11:57:19 CST" duration-ms="1842" status="PASS">
          <reporter-output>
          </reporter-output>
        </test-method> <!-- before_testcase_setup -->
        <test-method retried="true" signature="verify_practiceQuestions_Link()[pri:12, instance:testcases.TC001_StackPageValidation@15a34df2]" started-at="2024-11-20T11:57:19 CST" name="verify_practiceQuestions_Link" finished-at="2024-11-20T11:57:20 CST" duration-ms="869" status="SKIP">
          <exception class="java.lang.AssertionError">
            <message>
              <![CDATA[null]]>
            </message>
            <full-stacktrace>
              <![CDATA[java.lang.AssertionError: null
at org.testng.Assert.fail(Assert.java:111)
at org.testng.Assert.fail(Assert.java:116)
at testcases.TC001_StackPageValidation.verify_practiceQuestions_Link(TC001_StackPageValidation.java:240)
at java.base/jdk.internal.reflect.NativeMethodAccessorImpl.invoke0(Native Method)
at java.base/jdk.internal.reflect.NativeMethodAccessorImpl.invoke(NativeMethodAccessorImpl.java:77)
at java.base/jdk.internal.reflect.DelegatingMethodAccessorImpl.invoke(DelegatingMethodAccessorImpl.java:43)
at java.base/java.lang.reflect.Method.invoke(Method.java:568)
at org.testng.internal.invokers.MethodInvocationHelper.invokeMethod(MethodInvocationHelper.java:141)
at org.testng.internal.invokers.TestInvoker.invokeMethod(TestInvoker.java:686)
at org.testng.internal.invokers.TestInvoker.retryFailed(TestInvoker.java:269)
at org.testng.internal.invokers.MethodRunner.runInSequence(MethodRunner.java:76)
at org.testng.internal.invokers.TestInvoker$MethodInvocationAgent.invoke(TestInvoker.java:992)
at org.testng.internal.invokers.TestInvoker.invokeTestMethods(TestInvoker.java:203)
at org.testng.internal.invokers.TestMethodWorker.invokeTestMethods(TestMethodWorker.java:154)
at org.testng.internal.invokers.TestMethodWorker.run(TestMethodWorker.java:134)
at java.base/java.util.concurrent.Executors$RunnableAdapter.call(Executors.java:539)
at java.base/java.util.concurrent.FutureTask.run(FutureTask.java:264)
at org.testng.internal.thread.graph.TestNGFutureTask.run(TestNGFutureTask.java:22)
at java.base/java.util.concurrent.ThreadPoolExecutor.runWorker(ThreadPoolExecutor.java:1136)
at java.base/java.util.concurrent.ThreadPoolExecutor$Worker.run(ThreadPoolExecutor.java:635)
at java.base/java.lang.Thread.run(Thread.java:842)
]]>
            </full-stacktrace>
          </exception> <!-- java.lang.AssertionError -->
          <reporter-output>
          </reporter-output>
        </test-method> <!-- verify_practiceQuestions_Link -->
        <test-method is-config="true" signature="tearDown()[pri:0, instance:testcases.TC001_StackPageValidation@15a34df2]" started-at="2024-11-20T11:57:20 CST" name="tearDown" finished-at="2024-11-20T11:57:20 CST" duration-ms="276" status="PASS">
          <reporter-output>
          </reporter-output>
        </test-method> <!-- tearDown -->
        <test-method is-config="true" signature="setup(java.lang.String)[pri:0, instance:testcases.TC001_StackPageValidation@15a34df2]" started-at="2024-11-20T11:57:20 CST" name="setup" finished-at="2024-11-20T11:57:22 CST" duration-ms="2297" status="PASS">
          <params>
            <param index="0">
              <value>
                <![CDATA[chrome]]>
              </value>
            </param>
          </params>
          <reporter-output>
          </reporter-output>
        </test-method> <!-- setup -->
        <test-method is-config="true" signature="before_testcase_setup()[pri:0, instance:testcases.TC001_StackPageValidation@15a34df2]" started-at="2024-11-20T11:57:22 CST" name="before_testcase_setup" finished-at="2024-11-20T11:57:24 CST" duration-ms="1897" status="PASS">
          <reporter-output>
          </reporter-output>
        </test-method> <!-- before_testcase_setup -->
        <test-method retried="true" signature="verify_practiceQuestions_Link()[pri:12, instance:testcases.TC001_StackPageValidation@15a34df2]" started-at="2024-11-20T11:57:24 CST" name="verify_practiceQuestions_Link" finished-at="2024-11-20T11:57:25 CST" duration-ms="881" status="SKIP">
          <exception class="java.lang.AssertionError">
            <message>
              <![CDATA[null]]>
            </message>
            <full-stacktrace>
              <![CDATA[java.lang.AssertionError: null
at org.testng.Assert.fail(Assert.java:111)
at org.testng.Assert.fail(Assert.java:116)
at testcases.TC001_StackPageValidation.verify_practiceQuestions_Link(TC001_StackPageValidation.java:240)
at java.base/jdk.internal.reflect.NativeMethodAccessorImpl.invoke0(Native Method)
at java.base/jdk.internal.reflect.NativeMethodAccessorImpl.invoke(NativeMethodAccessorImpl.java:77)
at java.base/jdk.internal.reflect.DelegatingMethodAccessorImpl.invoke(DelegatingMethodAccessorImpl.java:43)
at java.base/java.lang.reflect.Method.invoke(Method.java:568)
at org.testng.internal.invokers.MethodInvocationHelper.invokeMethod(MethodInvocationHelper.java:141)
at org.testng.internal.invokers.TestInvoker.invokeMethod(TestInvoker.java:686)
at org.testng.internal.invokers.TestInvoker.retryFailed(TestInvoker.java:269)
at org.testng.internal.invokers.MethodRunner.runInSequence(MethodRunner.java:76)
at org.testng.internal.invokers.TestInvoker$MethodInvocationAgent.invoke(TestInvoker.java:992)
at org.testng.internal.invokers.TestInvoker.invokeTestMethods(TestInvoker.java:203)
at org.testng.internal.invokers.TestMethodWorker.invokeTestMethods(TestMethodWorker.java:154)
at org.testng.internal.invokers.TestMethodWorker.run(TestMethodWorker.java:134)
at java.base/java.util.concurrent.Executors$RunnableAdapter.call(Executors.java:539)
at java.base/java.util.concurrent.FutureTask.run(FutureTask.java:264)
at org.testng.internal.thread.graph.TestNGFutureTask.run(TestNGFutureTask.java:22)
at java.base/java.util.concurrent.ThreadPoolExecutor.runWorker(ThreadPoolExecutor.java:1136)
at java.base/java.util.concurrent.ThreadPoolExecutor$Worker.run(ThreadPoolExecutor.java:635)
at java.base/java.lang.Thread.run(Thread.java:842)
]]>
            </full-stacktrace>
          </exception> <!-- java.lang.AssertionError -->
          <reporter-output>
          </reporter-output>
        </test-method> <!-- verify_practiceQuestions_Link -->
        <test-method is-config="true" signature="tearDown()[pri:0, instance:testcases.TC001_StackPageValidation@15a34df2]" started-at="2024-11-20T11:57:25 CST" name="tearDown" finished-at="2024-11-20T11:57:25 CST" duration-ms="281" status="PASS">
          <reporter-output>
          </reporter-output>
        </test-method> <!-- tearDown -->
        <test-method is-config="true" signature="setup(java.lang.String)[pri:0, instance:testcases.TC001_StackPageValidation@15a34df2]" started-at="2024-11-20T11:57:25 CST" name="setup" finished-at="2024-11-20T11:57:27 CST" duration-ms="2040" status="PASS">
          <params>
            <param index="0">
              <value>
                <![CDATA[chrome]]>
              </value>
            </param>
          </params>
          <reporter-output>
          </reporter-output>
        </test-method> <!-- setup -->
        <test-method is-config="true" signature="before_testcase_setup()[pri:0, instance:testcases.TC001_StackPageValidation@15a34df2]" started-at="2024-11-20T11:57:27 CST" name="before_testcase_setup" finished-at="2024-11-20T11:57:29 CST" duration-ms="1974" status="PASS">
          <reporter-output>
          </reporter-output>
        </test-method> <!-- before_testcase_setup -->
        <test-method signature="verify_practiceQuestions_Link()[pri:12, instance:testcases.TC001_StackPageValidation@15a34df2]" started-at="2024-11-20T11:57:29 CST" name="verify_practiceQuestions_Link" finished-at="2024-11-20T11:57:30 CST" duration-ms="878" status="FAIL">
          <exception class="java.lang.AssertionError">
            <message>
              <![CDATA[null]]>
            </message>
            <full-stacktrace>
              <![CDATA[java.lang.AssertionError: null
at org.testng.Assert.fail(Assert.java:111)
at org.testng.Assert.fail(Assert.java:116)
at testcases.TC001_StackPageValidation.verify_practiceQuestions_Link(TC001_StackPageValidation.java:240)
at java.base/jdk.internal.reflect.NativeMethodAccessorImpl.invoke0(Native Method)
at java.base/jdk.internal.reflect.NativeMethodAccessorImpl.invoke(NativeMethodAccessorImpl.java:77)
at java.base/jdk.internal.reflect.DelegatingMethodAccessorImpl.invoke(DelegatingMethodAccessorImpl.java:43)
at java.base/java.lang.reflect.Method.invoke(Method.java:568)
at org.testng.internal.invokers.MethodInvocationHelper.invokeMethod(MethodInvocationHelper.java:141)
at org.testng.internal.invokers.TestInvoker.invokeMethod(TestInvoker.java:686)
at org.testng.internal.invokers.TestInvoker.retryFailed(TestInvoker.java:269)
at org.testng.internal.invokers.MethodRunner.runInSequence(MethodRunner.java:76)
at org.testng.internal.invokers.TestInvoker$MethodInvocationAgent.invoke(TestInvoker.java:992)
at org.testng.internal.invokers.TestInvoker.invokeTestMethods(TestInvoker.java:203)
at org.testng.internal.invokers.TestMethodWorker.invokeTestMethods(TestMethodWorker.java:154)
at org.testng.internal.invokers.TestMethodWorker.run(TestMethodWorker.java:134)
at java.base/java.util.concurrent.Executors$RunnableAdapter.call(Executors.java:539)
at java.base/java.util.concurrent.FutureTask.run(FutureTask.java:264)
at org.testng.internal.thread.graph.TestNGFutureTask.run(TestNGFutureTask.java:22)
at java.base/java.util.concurrent.ThreadPoolExecutor.runWorker(ThreadPoolExecutor.java:1136)
at java.base/java.util.concurrent.ThreadPoolExecutor$Worker.run(ThreadPoolExecutor.java:635)
at java.base/java.lang.Thread.run(Thread.java:842)
]]>
            </full-stacktrace>
          </exception> <!-- java.lang.AssertionError -->
          <reporter-output>
          </reporter-output>
        </test-method> <!-- verify_practiceQuestions_Link -->
        <test-method is-config="true" signature="tearDown()[pri:0, instance:testcases.TC001_StackPageValidation@15a34df2]" started-at="2024-11-20T11:57:30 CST" name="tearDown" finished-at="2024-11-20T11:57:31 CST" duration-ms="250" status="PASS">
          <reporter-output>
          </reporter-output>
        </test-method> <!-- tearDown -->
        <test-method is-config="true" signature="after_test()[pri:0, instance:testcases.TC001_StackPageValidation@15a34df2]" started-at="2024-11-20T11:57:31 CST" name="after_test" finished-at="2024-11-20T11:57:31 CST" duration-ms="1" status="PASS">
          <reporter-output>
          </reporter-output>
        </test-method> <!-- after_test -->
      </class> <!-- testcases.TC001_StackPageValidation -->
      <class name="testcases.TC002_GetStartedPageValidation">
        <test-method is-config="true" signature="setup(java.lang.String)[pri:0, instance:testcases.TC002_GetStartedPageValidation@7b4c50bc]" started-at="2024-11-20T11:54:57 CST" name="setup" finished-at="2024-11-20T11:55:05 CST" duration-ms="7124" status="PASS">
          <params>
            <param index="0">
              <value>
                <![CDATA[chrome]]>
              </value>
            </param>
          </params>
          <reporter-output>
          </reporter-output>
        </test-method> <!-- setup -->
        <test-method is-config="true" signature="before_testcase_setup()[pri:0, instance:testcases.TC002_GetStartedPageValidation@7b4c50bc]" started-at="2024-11-20T11:55:05 CST" name="before_testcase_setup" finished-at="2024-11-20T11:55:05 CST" duration-ms="64" status="PASS">
          <reporter-output>
          </reporter-output>
        </test-method> <!-- before_testcase_setup -->
        <test-method signature="verify_Getstarted_PageValidation()[pri:1, instance:testcases.TC002_GetStartedPageValidation@7b4c50bc]" started-at="2024-11-20T11:55:05 CST" name="verify_Getstarted_PageValidation" finished-at="2024-11-20T11:55:05 CST" duration-ms="194" status="PASS">
          <reporter-output>
          </reporter-output>
        </test-method> <!-- verify_Getstarted_PageValidation -->
        <test-method is-config="true" signature="tearDown()[pri:0, instance:testcases.TC002_GetStartedPageValidation@7b4c50bc]" started-at="2024-11-20T11:55:05 CST" name="tearDown" finished-at="2024-11-20T11:55:09 CST" duration-ms="4169" status="PASS">
          <reporter-output>
          </reporter-output>
        </test-method> <!-- tearDown -->
        <test-method is-config="true" signature="setup(java.lang.String)[pri:0, instance:testcases.TC002_GetStartedPageValidation@7b4c50bc]" started-at="2024-11-20T11:55:09 CST" name="setup" finished-at="2024-11-20T11:55:14 CST" duration-ms="4561" status="PASS">
          <params>
            <param index="0">
              <value>
                <![CDATA[chrome]]>
              </value>
            </param>
          </params>
          <reporter-output>
          </reporter-output>
        </test-method> <!-- setup -->
        <test-method is-config="true" signature="before_testcase_setup()[pri:0, instance:testcases.TC002_GetStartedPageValidation@7b4c50bc]" started-at="2024-11-20T11:55:14 CST" name="before_testcase_setup" finished-at="2024-11-20T11:55:14 CST" duration-ms="2" status="PASS">
          <reporter-output>
          </reporter-output>
        </test-method> <!-- before_testcase_setup -->
        <test-method signature="verify_Getstarted_button()[pri:2, instance:testcases.TC002_GetStartedPageValidation@7b4c50bc]" started-at="2024-11-20T11:55:14 CST" name="verify_Getstarted_button" finished-at="2024-11-20T11:55:15 CST" duration-ms="1670" status="PASS">
          <reporter-output>
          </reporter-output>
        </test-method> <!-- verify_Getstarted_button -->
        <test-method is-config="true" signature="tearDown()[pri:0, instance:testcases.TC002_GetStartedPageValidation@7b4c50bc]" started-at="2024-11-20T11:55:15 CST" name="tearDown" finished-at="2024-11-20T11:55:17 CST" duration-ms="1955" status="PASS">
          <reporter-output>
          </reporter-output>
        </test-method> <!-- tearDown -->
      </class> <!-- testcases.TC002_GetStartedPageValidation -->
      <class name="testcases.TC003_DataStructureIntroPageValidation">
        <test-method is-config="true" signature="setup(java.lang.String)[pri:0, instance:testcases.TC003_DataStructureIntroPageValidation@50378a4]" started-at="2024-11-20T11:54:57 CST" name="setup" finished-at="2024-11-20T11:55:04 CST" duration-ms="6866" status="PASS">
          <params>
            <param index="0">
              <value>
                <![CDATA[chrome]]>
              </value>
            </param>
          </params>
          <reporter-output>
          </reporter-output>
        </test-method> <!-- setup -->
        <test-method is-config="true" signature="before_testcase_setup()[pri:0, instance:testcases.TC003_DataStructureIntroPageValidation@50378a4]" started-at="2024-11-20T11:55:05 CST" name="before_testcase_setup" finished-at="2024-11-20T11:55:08 CST" duration-ms="3403" status="PASS">
          <reporter-output>
          </reporter-output>
        </test-method> <!-- before_testcase_setup -->
        <test-method signature="verify_DataStructure__PageValidation()[pri:1, instance:testcases.TC003_DataStructureIntroPageValidation@50378a4]" started-at="2024-11-20T11:55:08 CST" name="verify_DataStructure__PageValidation" finished-at="2024-11-20T11:55:09 CST" duration-ms="638" status="PASS">
          <reporter-output>
          </reporter-output>
        </test-method> <!-- verify_DataStructure__PageValidation -->
        <test-method is-config="true" signature="tearDown()[pri:0, instance:testcases.TC003_DataStructureIntroPageValidation@50378a4]" started-at="2024-11-20T11:55:09 CST" name="tearDown" finished-at="2024-11-20T11:55:10 CST" duration-ms="871" status="PASS">
          <reporter-output>
          </reporter-output>
        </test-method> <!-- tearDown -->
        <test-method is-config="true" signature="setup(java.lang.String)[pri:0, instance:testcases.TC003_DataStructureIntroPageValidation@50378a4]" started-at="2024-11-20T11:55:10 CST" name="setup" finished-at="2024-11-20T11:55:15 CST" duration-ms="5695" status="PASS">
          <params>
            <param index="0">
              <value>
                <![CDATA[chrome]]>
              </value>
            </param>
          </params>
          <reporter-output>
          </reporter-output>
        </test-method> <!-- setup -->
        <test-method is-config="true" signature="before_testcase_setup()[pri:0, instance:testcases.TC003_DataStructureIntroPageValidation@50378a4]" started-at="2024-11-20T11:55:15 CST" name="before_testcase_setup" finished-at="2024-11-20T11:55:18 CST" duration-ms="3001" status="PASS">
          <reporter-output>
          </reporter-output>
        </test-method> <!-- before_testcase_setup -->
        <test-method signature="verify_DataStructure_TimeComplexity_Link()[pri:2, instance:testcases.TC003_DataStructureIntroPageValidation@50378a4]" started-at="2024-11-20T11:55:18 CST" name="verify_DataStructure_TimeComplexity_Link" finished-at="2024-11-20T11:55:19 CST" duration-ms="1000" status="PASS">
          <reporter-output>
          </reporter-output>
        </test-method> <!-- verify_DataStructure_TimeComplexity_Link -->
        <test-method is-config="true" signature="tearDown()[pri:0, instance:testcases.TC003_DataStructureIntroPageValidation@50378a4]" started-at="2024-11-20T11:55:19 CST" name="tearDown" finished-at="2024-11-20T11:55:20 CST" duration-ms="440" status="PASS">
          <reporter-output>
          </reporter-output>
        </test-method> <!-- tearDown -->
        <test-method is-config="true" signature="setup(java.lang.String)[pri:0, instance:testcases.TC003_DataStructureIntroPageValidation@50378a4]" started-at="2024-11-20T11:55:20 CST" name="setup" finished-at="2024-11-20T11:55:24 CST" duration-ms="3855" status="PASS">
          <params>
            <param index="0">
              <value>
                <![CDATA[chrome]]>
              </value>
            </param>
          </params>
          <reporter-output>
          </reporter-output>
        </test-method> <!-- setup -->
        <test-method is-config="true" signature="before_testcase_setup()[pri:0, instance:testcases.TC003_DataStructureIntroPageValidation@50378a4]" started-at="2024-11-20T11:55:24 CST" name="before_testcase_setup" finished-at="2024-11-20T11:55:26 CST" duration-ms="2878" status="PASS">
          <reporter-output>
          </reporter-output>
        </test-method> <!-- before_testcase_setup -->
        <test-method signature="verify_DataStructure_TimeComplexity_tryherebtn_Link()[pri:4, instance:testcases.TC003_DataStructureIntroPageValidation@50378a4]" started-at="2024-11-20T11:55:26 CST" name="verify_DataStructure_TimeComplexity_tryherebtn_Link" finished-at="2024-11-20T11:55:29 CST" duration-ms="2241" status="PASS">
          <reporter-output>
          </reporter-output>
        </test-method> <!-- verify_DataStructure_TimeComplexity_tryherebtn_Link -->
        <test-method is-config="true" signature="tearDown()[pri:0, instance:testcases.TC003_DataStructureIntroPageValidation@50378a4]" started-at="2024-11-20T11:55:29 CST" name="tearDown" finished-at="2024-11-20T11:55:29 CST" duration-ms="341" status="PASS">
          <reporter-output>
          </reporter-output>
        </test-method> <!-- tearDown -->
        <test-method is-config="true" signature="setup(java.lang.String)[pri:0, instance:testcases.TC003_DataStructureIntroPageValidation@50378a4]" started-at="2024-11-20T11:55:32 CST" name="setup" finished-at="2024-11-20T11:55:36 CST" duration-ms="3939" status="PASS">
          <params>
            <param index="0">
              <value>
                <![CDATA[chrome]]>
              </value>
            </param>
          </params>
          <reporter-output>
          </reporter-output>
        </test-method> <!-- setup -->
        <test-method is-config="true" signature="before_testcase_setup()[pri:0, instance:testcases.TC003_DataStructureIntroPageValidation@50378a4]" started-at="2024-11-20T11:55:36 CST" name="before_testcase_setup" finished-at="2024-11-20T11:55:39 CST" duration-ms="2927" status="PASS">
          <reporter-output>
          </reporter-output>
        </test-method> <!-- before_testcase_setup -->
        <test-method signature="verify_DataStructure_TimeComplexity_pythoncode(java.lang.String,java.lang.String)[pri:5, instance:testcases.TC003_DataStructureIntroPageValidation@50378a4]" started-at="2024-11-20T11:55:39 CST" name="verify_DataStructure_TimeComplexity_pythoncode" data-provider="Pythoncode" finished-at="2024-11-20T11:55:42 CST" duration-ms="3012" status="PASS">
          <params>
            <param index="0">
              <value>
                <![CDATA[print('Hello, world!')]]>
              </value>
            </param>
            <param index="1">
              <value>
                <![CDATA[Hello, world!]]>
              </value>
            </param>
          </params>
          <reporter-output>
          </reporter-output>
        </test-method> <!-- verify_DataStructure_TimeComplexity_pythoncode -->
        <test-method is-config="true" signature="tearDown()[pri:0, instance:testcases.TC003_DataStructureIntroPageValidation@50378a4]" started-at="2024-11-20T11:55:42 CST" name="tearDown" finished-at="2024-11-20T11:55:42 CST" duration-ms="493" status="PASS">
          <reporter-output>
          </reporter-output>
        </test-method> <!-- tearDown -->
        <test-method is-config="true" signature="setup(java.lang.String)[pri:0, instance:testcases.TC003_DataStructureIntroPageValidation@50378a4]" started-at="2024-11-20T11:55:42 CST" name="setup" finished-at="2024-11-20T11:55:46 CST" duration-ms="3409" status="PASS">
          <params>
            <param index="0">
              <value>
                <![CDATA[chrome]]>
              </value>
            </param>
          </params>
          <reporter-output>
          </reporter-output>
        </test-method> <!-- setup -->
        <test-method is-config="true" signature="before_testcase_setup()[pri:0, instance:testcases.TC003_DataStructureIntroPageValidation@50378a4]" started-at="2024-11-20T11:55:46 CST" name="before_testcase_setup" finished-at="2024-11-20T11:55:48 CST" duration-ms="2355" status="PASS">
          <reporter-output>
          </reporter-output>
        </test-method> <!-- before_testcase_setup -->
        <test-method signature="verify_DataStructure_TimeComplexity_pythoncode(java.lang.String,java.lang.String)[pri:5, instance:testcases.TC003_DataStructureIntroPageValidation@50378a4]" started-at="2024-11-20T11:55:48 CST" name="verify_DataStructure_TimeComplexity_pythoncode" data-provider="Pythoncode" finished-at="2024-11-20T11:55:52 CST" duration-ms="3662" status="PASS">
          <params>
            <param index="0">
              <value>
                <![CDATA[num1 = 1.5
num2 = 6.3
sum = num1 + num2
print('The sum of {0} and {1} is {2}'.format(num1, num2, sum))]]>
              </value>
            </param>
            <param index="1">
              <value>
                <![CDATA[The sum of 1.5 and 6.3 is 7.8]]>
              </value>
            </param>
          </params>
          <reporter-output>
          </reporter-output>
        </test-method> <!-- verify_DataStructure_TimeComplexity_pythoncode -->
        <test-method is-config="true" signature="tearDown()[pri:0, instance:testcases.TC003_DataStructureIntroPageValidation@50378a4]" started-at="2024-11-20T11:55:52 CST" name="tearDown" finished-at="2024-11-20T11:55:52 CST" duration-ms="479" status="PASS">
          <reporter-output>
          </reporter-output>
        </test-method> <!-- tearDown -->
        <test-method is-config="true" signature="setup(java.lang.String)[pri:0, instance:testcases.TC003_DataStructureIntroPageValidation@50378a4]" started-at="2024-11-20T11:55:52 CST" name="setup" finished-at="2024-11-20T11:55:56 CST" duration-ms="3318" status="PASS">
          <params>
            <param index="0">
              <value>
                <![CDATA[chrome]]>
              </value>
            </param>
          </params>
          <reporter-output>
          </reporter-output>
        </test-method> <!-- setup -->
        <test-method is-config="true" signature="before_testcase_setup()[pri:0, instance:testcases.TC003_DataStructureIntroPageValidation@50378a4]" started-at="2024-11-20T11:55:56 CST" name="before_testcase_setup" finished-at="2024-11-20T11:55:58 CST" duration-ms="2414" status="PASS">
          <reporter-output>
          </reporter-output>
        </test-method> <!-- before_testcase_setup -->
        <test-method signature="verify_DataStructure_TimeComplexity_pythoncode(java.lang.String,java.lang.String)[pri:5, instance:testcases.TC003_DataStructureIntroPageValidation@50378a4]" started-at="2024-11-20T11:55:58 CST" name="verify_DataStructure_TimeComplexity_pythoncode" data-provider="Pythoncode" finished-at="2024-11-20T11:56:00 CST" duration-ms="1821" status="PASS">
          <params>
            <param index="0">
              <value>
                <![CDATA[Hello]]>
              </value>
            </param>
            <param index="1">
              <value>
                <![CDATA[]]>
              </value>
            </param>
          </params>
          <reporter-output>
          </reporter-output>
        </test-method> <!-- verify_DataStructure_TimeComplexity_pythoncode -->
        <test-method is-config="true" signature="tearDown()[pri:0, instance:testcases.TC003_DataStructureIntroPageValidation@50378a4]" started-at="2024-11-20T11:56:00 CST" name="tearDown" finished-at="2024-11-20T11:56:00 CST" duration-ms="344" status="PASS">
          <reporter-output>
          </reporter-output>
        </test-method> <!-- tearDown -->
      </class> <!-- testcases.TC003_DataStructureIntroPageValidation -->
    </test> <!-- DSAlgo Testing -->
  </suite> <!-- DSAlgo Testng -->
</testng-results>
