<!DOCTYPE html PUBLIC "-//W3C//DTD XHTML 1.1//EN" "https://www.w3.org/TR/xhtml11/DTD/xhtml11.dtd">
<html xmlns="https://www.w3.org/1999/xhtml">
<head>
<meta http-equiv="content-type" content="text/html; charset=UTF-8"/>
<title>TestNG Report</title>
<style type="text/css">table {margin-bottom:10px;border-collapse:collapse;empty-cells:show}th,td {border:1px solid #009;padding:.25em .5em}th {vertical-align:bottom}td {vertical-align:top}table a {font-weight:bold}.stripe td {background-color: #E6EBF9}.num {text-align:right}.passedodd td {background-color: #3F3}.passedeven td {background-color: #0A0}.skippedodd td {background-color: #DDD}.skippedeven td {background-color: #CCC}.failedodd td,.attn {background-color: #F33}.failedeven td,.stripe .attn {background-color: #D00}.stacktrace {white-space:pre;font-family:monospace}.totop {font-size:85%;text-align:center;border-bottom:2px solid #000}.invisible {display:none}</style>
</head>
<body>
<table>
<tr><th>Test</th><th># Passed</th><th># Skipped</th><th># Retried</th><th># Failed</th><th>Time (ms)</th><th>Included Groups</th><th>Excluded Groups</th></tr>
<tr><th colspan="8">DSAlgo Testng</th></tr>
<tr><td><a href="#t0">DSAlgo Testing</a></td><td class="num">19</td><td class="num">0</td><td class="num attn">3</td><td class="num attn">1</td><td class="num">119,382</td><td></td><td></td></tr>
</table>
<table id='summary'><thead><tr><th>Class</th><th>Method</th><th>Start</th><th>Time (ms)</th></tr></thead><tbody><tr><th colspan="4">DSAlgo Testng</th></tr></tbody><tbody id="t0"><tr><th colspan="4">DSAlgo Testing &#8212; failed</th></tr><tr class="failedeven"><td rowspan="1">testcases.TC001_StackPageValidation</td><td><a href="#m0">verify_practiceQuestions_Link</a></td><td rowspan="1">1732205324693</td><td rowspan="1">814</td></tr><tr><th colspan="4">DSAlgo Testing &#8212; retried</th></tr><tr class="retriedeven"><td rowspan="3">testcases.TC001_StackPageValidation</td><td><a href="#m1">verify_practiceQuestions_Link</a></td><td rowspan="3">1732205319944</td><td rowspan="3">819</td></tr><tr class="retriedeven"><td><a href="#m2">verify_practiceQuestions_Link</a></td></tr><tr class="retriedeven"><td><a href="#m3">verify_practiceQuestions_Link</a></td></tr><tr><th colspan="4">DSAlgo Testing &#8212; passed</th></tr><tr class="passedeven"><td rowspan="17">testcases.TC001_StackPageValidation</td><td><a href="#m4">verify_StackOption_Dropdown_PageValidation</a></td><td rowspan="1">1732205217579</td><td rowspan="1">424</td></tr><tr class="passedeven"><td><a href="#m5">verify_Stack_Applications_Link</a></td><td rowspan="1">1732205279811</td><td rowspan="1">598</td></tr><tr class="passedeven"><td><a href="#m6">verify_Stack_Applications_pythoncode</a></td><td rowspan="3">1732205295789</td><td rowspan="3">3082</td></tr><tr class="passedeven"><td><a href="#m7">verify_Stack_Applications_pythoncode</a></td></tr><tr class="passedeven"><td><a href="#m8">verify_Stack_Applications_pythoncode</a></td></tr><tr class="passedeven"><td><a href="#m9">verify_Stack_Applications_tryherebtn_Link</a></td><td rowspan="1">1732205284451</td><td rowspan="1">1221</td></tr><tr class="passedeven"><td><a href="#m10">verify_Stack_Getstartedbtn_PageValidation</a></td><td rowspan="1">1732205211487</td><td rowspan="1">1027</td></tr><tr class="passedeven"><td><a href="#m11">verify_Stack_Implementation_Link</a></td><td rowspan="1">1732205251476</td><td rowspan="1">616</td></tr><tr class="passedeven"><td><a href="#m12">verify_Stack_Implementation_pythoncode</a></td><td rowspan="3">1732205267587</td><td rowspan="3">3177</td></tr><tr class="passedeven"><td><a href="#m13">verify_Stack_Implementation_pythoncode</a></td></tr><tr class="passedeven"><td><a href="#m14">verify_Stack_Implementation_pythoncode</a></td></tr><tr class="passedeven"><td><a href="#m15">verify_Stack_Implementation_tryherebtn_Link</a></td><td rowspan="1">1732205255880</td><td rowspan="1">1510</td></tr><tr class="passedeven"><td><a href="#m16">verify_Stack_Operations_Link</a></td><td rowspan="1">1732205221865</td><td rowspan="1">681</td></tr><tr class="passedeven"><td><a href="#m17">verify_Stack_Operations_pythoncode</a></td><td rowspan="3">1732205238595</td><td rowspan="3">3321</td></tr><tr class="passedeven"><td><a href="#m18">verify_Stack_Operations_pythoncode</a></td></tr><tr class="passedeven"><td><a href="#m19">verify_Stack_Operations_pythoncode</a></td></tr><tr class="passedeven"><td><a href="#m20">verify_Stack_Operations_tryherebtn_Link</a></td><td rowspan="1">1732205226448</td><td rowspan="1">1497</td></tr><tr class="passedodd"><td rowspan="2">testcases.TC002_GetStartedPageValidation</td><td><a href="#m21">verify_Getstarted_PageValidation</a></td><td rowspan="1">1732205209879</td><td rowspan="1">79</td></tr><tr class="passedodd"><td><a href="#m22">verify_Getstarted_button</a></td><td rowspan="1">1732205212736</td><td rowspan="1">743</td></tr></tbody>
</table>
<h2>DSAlgo Testing</h2><h3 id="m0">testcases.TC001_StackPageValidation#verify_practiceQuestions_Link</h3><table class="result"><tr><th>Exception</th></tr><tr><td><div class="stacktrace">java.lang.AssertionError: null
	at testcases.TC001_StackPageValidation.verify_practiceQuestions_Link(TC001_StackPageValidation.java:240)
	at java.base/java.util.concurrent.Executors$RunnableAdapter.call(Executors.java:539)
	at java.base/java.util.concurrent.FutureTask.run(FutureTask.java:264)
	at java.base/java.util.concurrent.ThreadPoolExecutor.runWorker(ThreadPoolExecutor.java:1136)
	at java.base/java.util.concurrent.ThreadPoolExecutor$Worker.run(ThreadPoolExecutor.java:635)
	at java.base/java.lang.Thread.run(Thread.java:842)
... Removed 15 stack frames</div></td></tr></table><p class="totop"><a href="#summary">back to summary</a></p>
<h3 id="m1">testcases.TC001_StackPageValidation#verify_practiceQuestions_Link</h3><table class="result"><tr><th>Exception</th></tr><tr><td><div class="stacktrace">java.lang.AssertionError: null
	at testcases.TC001_StackPageValidation.verify_practiceQuestions_Link(TC001_StackPageValidation.java:240)
	at java.base/java.util.concurrent.Executors$RunnableAdapter.call(Executors.java:539)
	at java.base/java.util.concurrent.FutureTask.run(FutureTask.java:264)
	at java.base/java.util.concurrent.ThreadPoolExecutor.runWorker(ThreadPoolExecutor.java:1136)
	at java.base/java.util.concurrent.ThreadPoolExecutor$Worker.run(ThreadPoolExecutor.java:635)
	at java.base/java.lang.Thread.run(Thread.java:842)
... Removed 15 stack frames</div></td></tr></table><p class="totop"><a href="#summary">back to summary</a></p>
<h3 id="m2">testcases.TC001_StackPageValidation#verify_practiceQuestions_Link</h3><table class="result"><tr><th>Exception</th></tr><tr><td><div class="stacktrace">java.lang.AssertionError: null
	at testcases.TC001_StackPageValidation.verify_practiceQuestions_Link(TC001_StackPageValidation.java:240)
	at java.base/java.util.concurrent.Executors$RunnableAdapter.call(Executors.java:539)
	at java.base/java.util.concurrent.FutureTask.run(FutureTask.java:264)
	at java.base/java.util.concurrent.ThreadPoolExecutor.runWorker(ThreadPoolExecutor.java:1136)
	at java.base/java.util.concurrent.ThreadPoolExecutor$Worker.run(ThreadPoolExecutor.java:635)
	at java.base/java.lang.Thread.run(Thread.java:842)
... Removed 15 stack frames</div></td></tr></table><p class="totop"><a href="#summary">back to summary</a></p>
<h3 id="m3">testcases.TC001_StackPageValidation#verify_practiceQuestions_Link</h3><table class="result"><tr><th>Exception</th></tr><tr><td><div class="stacktrace">java.lang.AssertionError: null
	at testcases.TC001_StackPageValidation.verify_practiceQuestions_Link(TC001_StackPageValidation.java:240)
	at java.base/java.util.concurrent.Executors$RunnableAdapter.call(Executors.java:539)
	at java.base/java.util.concurrent.FutureTask.run(FutureTask.java:264)
	at java.base/java.util.concurrent.ThreadPoolExecutor.runWorker(ThreadPoolExecutor.java:1136)
	at java.base/java.util.concurrent.ThreadPoolExecutor$Worker.run(ThreadPoolExecutor.java:635)
	at java.base/java.lang.Thread.run(Thread.java:842)
... Removed 15 stack frames</div></td></tr></table><p class="totop"><a href="#summary">back to summary</a></p>
<h3 id="m4">testcases.TC001_StackPageValidation#verify_StackOption_Dropdown_PageValidation</h3><table class="result"><tr><th class="invisible"/></tr></table><p class="totop"><a href="#summary">back to summary</a></p>
<h3 id="m5">testcases.TC001_StackPageValidation#verify_Stack_Applications_Link</h3><table class="result"><tr><th class="invisible"/></tr></table><p class="totop"><a href="#summary">back to summary</a></p>
<h3 id="m6">testcases.TC001_StackPageValidation#verify_Stack_Applications_pythoncode</h3><table class="result"><tr class="param"><th>Parameter #1</th><th>Parameter #2</th></tr><tr class="param stripe"><td>num1 = 1.5
num2 = 6.3
sum = num1 + num2
print(&apos;The sum of {0} and {1} is {2}&apos;.format(num1, num2, sum))</td><td>The sum of 1.5 and 6.3 is 7.8</td></tr></table><p class="totop"><a href="#summary">back to summary</a></p>
<h3 id="m7">testcases.TC001_StackPageValidation#verify_Stack_Applications_pythoncode</h3><table class="result"><tr class="param"><th>Parameter #1</th><th>Parameter #2</th></tr><tr class="param stripe"><td>Hello</td><td></td></tr></table><p class="totop"><a href="#summary">back to summary</a></p>
<h3 id="m8">testcases.TC001_StackPageValidation#verify_Stack_Applications_pythoncode</h3><table class="result"><tr class="param"><th>Parameter #1</th><th>Parameter #2</th></tr><tr class="param stripe"><td>print(&apos;Hello, world!&apos;)</td><td>Hello, world!</td></tr></table><p class="totop"><a href="#summary">back to summary</a></p>
<h3 id="m9">testcases.TC001_StackPageValidation#verify_Stack_Applications_tryherebtn_Link</h3><table class="result"><tr><th class="invisible"/></tr></table><p class="totop"><a href="#summary">back to summary</a></p>
<h3 id="m10">testcases.TC001_StackPageValidation#verify_Stack_Getstartedbtn_PageValidation</h3><table class="result"><tr><th class="invisible"/></tr></table><p class="totop"><a href="#summary">back to summary</a></p>
<h3 id="m11">testcases.TC001_StackPageValidation#verify_Stack_Implementation_Link</h3><table class="result"><tr><th class="invisible"/></tr></table><p class="totop"><a href="#summary">back to summary</a></p>
<h3 id="m12">testcases.TC001_StackPageValidation#verify_Stack_Implementation_pythoncode</h3><table class="result"><tr class="param"><th>Parameter #1</th><th>Parameter #2</th></tr><tr class="param stripe"><td>num1 = 1.5
num2 = 6.3
sum = num1 + num2
print(&apos;The sum of {0} and {1} is {2}&apos;.format(num1, num2, sum))</td><td>The sum of 1.5 and 6.3 is 7.8</td></tr></table><p class="totop"><a href="#summary">back to summary</a></p>
<h3 id="m13">testcases.TC001_StackPageValidation#verify_Stack_Implementation_pythoncode</h3><table class="result"><tr class="param"><th>Parameter #1</th><th>Parameter #2</th></tr><tr class="param stripe"><td>Hello</td><td></td></tr></table><p class="totop"><a href="#summary">back to summary</a></p>
<h3 id="m14">testcases.TC001_StackPageValidation#verify_Stack_Implementation_pythoncode</h3><table class="result"><tr class="param"><th>Parameter #1</th><th>Parameter #2</th></tr><tr class="param stripe"><td>print(&apos;Hello, world!&apos;)</td><td>Hello, world!</td></tr></table><p class="totop"><a href="#summary">back to summary</a></p>
<h3 id="m15">testcases.TC001_StackPageValidation#verify_Stack_Implementation_tryherebtn_Link</h3><table class="result"><tr><th class="invisible"/></tr></table><p class="totop"><a href="#summary">back to summary</a></p>
<h3 id="m16">testcases.TC001_StackPageValidation#verify_Stack_Operations_Link</h3><table class="result"><tr><th class="invisible"/></tr></table><p class="totop"><a href="#summary">back to summary</a></p>
<h3 id="m17">testcases.TC001_StackPageValidation#verify_Stack_Operations_pythoncode</h3><table class="result"><tr class="param"><th>Parameter #1</th><th>Parameter #2</th></tr><tr class="param stripe"><td>num1 = 1.5
num2 = 6.3
sum = num1 + num2
print(&apos;The sum of {0} and {1} is {2}&apos;.format(num1, num2, sum))</td><td>The sum of 1.5 and 6.3 is 7.8</td></tr></table><p class="totop"><a href="#summary">back to summary</a></p>
<h3 id="m18">testcases.TC001_StackPageValidation#verify_Stack_Operations_pythoncode</h3><table class="result"><tr class="param"><th>Parameter #1</th><th>Parameter #2</th></tr><tr class="param stripe"><td>Hello</td><td></td></tr></table><p class="totop"><a href="#summary">back to summary</a></p>
<h3 id="m19">testcases.TC001_StackPageValidation#verify_Stack_Operations_pythoncode</h3><table class="result"><tr class="param"><th>Parameter #1</th><th>Parameter #2</th></tr><tr class="param stripe"><td>print(&apos;Hello, world!&apos;)</td><td>Hello, world!</td></tr></table><p class="totop"><a href="#summary">back to summary</a></p>
<h3 id="m20">testcases.TC001_StackPageValidation#verify_Stack_Operations_tryherebtn_Link</h3><table class="result"><tr><th class="invisible"/></tr></table><p class="totop"><a href="#summary">back to summary</a></p>
<h3 id="m21">testcases.TC002_GetStartedPageValidation#verify_Getstarted_PageValidation</h3><table class="result"><tr><th class="invisible"/></tr></table><p class="totop"><a href="#summary">back to summary</a></p>
<h3 id="m22">testcases.TC002_GetStartedPageValidation#verify_Getstarted_button</h3><table class="result"><tr><th class="invisible"/></tr></table><p class="totop"><a href="#summary">back to summary</a></p>
</body>
</html>
