<?xml version="1.0" encoding="UTF-8"?>
<testng-results retried="3" ignored="3" total="26" passed="19" failed="1" skipped="0">
  <reporter-output>
  </reporter-output>
  <suite started-at="2024-11-21T10:06:46 CST" name="DSAlgo Testng" finished-at="2024-11-21T10:08:45 CST" duration-ms="119382">
    <groups>
      <group name="DataDriven">
        <method signature="TC001_StackPageValidation.verify_Stack_Operations_pythoncode(java.lang.String,java.lang.String)[pri:5, instance:testcases.TC001_StackPageValidation@61710c6]" name="verify_Stack_Operations_pythoncode" class="testcases.TC001_StackPageValidation"/>
        <method signature="TC001_StackPageValidation.verify_Stack_Implementation_pythoncode(java.lang.String,java.lang.String)[pri:8, instance:testcases.TC001_StackPageValidation@61710c6]" name="verify_Stack_Implementation_pythoncode" class="testcases.TC001_StackPageValidation"/>
        <method signature="TC001_StackPageValidation.verify_Stack_Applications_pythoncode(java.lang.String,java.lang.String)[pri:11, instance:testcases.TC001_StackPageValidation@61710c6]" name="verify_Stack_Applications_pythoncode" class="testcases.TC001_StackPageValidation"/>
      </group> <!-- DataDriven -->
    </groups>
    <test started-at="2024-11-21T10:06:46 CST" name="DSAlgo Testing" finished-at="2024-11-21T10:08:45 CST" duration-ms="119382">
      <class name="testcases.TC001_StackPageValidation">
        <test-method is-config="true" signature="setup(java.lang.String)[pri:0, instance:testcases.TC001_StackPageValidation@61710c6]" started-at="2024-11-21T10:06:46 CST" name="setup" finished-at="2024-11-21T10:06:49 CST" duration-ms="2969" status="PASS">
          <params>
            <param index="0">
              <value>
                <![CDATA[chrome]]>
              </value>
            </param>
          </params>
          <reporter-output>
          </reporter-output>
        </test-method> <!-- setup -->
        <test-method is-config="true" signature="before_testcase_setup()[pri:0, instance:testcases.TC001_StackPageValidation@61710c6]" started-at="2024-11-21T10:06:49 CST" name="before_testcase_setup" finished-at="2024-11-21T10:06:51 CST" duration-ms="1659" status="PASS">
          <reporter-output>
          </reporter-output>
        </test-method> <!-- before_testcase_setup -->
        <test-method signature="verify_Stack_Getstartedbtn_PageValidation()[pri:1, instance:testcases.TC001_StackPageValidation@61710c6]" started-at="2024-11-21T10:06:51 CST" name="verify_Stack_Getstartedbtn_PageValidation" finished-at="2024-11-21T10:06:52 CST" duration-ms="1027" status="PASS">
          <reporter-output>
          </reporter-output>
        </test-method> <!-- verify_Stack_Getstartedbtn_PageValidation -->
        <test-method is-config="true" signature="tearDown()[pri:0, instance:testcases.TC001_StackPageValidation@61710c6]" started-at="2024-11-21T10:06:52 CST" name="tearDown" finished-at="2024-11-21T10:06:53 CST" duration-ms="518" status="PASS">
          <reporter-output>
          </reporter-output>
        </test-method> <!-- tearDown -->
        <test-method is-config="true" signature="setup(java.lang.String)[pri:0, instance:testcases.TC001_StackPageValidation@61710c6]" started-at="2024-11-21T10:06:53 CST" name="setup" finished-at="2024-11-21T10:06:55 CST" duration-ms="2685" status="PASS">
          <params>
            <param index="0">
              <value>
                <![CDATA[chrome]]>
              </value>
            </param>
          </params>
          <reporter-output>
          </reporter-output>
        </test-method> <!-- setup -->
        <test-method is-config="true" signature="before_testcase_setup()[pri:0, instance:testcases.TC001_StackPageValidation@61710c6]" started-at="2024-11-21T10:06:55 CST" name="before_testcase_setup" finished-at="2024-11-21T10:06:57 CST" duration-ms="1833" status="PASS">
          <reporter-output>
          </reporter-output>
        </test-method> <!-- before_testcase_setup -->
        <test-method signature="verify_StackOption_Dropdown_PageValidation()[pri:2, instance:testcases.TC001_StackPageValidation@61710c6]" started-at="2024-11-21T10:06:57 CST" name="verify_StackOption_Dropdown_PageValidation" finished-at="2024-11-21T10:06:58 CST" duration-ms="424" status="PASS">
          <reporter-output>
          </reporter-output>
        </test-method> <!-- verify_StackOption_Dropdown_PageValidation -->
        <test-method is-config="true" signature="tearDown()[pri:0, instance:testcases.TC001_StackPageValidation@61710c6]" started-at="2024-11-21T10:06:58 CST" name="tearDown" finished-at="2024-11-21T10:06:58 CST" duration-ms="227" status="PASS">
          <reporter-output>
          </reporter-output>
        </test-method> <!-- tearDown -->
        <test-method is-config="true" signature="setup(java.lang.String)[pri:0, instance:testcases.TC001_StackPageValidation@61710c6]" started-at="2024-11-21T10:06:58 CST" name="setup" finished-at="2024-11-21T10:07:00 CST" duration-ms="1868" status="PASS">
          <params>
            <param index="0">
              <value>
                <![CDATA[chrome]]>
              </value>
            </param>
          </params>
          <reporter-output>
          </reporter-output>
        </test-method> <!-- setup -->
        <test-method is-config="true" signature="before_testcase_setup()[pri:0, instance:testcases.TC001_StackPageValidation@61710c6]" started-at="2024-11-21T10:07:00 CST" name="before_testcase_setup" finished-at="2024-11-21T10:07:01 CST" duration-ms="1740" status="PASS">
          <reporter-output>
          </reporter-output>
        </test-method> <!-- before_testcase_setup -->
        <test-method signature="verify_Stack_Operations_Link()[pri:3, instance:testcases.TC001_StackPageValidation@61710c6]" started-at="2024-11-21T10:07:01 CST" name="verify_Stack_Operations_Link" finished-at="2024-11-21T10:07:02 CST" duration-ms="681" status="PASS">
          <reporter-output>
          </reporter-output>
        </test-method> <!-- verify_Stack_Operations_Link -->
        <test-method is-config="true" signature="tearDown()[pri:0, instance:testcases.TC001_StackPageValidation@61710c6]" started-at="2024-11-21T10:07:02 CST" name="tearDown" finished-at="2024-11-21T10:07:02 CST" duration-ms="220" status="PASS">
          <reporter-output>
          </reporter-output>
        </test-method> <!-- tearDown -->
        <test-method is-config="true" signature="setup(java.lang.String)[pri:0, instance:testcases.TC001_StackPageValidation@61710c6]" started-at="2024-11-21T10:07:02 CST" name="setup" finished-at="2024-11-21T10:07:04 CST" duration-ms="1900" status="PASS">
          <params>
            <param index="0">
              <value>
                <![CDATA[chrome]]>
              </value>
            </param>
          </params>
          <reporter-output>
          </reporter-output>
        </test-method> <!-- setup -->
        <test-method is-config="true" signature="before_testcase_setup()[pri:0, instance:testcases.TC001_StackPageValidation@61710c6]" started-at="2024-11-21T10:07:04 CST" name="before_testcase_setup" finished-at="2024-11-21T10:07:06 CST" duration-ms="1751" status="PASS">
          <reporter-output>
          </reporter-output>
        </test-method> <!-- before_testcase_setup -->
        <test-method signature="verify_Stack_Operations_tryherebtn_Link()[pri:4, instance:testcases.TC001_StackPageValidation@61710c6]" started-at="2024-11-21T10:07:06 CST" name="verify_Stack_Operations_tryherebtn_Link" finished-at="2024-11-21T10:07:07 CST" duration-ms="1497" status="PASS">
          <reporter-output>
          </reporter-output>
        </test-method> <!-- verify_Stack_Operations_tryherebtn_Link -->
        <test-method is-config="true" signature="tearDown()[pri:0, instance:testcases.TC001_StackPageValidation@61710c6]" started-at="2024-11-21T10:07:07 CST" name="tearDown" finished-at="2024-11-21T10:07:08 CST" duration-ms="194" status="PASS">
          <reporter-output>
          </reporter-output>
        </test-method> <!-- tearDown -->
        <test-method is-config="true" signature="setup(java.lang.String)[pri:0, instance:testcases.TC001_StackPageValidation@61710c6]" started-at="2024-11-21T10:07:09 CST" name="setup" finished-at="2024-11-21T10:07:11 CST" duration-ms="2122" status="PASS">
          <params>
            <param index="0">
              <value>
                <![CDATA[chrome]]>
              </value>
            </param>
          </params>
          <reporter-output>
          </reporter-output>
        </test-method> <!-- setup -->
        <test-method is-config="true" signature="before_testcase_setup()[pri:0, instance:testcases.TC001_StackPageValidation@61710c6]" started-at="2024-11-21T10:07:11 CST" name="before_testcase_setup" finished-at="2024-11-21T10:07:12 CST" duration-ms="1671" status="PASS">
          <reporter-output>
          </reporter-output>
        </test-method> <!-- before_testcase_setup -->
        <test-method signature="verify_Stack_Operations_pythoncode(java.lang.String,java.lang.String)[pri:5, instance:testcases.TC001_StackPageValidation@61710c6]" started-at="2024-11-21T10:07:12 CST" name="verify_Stack_Operations_pythoncode" data-provider="Pythoncode" finished-at="2024-11-21T10:07:14 CST" duration-ms="1948" status="PASS">
          <params>
            <param index="0">
              <value>
                <![CDATA[print('Hello, world!')]]>
              </value>
            </param>
            <param index="1">
              <value>
                <![CDATA[Hello, world!]]>
              </value>
            </param>
          </params>
          <reporter-output>
          </reporter-output>
        </test-method> <!-- verify_Stack_Operations_pythoncode -->
        <test-method is-config="true" signature="tearDown()[pri:0, instance:testcases.TC001_StackPageValidation@61710c6]" started-at="2024-11-21T10:07:14 CST" name="tearDown" finished-at="2024-11-21T10:07:15 CST" duration-ms="242" status="PASS">
          <reporter-output>
          </reporter-output>
        </test-method> <!-- tearDown -->
        <test-method is-config="true" signature="setup(java.lang.String)[pri:0, instance:testcases.TC001_StackPageValidation@61710c6]" started-at="2024-11-21T10:07:15 CST" name="setup" finished-at="2024-11-21T10:07:16 CST" duration-ms="1829" status="PASS">
          <params>
            <param index="0">
              <value>
                <![CDATA[chrome]]>
              </value>
            </param>
          </params>
          <reporter-output>
          </reporter-output>
        </test-method> <!-- setup -->
        <test-method is-config="true" signature="before_testcase_setup()[pri:0, instance:testcases.TC001_StackPageValidation@61710c6]" started-at="2024-11-21T10:07:16 CST" name="before_testcase_setup" finished-at="2024-11-21T10:07:18 CST" duration-ms="1728" status="PASS">
          <reporter-output>
          </reporter-output>
        </test-method> <!-- before_testcase_setup -->
        <test-method signature="verify_Stack_Operations_pythoncode(java.lang.String,java.lang.String)[pri:5, instance:testcases.TC001_StackPageValidation@61710c6]" started-at="2024-11-21T10:07:18 CST" name="verify_Stack_Operations_pythoncode" data-provider="Pythoncode" finished-at="2024-11-21T10:07:21 CST" duration-ms="3321" status="PASS">
          <params>
            <param index="0">
              <value>
                <![CDATA[num1 = 1.5
num2 = 6.3
sum = num1 + num2
print('The sum of {0} and {1} is {2}'.format(num1, num2, sum))]]>
              </value>
            </param>
            <param index="1">
              <value>
                <![CDATA[The sum of 1.5 and 6.3 is 7.8]]>
              </value>
            </param>
          </params>
          <reporter-output>
          </reporter-output>
        </test-method> <!-- verify_Stack_Operations_pythoncode -->
        <test-method is-config="true" signature="tearDown()[pri:0, instance:testcases.TC001_StackPageValidation@61710c6]" started-at="2024-11-21T10:07:21 CST" name="tearDown" finished-at="2024-11-21T10:07:22 CST" duration-ms="262" status="PASS">
          <reporter-output>
          </reporter-output>
        </test-method> <!-- tearDown -->
        <test-method is-config="true" signature="setup(java.lang.String)[pri:0, instance:testcases.TC001_StackPageValidation@61710c6]" started-at="2024-11-21T10:07:22 CST" name="setup" finished-at="2024-11-21T10:07:24 CST" duration-ms="1900" status="PASS">
          <params>
            <param index="0">
              <value>
                <![CDATA[chrome]]>
              </value>
            </param>
          </params>
          <reporter-output>
          </reporter-output>
        </test-method> <!-- setup -->
        <test-method is-config="true" signature="before_testcase_setup()[pri:0, instance:testcases.TC001_StackPageValidation@61710c6]" started-at="2024-11-21T10:07:24 CST" name="before_testcase_setup" finished-at="2024-11-21T10:07:25 CST" duration-ms="1729" status="PASS">
          <reporter-output>
          </reporter-output>
        </test-method> <!-- before_testcase_setup -->
        <test-method signature="verify_Stack_Operations_pythoncode(java.lang.String,java.lang.String)[pri:5, instance:testcases.TC001_StackPageValidation@61710c6]" started-at="2024-11-21T10:07:25 CST" name="verify_Stack_Operations_pythoncode" data-provider="Pythoncode" finished-at="2024-11-21T10:07:27 CST" duration-ms="1634" status="PASS">
          <params>
            <param index="0">
              <value>
                <![CDATA[Hello]]>
              </value>
            </param>
            <param index="1">
              <value>
                <![CDATA[]]>
              </value>
            </param>
          </params>
          <reporter-output>
          </reporter-output>
        </test-method> <!-- verify_Stack_Operations_pythoncode -->
        <test-method is-config="true" signature="tearDown()[pri:0, instance:testcases.TC001_StackPageValidation@61710c6]" started-at="2024-11-21T10:07:27 CST" name="tearDown" finished-at="2024-11-21T10:07:27 CST" duration-ms="287" status="PASS">
          <reporter-output>
          </reporter-output>
        </test-method> <!-- tearDown -->
        <test-method is-config="true" signature="setup(java.lang.String)[pri:0, instance:testcases.TC001_StackPageValidation@61710c6]" started-at="2024-11-21T10:07:27 CST" name="setup" finished-at="2024-11-21T10:07:29 CST" duration-ms="1939" status="PASS">
          <params>
            <param index="0">
              <value>
                <![CDATA[chrome]]>
              </value>
            </param>
          </params>
          <reporter-output>
          </reporter-output>
        </test-method> <!-- setup -->
        <test-method is-config="true" signature="before_testcase_setup()[pri:0, instance:testcases.TC001_StackPageValidation@61710c6]" started-at="2024-11-21T10:07:29 CST" name="before_testcase_setup" finished-at="2024-11-21T10:07:31 CST" duration-ms="1767" status="PASS">
          <reporter-output>
          </reporter-output>
        </test-method> <!-- before_testcase_setup -->
        <test-method signature="verify_Stack_Implementation_Link()[pri:6, instance:testcases.TC001_StackPageValidation@61710c6]" started-at="2024-11-21T10:07:31 CST" name="verify_Stack_Implementation_Link" finished-at="2024-11-21T10:07:32 CST" duration-ms="616" status="PASS">
          <reporter-output>
          </reporter-output>
        </test-method> <!-- verify_Stack_Implementation_Link -->
        <test-method is-config="true" signature="tearDown()[pri:0, instance:testcases.TC001_StackPageValidation@61710c6]" started-at="2024-11-21T10:07:32 CST" name="tearDown" finished-at="2024-11-21T10:07:32 CST" duration-ms="225" status="PASS">
          <reporter-output>
          </reporter-output>
        </test-method> <!-- tearDown -->
        <test-method is-config="true" signature="setup(java.lang.String)[pri:0, instance:testcases.TC001_StackPageValidation@61710c6]" started-at="2024-11-21T10:07:32 CST" name="setup" finished-at="2024-11-21T10:07:34 CST" duration-ms="1940" status="PASS">
          <params>
            <param index="0">
              <value>
                <![CDATA[chrome]]>
              </value>
            </param>
          </params>
          <reporter-output>
          </reporter-output>
        </test-method> <!-- setup -->
        <test-method is-config="true" signature="before_testcase_setup()[pri:0, instance:testcases.TC001_StackPageValidation@61710c6]" started-at="2024-11-21T10:07:34 CST" name="before_testcase_setup" finished-at="2024-11-21T10:07:35 CST" duration-ms="1597" status="PASS">
          <reporter-output>
          </reporter-output>
        </test-method> <!-- before_testcase_setup -->
        <test-method signature="verify_Stack_Implementation_tryherebtn_Link()[pri:7, instance:testcases.TC001_StackPageValidation@61710c6]" started-at="2024-11-21T10:07:35 CST" name="verify_Stack_Implementation_tryherebtn_Link" finished-at="2024-11-21T10:07:37 CST" duration-ms="1510" status="PASS">
          <reporter-output>
          </reporter-output>
        </test-method> <!-- verify_Stack_Implementation_tryherebtn_Link -->
        <test-method is-config="true" signature="tearDown()[pri:0, instance:testcases.TC001_StackPageValidation@61710c6]" started-at="2024-11-21T10:07:37 CST" name="tearDown" finished-at="2024-11-21T10:07:37 CST" duration-ms="242" status="PASS">
          <reporter-output>
          </reporter-output>
        </test-method> <!-- tearDown -->
        <test-method is-config="true" signature="setup(java.lang.String)[pri:0, instance:testcases.TC001_StackPageValidation@61710c6]" started-at="2024-11-21T10:07:37 CST" name="setup" finished-at="2024-11-21T10:07:39 CST" duration-ms="1922" status="PASS">
          <params>
            <param index="0">
              <value>
                <![CDATA[chrome]]>
              </value>
            </param>
          </params>
          <reporter-output>
          </reporter-output>
        </test-method> <!-- setup -->
        <test-method is-config="true" signature="before_testcase_setup()[pri:0, instance:testcases.TC001_StackPageValidation@61710c6]" started-at="2024-11-21T10:07:39 CST" name="before_testcase_setup" finished-at="2024-11-21T10:07:41 CST" duration-ms="1948" status="PASS">
          <reporter-output>
          </reporter-output>
        </test-method> <!-- before_testcase_setup -->
        <test-method signature="verify_Stack_Implementation_pythoncode(java.lang.String,java.lang.String)[pri:8, instance:testcases.TC001_StackPageValidation@61710c6]" started-at="2024-11-21T10:07:41 CST" name="verify_Stack_Implementation_pythoncode" data-provider="Pythoncode" finished-at="2024-11-21T10:07:43 CST" duration-ms="1853" status="PASS">
          <params>
            <param index="0">
              <value>
                <![CDATA[print('Hello, world!')]]>
              </value>
            </param>
            <param index="1">
              <value>
                <![CDATA[Hello, world!]]>
              </value>
            </param>
          </params>
          <reporter-output>
          </reporter-output>
        </test-method> <!-- verify_Stack_Implementation_pythoncode -->
        <test-method is-config="true" signature="tearDown()[pri:0, instance:testcases.TC001_StackPageValidation@61710c6]" started-at="2024-11-21T10:07:43 CST" name="tearDown" finished-at="2024-11-21T10:07:43 CST" duration-ms="269" status="PASS">
          <reporter-output>
          </reporter-output>
        </test-method> <!-- tearDown -->
        <test-method is-config="true" signature="setup(java.lang.String)[pri:0, instance:testcases.TC001_StackPageValidation@61710c6]" started-at="2024-11-21T10:07:43 CST" name="setup" finished-at="2024-11-21T10:07:45 CST" duration-ms="1797" status="PASS">
          <params>
            <param index="0">
              <value>
                <![CDATA[chrome]]>
              </value>
            </param>
          </params>
          <reporter-output>
          </reporter-output>
        </test-method> <!-- setup -->
        <test-method is-config="true" signature="before_testcase_setup()[pri:0, instance:testcases.TC001_StackPageValidation@61710c6]" started-at="2024-11-21T10:07:45 CST" name="before_testcase_setup" finished-at="2024-11-21T10:07:47 CST" duration-ms="1866" status="PASS">
          <reporter-output>
          </reporter-output>
        </test-method> <!-- before_testcase_setup -->
        <test-method signature="verify_Stack_Implementation_pythoncode(java.lang.String,java.lang.String)[pri:8, instance:testcases.TC001_StackPageValidation@61710c6]" started-at="2024-11-21T10:07:47 CST" name="verify_Stack_Implementation_pythoncode" data-provider="Pythoncode" finished-at="2024-11-21T10:07:50 CST" duration-ms="3177" status="PASS">
          <params>
            <param index="0">
              <value>
                <![CDATA[num1 = 1.5
num2 = 6.3
sum = num1 + num2
print('The sum of {0} and {1} is {2}'.format(num1, num2, sum))]]>
              </value>
            </param>
            <param index="1">
              <value>
                <![CDATA[The sum of 1.5 and 6.3 is 7.8]]>
              </value>
            </param>
          </params>
          <reporter-output>
          </reporter-output>
        </test-method> <!-- verify_Stack_Implementation_pythoncode -->
        <test-method is-config="true" signature="tearDown()[pri:0, instance:testcases.TC001_StackPageValidation@61710c6]" started-at="2024-11-21T10:07:50 CST" name="tearDown" finished-at="2024-11-21T10:07:51 CST" duration-ms="263" status="PASS">
          <reporter-output>
          </reporter-output>
        </test-method> <!-- tearDown -->
        <test-method is-config="true" signature="setup(java.lang.String)[pri:0, instance:testcases.TC001_StackPageValidation@61710c6]" started-at="2024-11-21T10:07:51 CST" name="setup" finished-at="2024-11-21T10:07:52 CST" duration-ms="1896" status="PASS">
          <params>
            <param index="0">
              <value>
                <![CDATA[chrome]]>
              </value>
            </param>
          </params>
          <reporter-output>
          </reporter-output>
        </test-method> <!-- setup -->
        <test-method is-config="true" signature="before_testcase_setup()[pri:0, instance:testcases.TC001_StackPageValidation@61710c6]" started-at="2024-11-21T10:07:52 CST" name="before_testcase_setup" finished-at="2024-11-21T10:07:54 CST" duration-ms="1694" status="PASS">
          <reporter-output>
          </reporter-output>
        </test-method> <!-- before_testcase_setup -->
        <test-method signature="verify_Stack_Implementation_pythoncode(java.lang.String,java.lang.String)[pri:8, instance:testcases.TC001_StackPageValidation@61710c6]" started-at="2024-11-21T10:07:54 CST" name="verify_Stack_Implementation_pythoncode" data-provider="Pythoncode" finished-at="2024-11-21T10:07:56 CST" duration-ms="1399" status="PASS">
          <params>
            <param index="0">
              <value>
                <![CDATA[Hello]]>
              </value>
            </param>
            <param index="1">
              <value>
                <![CDATA[]]>
              </value>
            </param>
          </params>
          <reporter-output>
          </reporter-output>
        </test-method> <!-- verify_Stack_Implementation_pythoncode -->
        <test-method is-config="true" signature="tearDown()[pri:0, instance:testcases.TC001_StackPageValidation@61710c6]" started-at="2024-11-21T10:07:56 CST" name="tearDown" finished-at="2024-11-21T10:07:56 CST" duration-ms="220" status="PASS">
          <reporter-output>
          </reporter-output>
        </test-method> <!-- tearDown -->
        <test-method is-config="true" signature="setup(java.lang.String)[pri:0, instance:testcases.TC001_StackPageValidation@61710c6]" started-at="2024-11-21T10:07:56 CST" name="setup" finished-at="2024-11-21T10:07:58 CST" duration-ms="1900" status="PASS">
          <params>
            <param index="0">
              <value>
                <![CDATA[chrome]]>
              </value>
            </param>
          </params>
          <reporter-output>
          </reporter-output>
        </test-method> <!-- setup -->
        <test-method is-config="true" signature="before_testcase_setup()[pri:0, instance:testcases.TC001_StackPageValidation@61710c6]" started-at="2024-11-21T10:07:58 CST" name="before_testcase_setup" finished-at="2024-11-21T10:07:59 CST" duration-ms="1629" status="PASS">
          <reporter-output>
          </reporter-output>
        </test-method> <!-- before_testcase_setup -->
        <test-method signature="verify_Stack_Applications_Link()[pri:9, instance:testcases.TC001_StackPageValidation@61710c6]" started-at="2024-11-21T10:07:59 CST" name="verify_Stack_Applications_Link" finished-at="2024-11-21T10:08:00 CST" duration-ms="598" status="PASS">
          <reporter-output>
          </reporter-output>
        </test-method> <!-- verify_Stack_Applications_Link -->
        <test-method is-config="true" signature="tearDown()[pri:0, instance:testcases.TC001_StackPageValidation@61710c6]" started-at="2024-11-21T10:08:00 CST" name="tearDown" finished-at="2024-11-21T10:08:00 CST" duration-ms="211" status="PASS">
          <reporter-output>
          </reporter-output>
        </test-method> <!-- tearDown -->
        <test-method is-config="true" signature="setup(java.lang.String)[pri:0, instance:testcases.TC001_StackPageValidation@61710c6]" started-at="2024-11-21T10:08:00 CST" name="setup" finished-at="2024-11-21T10:08:02 CST" duration-ms="2091" status="PASS">
          <params>
            <param index="0">
              <value>
                <![CDATA[chrome]]>
              </value>
            </param>
          </params>
          <reporter-output>
          </reporter-output>
        </test-method> <!-- setup -->
        <test-method is-config="true" signature="before_testcase_setup()[pri:0, instance:testcases.TC001_StackPageValidation@61710c6]" started-at="2024-11-21T10:08:02 CST" name="before_testcase_setup" finished-at="2024-11-21T10:08:04 CST" duration-ms="1716" status="PASS">
          <reporter-output>
          </reporter-output>
        </test-method> <!-- before_testcase_setup -->
        <test-method signature="verify_Stack_Applications_tryherebtn_Link()[pri:10, instance:testcases.TC001_StackPageValidation@61710c6]" started-at="2024-11-21T10:08:04 CST" name="verify_Stack_Applications_tryherebtn_Link" finished-at="2024-11-21T10:08:05 CST" duration-ms="1221" status="PASS">
          <reporter-output>
          </reporter-output>
        </test-method> <!-- verify_Stack_Applications_tryherebtn_Link -->
        <test-method is-config="true" signature="tearDown()[pri:0, instance:testcases.TC001_StackPageValidation@61710c6]" started-at="2024-11-21T10:08:05 CST" name="tearDown" finished-at="2024-11-21T10:08:05 CST" duration-ms="247" status="PASS">
          <reporter-output>
          </reporter-output>
        </test-method> <!-- tearDown -->
        <test-method is-config="true" signature="setup(java.lang.String)[pri:0, instance:testcases.TC001_StackPageValidation@61710c6]" started-at="2024-11-21T10:08:06 CST" name="setup" finished-at="2024-11-21T10:08:08 CST" duration-ms="2291" status="PASS">
          <params>
            <param index="0">
              <value>
                <![CDATA[chrome]]>
              </value>
            </param>
          </params>
          <reporter-output>
          </reporter-output>
        </test-method> <!-- setup -->
        <test-method is-config="true" signature="before_testcase_setup()[pri:0, instance:testcases.TC001_StackPageValidation@61710c6]" started-at="2024-11-21T10:08:08 CST" name="before_testcase_setup" finished-at="2024-11-21T10:08:10 CST" duration-ms="1805" status="PASS">
          <reporter-output>
          </reporter-output>
        </test-method> <!-- before_testcase_setup -->
        <test-method signature="verify_Stack_Applications_pythoncode(java.lang.String,java.lang.String)[pri:11, instance:testcases.TC001_StackPageValidation@61710c6]" started-at="2024-11-21T10:08:10 CST" name="verify_Stack_Applications_pythoncode" data-provider="Pythoncode" finished-at="2024-11-21T10:08:11 CST" duration-ms="1700" status="PASS">
          <params>
            <param index="0">
              <value>
                <![CDATA[print('Hello, world!')]]>
              </value>
            </param>
            <param index="1">
              <value>
                <![CDATA[Hello, world!]]>
              </value>
            </param>
          </params>
          <reporter-output>
          </reporter-output>
        </test-method> <!-- verify_Stack_Applications_pythoncode -->
        <test-method is-config="true" signature="tearDown()[pri:0, instance:testcases.TC001_StackPageValidation@61710c6]" started-at="2024-11-21T10:08:11 CST" name="tearDown" finished-at="2024-11-21T10:08:12 CST" duration-ms="220" status="PASS">
          <reporter-output>
          </reporter-output>
        </test-method> <!-- tearDown -->
        <test-method is-config="true" signature="setup(java.lang.String)[pri:0, instance:testcases.TC001_StackPageValidation@61710c6]" started-at="2024-11-21T10:08:12 CST" name="setup" finished-at="2024-11-21T10:08:14 CST" duration-ms="1992" status="PASS">
          <params>
            <param index="0">
              <value>
                <![CDATA[chrome]]>
              </value>
            </param>
          </params>
          <reporter-output>
          </reporter-output>
        </test-method> <!-- setup -->
        <test-method is-config="true" signature="before_testcase_setup()[pri:0, instance:testcases.TC001_StackPageValidation@61710c6]" started-at="2024-11-21T10:08:14 CST" name="before_testcase_setup" finished-at="2024-11-21T10:08:15 CST" duration-ms="1628" status="PASS">
          <reporter-output>
          </reporter-output>
        </test-method> <!-- before_testcase_setup -->
        <test-method signature="verify_Stack_Applications_pythoncode(java.lang.String,java.lang.String)[pri:11, instance:testcases.TC001_StackPageValidation@61710c6]" started-at="2024-11-21T10:08:15 CST" name="verify_Stack_Applications_pythoncode" data-provider="Pythoncode" finished-at="2024-11-21T10:08:18 CST" duration-ms="3082" status="PASS">
          <params>
            <param index="0">
              <value>
                <![CDATA[num1 = 1.5
num2 = 6.3
sum = num1 + num2
print('The sum of {0} and {1} is {2}'.format(num1, num2, sum))]]>
              </value>
            </param>
            <param index="1">
              <value>
                <![CDATA[The sum of 1.5 and 6.3 is 7.8]]>
              </value>
            </param>
          </params>
          <reporter-output>
          </reporter-output>
        </test-method> <!-- verify_Stack_Applications_pythoncode -->
        <test-method is-config="true" signature="tearDown()[pri:0, instance:testcases.TC001_StackPageValidation@61710c6]" started-at="2024-11-21T10:08:18 CST" name="tearDown" finished-at="2024-11-21T10:08:19 CST" duration-ms="237" status="PASS">
          <reporter-output>
          </reporter-output>
        </test-method> <!-- tearDown -->
        <test-method is-config="true" signature="setup(java.lang.String)[pri:0, instance:testcases.TC001_StackPageValidation@61710c6]" started-at="2024-11-21T10:08:19 CST" name="setup" finished-at="2024-11-21T10:08:20 CST" duration-ms="1876" status="PASS">
          <params>
            <param index="0">
              <value>
                <![CDATA[chrome]]>
              </value>
            </param>
          </params>
          <reporter-output>
          </reporter-output>
        </test-method> <!-- setup -->
        <test-method is-config="true" signature="before_testcase_setup()[pri:0, instance:testcases.TC001_StackPageValidation@61710c6]" started-at="2024-11-21T10:08:20 CST" name="before_testcase_setup" finished-at="2024-11-21T10:08:22 CST" duration-ms="1652" status="PASS">
          <reporter-output>
          </reporter-output>
        </test-method> <!-- before_testcase_setup -->
        <test-method signature="verify_Stack_Applications_pythoncode(java.lang.String,java.lang.String)[pri:11, instance:testcases.TC001_StackPageValidation@61710c6]" started-at="2024-11-21T10:08:22 CST" name="verify_Stack_Applications_pythoncode" data-provider="Pythoncode" finished-at="2024-11-21T10:08:24 CST" duration-ms="1416" status="PASS">
          <params>
            <param index="0">
              <value>
                <![CDATA[Hello]]>
              </value>
            </param>
            <param index="1">
              <value>
                <![CDATA[]]>
              </value>
            </param>
          </params>
          <reporter-output>
          </reporter-output>
        </test-method> <!-- verify_Stack_Applications_pythoncode -->
        <test-method is-config="true" signature="tearDown()[pri:0, instance:testcases.TC001_StackPageValidation@61710c6]" started-at="2024-11-21T10:08:24 CST" name="tearDown" finished-at="2024-11-21T10:08:24 CST" duration-ms="232" status="PASS">
          <reporter-output>
          </reporter-output>
        </test-method> <!-- tearDown -->
        <test-method is-config="true" signature="setup(java.lang.String)[pri:0, instance:testcases.TC001_StackPageValidation@61710c6]" started-at="2024-11-21T10:08:24 CST" name="setup" finished-at="2024-11-21T10:08:26 CST" duration-ms="1959" status="PASS">
          <params>
            <param index="0">
              <value>
                <![CDATA[chrome]]>
              </value>
            </param>
          </params>
          <reporter-output>
          </reporter-output>
        </test-method> <!-- setup -->
        <test-method is-config="true" signature="before_testcase_setup()[pri:0, instance:testcases.TC001_StackPageValidation@61710c6]" started-at="2024-11-21T10:08:26 CST" name="before_testcase_setup" finished-at="2024-11-21T10:08:27 CST" duration-ms="1683" status="PASS">
          <reporter-output>
          </reporter-output>
        </test-method> <!-- before_testcase_setup -->
        <test-method retried="true" signature="verify_practiceQuestions_Link()[pri:12, instance:testcases.TC001_StackPageValidation@61710c6]" started-at="2024-11-21T10:08:27 CST" name="verify_practiceQuestions_Link" finished-at="2024-11-21T10:08:28 CST" duration-ms="809" status="SKIP">
          <exception class="java.lang.AssertionError">
            <message>
              <![CDATA[null]]>
            </message>
            <full-stacktrace>
              <![CDATA[java.lang.AssertionError: null
at org.testng.Assert.fail(Assert.java:111)
at org.testng.Assert.fail(Assert.java:116)
at testcases.TC001_StackPageValidation.verify_practiceQuestions_Link(TC001_StackPageValidation.java:240)
at java.base/jdk.internal.reflect.NativeMethodAccessorImpl.invoke0(Native Method)
at java.base/jdk.internal.reflect.NativeMethodAccessorImpl.invoke(NativeMethodAccessorImpl.java:77)
at java.base/jdk.internal.reflect.DelegatingMethodAccessorImpl.invoke(DelegatingMethodAccessorImpl.java:43)
at java.base/java.lang.reflect.Method.invoke(Method.java:568)
at org.testng.internal.invokers.MethodInvocationHelper.invokeMethod(MethodInvocationHelper.java:141)
at org.testng.internal.invokers.TestInvoker.invokeMethod(TestInvoker.java:686)
at org.testng.internal.invokers.TestInvoker.invokeTestMethod(TestInvoker.java:230)
at org.testng.internal.invokers.MethodRunner.runInSequence(MethodRunner.java:63)
at org.testng.internal.invokers.TestInvoker$MethodInvocationAgent.invoke(TestInvoker.java:992)
at org.testng.internal.invokers.TestInvoker.invokeTestMethods(TestInvoker.java:203)
at org.testng.internal.invokers.TestMethodWorker.invokeTestMethods(TestMethodWorker.java:154)
at org.testng.internal.invokers.TestMethodWorker.run(TestMethodWorker.java:134)
at java.base/java.util.concurrent.Executors$RunnableAdapter.call(Executors.java:539)
at java.base/java.util.concurrent.FutureTask.run(FutureTask.java:264)
at org.testng.internal.thread.graph.TestNGFutureTask.run(TestNGFutureTask.java:22)
at java.base/java.util.concurrent.ThreadPoolExecutor.runWorker(ThreadPoolExecutor.java:1136)
at java.base/java.util.concurrent.ThreadPoolExecutor$Worker.run(ThreadPoolExecutor.java:635)
at java.base/java.lang.Thread.run(Thread.java:842)
]]>
            </full-stacktrace>
          </exception> <!-- java.lang.AssertionError -->
          <reporter-output>
          </reporter-output>
        </test-method> <!-- verify_practiceQuestions_Link -->
        <test-method is-config="true" signature="tearDown()[pri:0, instance:testcases.TC001_StackPageValidation@61710c6]" started-at="2024-11-21T10:08:28 CST" name="tearDown" finished-at="2024-11-21T10:08:28 CST" duration-ms="183" status="PASS">
          <reporter-output>
          </reporter-output>
        </test-method> <!-- tearDown -->
        <test-method is-config="true" signature="setup(java.lang.String)[pri:0, instance:testcases.TC001_StackPageValidation@61710c6]" started-at="2024-11-21T10:08:28 CST" name="setup" finished-at="2024-11-21T10:08:30 CST" duration-ms="1977" status="PASS">
          <params>
            <param index="0">
              <value>
                <![CDATA[chrome]]>
              </value>
            </param>
          </params>
          <reporter-output>
          </reporter-output>
        </test-method> <!-- setup -->
        <test-method is-config="true" signature="before_testcase_setup()[pri:0, instance:testcases.TC001_StackPageValidation@61710c6]" started-at="2024-11-21T10:08:30 CST" name="before_testcase_setup" finished-at="2024-11-21T10:08:32 CST" duration-ms="1604" status="PASS">
          <reporter-output>
          </reporter-output>
        </test-method> <!-- before_testcase_setup -->
        <test-method retried="true" signature="verify_practiceQuestions_Link()[pri:12, instance:testcases.TC001_StackPageValidation@61710c6]" started-at="2024-11-21T10:08:32 CST" name="verify_practiceQuestions_Link" finished-at="2024-11-21T10:08:33 CST" duration-ms="941" status="SKIP">
          <exception class="java.lang.AssertionError">
            <message>
              <![CDATA[null]]>
            </message>
            <full-stacktrace>
              <![CDATA[java.lang.AssertionError: null
at org.testng.Assert.fail(Assert.java:111)
at org.testng.Assert.fail(Assert.java:116)
at testcases.TC001_StackPageValidation.verify_practiceQuestions_Link(TC001_StackPageValidation.java:240)
at java.base/jdk.internal.reflect.NativeMethodAccessorImpl.invoke0(Native Method)
at java.base/jdk.internal.reflect.NativeMethodAccessorImpl.invoke(NativeMethodAccessorImpl.java:77)
at java.base/jdk.internal.reflect.DelegatingMethodAccessorImpl.invoke(DelegatingMethodAccessorImpl.java:43)
at java.base/java.lang.reflect.Method.invoke(Method.java:568)
at org.testng.internal.invokers.MethodInvocationHelper.invokeMethod(MethodInvocationHelper.java:141)
at org.testng.internal.invokers.TestInvoker.invokeMethod(TestInvoker.java:686)
at org.testng.internal.invokers.TestInvoker.retryFailed(TestInvoker.java:269)
at org.testng.internal.invokers.MethodRunner.runInSequence(MethodRunner.java:76)
at org.testng.internal.invokers.TestInvoker$MethodInvocationAgent.invoke(TestInvoker.java:992)
at org.testng.internal.invokers.TestInvoker.invokeTestMethods(TestInvoker.java:203)
at org.testng.internal.invokers.TestMethodWorker.invokeTestMethods(TestMethodWorker.java:154)
at org.testng.internal.invokers.TestMethodWorker.run(TestMethodWorker.java:134)
at java.base/java.util.concurrent.Executors$RunnableAdapter.call(Executors.java:539)
at java.base/java.util.concurrent.FutureTask.run(FutureTask.java:264)
at org.testng.internal.thread.graph.TestNGFutureTask.run(TestNGFutureTask.java:22)
at java.base/java.util.concurrent.ThreadPoolExecutor.runWorker(ThreadPoolExecutor.java:1136)
at java.base/java.util.concurrent.ThreadPoolExecutor$Worker.run(ThreadPoolExecutor.java:635)
at java.base/java.lang.Thread.run(Thread.java:842)
]]>
            </full-stacktrace>
          </exception> <!-- java.lang.AssertionError -->
          <reporter-output>
          </reporter-output>
        </test-method> <!-- verify_practiceQuestions_Link -->
        <test-method is-config="true" signature="tearDown()[pri:0, instance:testcases.TC001_StackPageValidation@61710c6]" started-at="2024-11-21T10:08:33 CST" name="tearDown" finished-at="2024-11-21T10:08:33 CST" duration-ms="254" status="PASS">
          <reporter-output>
          </reporter-output>
        </test-method> <!-- tearDown -->
        <test-method is-config="true" signature="setup(java.lang.String)[pri:0, instance:testcases.TC001_StackPageValidation@61710c6]" started-at="2024-11-21T10:08:33 CST" name="setup" finished-at="2024-11-21T10:08:38 CST" duration-ms="4794" status="PASS">
          <params>
            <param index="0">
              <value>
                <![CDATA[chrome]]>
              </value>
            </param>
          </params>
          <reporter-output>
          </reporter-output>
        </test-method> <!-- setup -->
        <test-method is-config="true" signature="before_testcase_setup()[pri:0, instance:testcases.TC001_StackPageValidation@61710c6]" started-at="2024-11-21T10:08:38 CST" name="before_testcase_setup" finished-at="2024-11-21T10:08:39 CST" duration-ms="1368" status="PASS">
          <reporter-output>
          </reporter-output>
        </test-method> <!-- before_testcase_setup -->
        <test-method retried="true" signature="verify_practiceQuestions_Link()[pri:12, instance:testcases.TC001_StackPageValidation@61710c6]" started-at="2024-11-21T10:08:39 CST" name="verify_practiceQuestions_Link" finished-at="2024-11-21T10:08:40 CST" duration-ms="819" status="SKIP">
          <exception class="java.lang.AssertionError">
            <message>
              <![CDATA[null]]>
            </message>
            <full-stacktrace>
              <![CDATA[java.lang.AssertionError: null
at org.testng.Assert.fail(Assert.java:111)
at org.testng.Assert.fail(Assert.java:116)
at testcases.TC001_StackPageValidation.verify_practiceQuestions_Link(TC001_StackPageValidation.java:240)
at java.base/jdk.internal.reflect.NativeMethodAccessorImpl.invoke0(Native Method)
at java.base/jdk.internal.reflect.NativeMethodAccessorImpl.invoke(NativeMethodAccessorImpl.java:77)
at java.base/jdk.internal.reflect.DelegatingMethodAccessorImpl.invoke(DelegatingMethodAccessorImpl.java:43)
at java.base/java.lang.reflect.Method.invoke(Method.java:568)
at org.testng.internal.invokers.MethodInvocationHelper.invokeMethod(MethodInvocationHelper.java:141)
at org.testng.internal.invokers.TestInvoker.invokeMethod(TestInvoker.java:686)
at org.testng.internal.invokers.TestInvoker.retryFailed(TestInvoker.java:269)
at org.testng.internal.invokers.MethodRunner.runInSequence(MethodRunner.java:76)
at org.testng.internal.invokers.TestInvoker$MethodInvocationAgent.invoke(TestInvoker.java:992)
at org.testng.internal.invokers.TestInvoker.invokeTestMethods(TestInvoker.java:203)
at org.testng.internal.invokers.TestMethodWorker.invokeTestMethods(TestMethodWorker.java:154)
at org.testng.internal.invokers.TestMethodWorker.run(TestMethodWorker.java:134)
at java.base/java.util.concurrent.Executors$RunnableAdapter.call(Executors.java:539)
at java.base/java.util.concurrent.FutureTask.run(FutureTask.java:264)
at org.testng.internal.thread.graph.TestNGFutureTask.run(TestNGFutureTask.java:22)
at java.base/java.util.concurrent.ThreadPoolExecutor.runWorker(ThreadPoolExecutor.java:1136)
at java.base/java.util.concurrent.ThreadPoolExecutor$Worker.run(ThreadPoolExecutor.java:635)
at java.base/java.lang.Thread.run(Thread.java:842)
]]>
            </full-stacktrace>
          </exception> <!-- java.lang.AssertionError -->
          <reporter-output>
          </reporter-output>
        </test-method> <!-- verify_practiceQuestions_Link -->
        <test-method is-config="true" signature="tearDown()[pri:0, instance:testcases.TC001_StackPageValidation@61710c6]" started-at="2024-11-21T10:08:40 CST" name="tearDown" finished-at="2024-11-21T10:08:41 CST" duration-ms="240" status="PASS">
          <reporter-output>
          </reporter-output>
        </test-method> <!-- tearDown -->
        <test-method is-config="true" signature="setup(java.lang.String)[pri:0, instance:testcases.TC001_StackPageValidation@61710c6]" started-at="2024-11-21T10:08:41 CST" name="setup" finished-at="2024-11-21T10:08:43 CST" duration-ms="1993" status="PASS">
          <params>
            <param index="0">
              <value>
                <![CDATA[chrome]]>
              </value>
            </param>
          </params>
          <reporter-output>
          </reporter-output>
        </test-method> <!-- setup -->
        <test-method is-config="true" signature="before_testcase_setup()[pri:0, instance:testcases.TC001_StackPageValidation@61710c6]" started-at="2024-11-21T10:08:43 CST" name="before_testcase_setup" finished-at="2024-11-21T10:08:44 CST" duration-ms="1676" status="PASS">
          <reporter-output>
          </reporter-output>
        </test-method> <!-- before_testcase_setup -->
        <test-method signature="verify_practiceQuestions_Link()[pri:12, instance:testcases.TC001_StackPageValidation@61710c6]" started-at="2024-11-21T10:08:44 CST" name="verify_practiceQuestions_Link" finished-at="2024-11-21T10:08:45 CST" duration-ms="814" status="FAIL">
          <exception class="java.lang.AssertionError">
            <message>
              <![CDATA[null]]>
            </message>
            <full-stacktrace>
              <![CDATA[java.lang.AssertionError: null
at org.testng.Assert.fail(Assert.java:111)
at org.testng.Assert.fail(Assert.java:116)
at testcases.TC001_StackPageValidation.verify_practiceQuestions_Link(TC001_StackPageValidation.java:240)
at java.base/jdk.internal.reflect.NativeMethodAccessorImpl.invoke0(Native Method)
at java.base/jdk.internal.reflect.NativeMethodAccessorImpl.invoke(NativeMethodAccessorImpl.java:77)
at java.base/jdk.internal.reflect.DelegatingMethodAccessorImpl.invoke(DelegatingMethodAccessorImpl.java:43)
at java.base/java.lang.reflect.Method.invoke(Method.java:568)
at org.testng.internal.invokers.MethodInvocationHelper.invokeMethod(MethodInvocationHelper.java:141)
at org.testng.internal.invokers.TestInvoker.invokeMethod(TestInvoker.java:686)
at org.testng.internal.invokers.TestInvoker.retryFailed(TestInvoker.java:269)
at org.testng.internal.invokers.MethodRunner.runInSequence(MethodRunner.java:76)
at org.testng.internal.invokers.TestInvoker$MethodInvocationAgent.invoke(TestInvoker.java:992)
at org.testng.internal.invokers.TestInvoker.invokeTestMethods(TestInvoker.java:203)
at org.testng.internal.invokers.TestMethodWorker.invokeTestMethods(TestMethodWorker.java:154)
at org.testng.internal.invokers.TestMethodWorker.run(TestMethodWorker.java:134)
at java.base/java.util.concurrent.Executors$RunnableAdapter.call(Executors.java:539)
at java.base/java.util.concurrent.FutureTask.run(FutureTask.java:264)
at org.testng.internal.thread.graph.TestNGFutureTask.run(TestNGFutureTask.java:22)
at java.base/java.util.concurrent.ThreadPoolExecutor.runWorker(ThreadPoolExecutor.java:1136)
at java.base/java.util.concurrent.ThreadPoolExecutor$Worker.run(ThreadPoolExecutor.java:635)
at java.base/java.lang.Thread.run(Thread.java:842)
]]>
            </full-stacktrace>
          </exception> <!-- java.lang.AssertionError -->
          <reporter-output>
          </reporter-output>
        </test-method> <!-- verify_practiceQuestions_Link -->
        <test-method is-config="true" signature="tearDown()[pri:0, instance:testcases.TC001_StackPageValidation@61710c6]" started-at="2024-11-21T10:08:45 CST" name="tearDown" finished-at="2024-11-21T10:08:45 CST" duration-ms="212" status="PASS">
          <reporter-output>
          </reporter-output>
        </test-method> <!-- tearDown -->
        <test-method is-config="true" signature="after_test()[pri:0, instance:testcases.TC001_StackPageValidation@61710c6]" started-at="2024-11-21T10:08:45 CST" name="after_test" finished-at="2024-11-21T10:08:45 CST" duration-ms="1" status="PASS">
          <reporter-output>
          </reporter-output>
        </test-method> <!-- after_test -->
      </class> <!-- testcases.TC001_StackPageValidation -->
      <class name="testcases.TC002_GetStartedPageValidation">
        <test-method is-config="true" signature="setup(java.lang.String)[pri:0, instance:testcases.TC002_GetStartedPageValidation@4bff7da0]" started-at="2024-11-21T10:06:46 CST" name="setup" finished-at="2024-11-21T10:06:49 CST" duration-ms="2903" status="PASS">
          <params>
            <param index="0">
              <value>
                <![CDATA[chrome]]>
              </value>
            </param>
          </params>
          <reporter-output>
          </reporter-output>
        </test-method> <!-- setup -->
        <test-method is-config="true" signature="before_testcase_setup()[pri:0, instance:testcases.TC002_GetStartedPageValidation@4bff7da0]" started-at="2024-11-21T10:06:49 CST" name="before_testcase_setup" finished-at="2024-11-21T10:06:49 CST" duration-ms="45" status="PASS">
          <reporter-output>
          </reporter-output>
        </test-method> <!-- before_testcase_setup -->
        <test-method signature="verify_Getstarted_PageValidation()[pri:1, instance:testcases.TC002_GetStartedPageValidation@4bff7da0]" started-at="2024-11-21T10:06:49 CST" name="verify_Getstarted_PageValidation" finished-at="2024-11-21T10:06:49 CST" duration-ms="79" status="PASS">
          <reporter-output>
          </reporter-output>
        </test-method> <!-- verify_Getstarted_PageValidation -->
        <test-method is-config="true" signature="tearDown()[pri:0, instance:testcases.TC002_GetStartedPageValidation@4bff7da0]" started-at="2024-11-21T10:06:49 CST" name="tearDown" finished-at="2024-11-21T10:06:50 CST" duration-ms="367" status="PASS">
          <reporter-output>
          </reporter-output>
        </test-method> <!-- tearDown -->
        <test-method is-config="true" signature="setup(java.lang.String)[pri:0, instance:testcases.TC002_GetStartedPageValidation@4bff7da0]" started-at="2024-11-21T10:06:50 CST" name="setup" finished-at="2024-11-21T10:06:52 CST" duration-ms="2352" status="PASS">
          <params>
            <param index="0">
              <value>
                <![CDATA[chrome]]>
              </value>
            </param>
          </params>
          <reporter-output>
          </reporter-output>
        </test-method> <!-- setup -->
        <test-method is-config="true" signature="before_testcase_setup()[pri:0, instance:testcases.TC002_GetStartedPageValidation@4bff7da0]" started-at="2024-11-21T10:06:52 CST" name="before_testcase_setup" finished-at="2024-11-21T10:06:52 CST" duration-ms="2" status="PASS">
          <reporter-output>
          </reporter-output>
        </test-method> <!-- before_testcase_setup -->
        <test-method signature="verify_Getstarted_button()[pri:2, instance:testcases.TC002_GetStartedPageValidation@4bff7da0]" started-at="2024-11-21T10:06:52 CST" name="verify_Getstarted_button" finished-at="2024-11-21T10:06:53 CST" duration-ms="743" status="PASS">
          <reporter-output>
          </reporter-output>
        </test-method> <!-- verify_Getstarted_button -->
        <test-method is-config="true" signature="tearDown()[pri:0, instance:testcases.TC002_GetStartedPageValidation@4bff7da0]" started-at="2024-11-21T10:06:53 CST" name="tearDown" finished-at="2024-11-21T10:06:53 CST" duration-ms="471" status="PASS">
          <reporter-output>
          </reporter-output>
        </test-method> <!-- tearDown -->
      </class> <!-- testcases.TC002_GetStartedPageValidation -->
    </test> <!-- DSAlgo Testing -->
  </suite> <!-- DSAlgo Testng -->
</testng-results>
