<?xml version="1.0" encoding="UTF-8"?>
<!-- Generated by org.testng.reporters.JUnitReportReporter -->
<testsuite hostname="PavithraSubburaj" failures="1" tests="21" name="testcases.TC001_StackPageValidation" time="117.076" errors="0" timestamp="2024-11-21T10:08:47 CST" skipped="3">
  <testcase classname="testcases.TC001_StackPageValidation" name="verify_Stack_Getstartedbtn_PageValidation" time="4.788"/>
  <testcase classname="testcases.TC001_StackPageValidation" name="verify_StackOption_Dropdown_PageValidation" time="4.241"/>
  <testcase classname="testcases.TC001_StackPageValidation" name="verify_Stack_Operations_Link" time="4.732"/>
  <testcase classname="testcases.TC001_StackPageValidation" name="verify_Stack_Operations_tryherebtn_Link" time="5.281"/>
  <testcase classname="testcases.TC001_StackPageValidation" name="verify_Stack_Operations_pythoncode" time="8.058"/>
  <testcase classname="testcases.TC001_StackPageValidation" name="verify_Stack_Operations_pythoncode" time="5.363"/>
  <testcase classname="testcases.TC001_StackPageValidation" name="verify_Stack_Operations_pythoncode" time="5.827"/>
  <testcase classname="testcases.TC001_StackPageValidation" name="verify_Stack_Implementation_Link" time="5.445"/>
  <testcase classname="testcases.TC001_StackPageValidation" name="verify_Stack_Implementation_tryherebtn_Link" time="5.179"/>
  <testcase classname="testcases.TC001_StackPageValidation" name="verify_Stack_Implementation_pythoncode" time="7.033"/>
  <testcase classname="testcases.TC001_StackPageValidation" name="verify_Stack_Implementation_pythoncode" time="5.744"/>
  <testcase classname="testcases.TC001_StackPageValidation" name="verify_Stack_Implementation_pythoncode" time="5.894"/>
  <testcase classname="testcases.TC001_StackPageValidation" name="verify_Stack_Applications_Link" time="4.485"/>
  <testcase classname="testcases.TC001_StackPageValidation" name="verify_Stack_Applications_tryherebtn_Link" time="5.059"/>
  <testcase classname="testcases.TC001_StackPageValidation" name="verify_Stack_Applications_pythoncode" time="9.813"/>
  <testcase classname="testcases.TC001_StackPageValidation" name="verify_Stack_Applications_pythoncode" time="5.473"/>
  <testcase classname="testcases.TC001_StackPageValidation" name="verify_Stack_Applications_pythoncode" time="5.237"/>
  <testcase classname="testcases.TC001_StackPageValidation" name="verify_practiceQuestions_Link" time="4.686">
    <skipped/>
  </testcase> <!-- verify_practiceQuestions_Link -->
  <testcase classname="testcases.TC001_StackPageValidation" name="verify_practiceQuestions_Link" time="5.111">
    <failure message="null" type="java.lang.AssertionError">
      <![CDATA[java.lang.AssertionError: null
at org.testng.Assert.fail(Assert.java:111)
at org.testng.Assert.fail(Assert.java:116)
at testcases.TC001_StackPageValidation.verify_practiceQuestions_Link(TC001_StackPageValidation.java:240)
at java.base/jdk.internal.reflect.NativeMethodAccessorImpl.invoke0(Native Method)
at java.base/jdk.internal.reflect.NativeMethodAccessorImpl.invoke(NativeMethodAccessorImpl.java:77)
at java.base/jdk.internal.reflect.DelegatingMethodAccessorImpl.invoke(DelegatingMethodAccessorImpl.java:43)
at java.base/java.lang.reflect.Method.invoke(Method.java:568)
at org.testng.internal.invokers.MethodInvocationHelper.invokeMethod(MethodInvocationHelper.java:141)
at org.testng.internal.invokers.TestInvoker.invokeMethod(TestInvoker.java:686)
at org.testng.internal.invokers.TestInvoker.retryFailed(TestInvoker.java:269)
at org.testng.internal.invokers.MethodRunner.runInSequence(MethodRunner.java:76)
at org.testng.internal.invokers.TestInvoker$MethodInvocationAgent.invoke(TestInvoker.java:992)
at org.testng.internal.invokers.TestInvoker.invokeTestMethods(TestInvoker.java:203)
at org.testng.internal.invokers.TestMethodWorker.invokeTestMethods(TestMethodWorker.java:154)
at org.testng.internal.invokers.TestMethodWorker.run(TestMethodWorker.java:134)
at java.base/java.util.concurrent.Executors$RunnableAdapter.call(Executors.java:539)
at java.base/java.util.concurrent.FutureTask.run(FutureTask.java:264)
at org.testng.internal.thread.graph.TestNGFutureTask.run(TestNGFutureTask.java:22)
at java.base/java.util.concurrent.ThreadPoolExecutor.runWorker(ThreadPoolExecutor.java:1136)
at java.base/java.util.concurrent.ThreadPoolExecutor$Worker.run(ThreadPoolExecutor.java:635)
at java.base/java.lang.Thread.run(Thread.java:842)
]]>
    </failure>
  </testcase> <!-- verify_practiceQuestions_Link -->
  <testcase classname="testcases.TC001_StackPageValidation" name="verify_practiceQuestions_Link" time="4.799">
    <skipped/>
  </testcase> <!-- verify_practiceQuestions_Link -->
  <testcase classname="testcases.TC001_StackPageValidation" name="verify_practiceQuestions_Link" time="4.828">
    <skipped/>
  </testcase> <!-- verify_practiceQuestions_Link -->
</testsuite> <!-- testcases.TC001_StackPageValidation -->
