<?xml version="1.0" encoding="UTF-8"?>
<!-- Generated by org.testng.reporters.JUnitReportReporter -->
<testsuite hostname="PavithraSubburaj" failures="1" tests="21" name="testcases.TC001_StackPageValidation" time="151.559" errors="0" timestamp="2024-11-20T11:57:32 CST" skipped="3">
  <testcase classname="testcases.TC001_StackPageValidation" name="verify_Stack_Getstartedbtn_PageValidation" time="5.378"/>
  <testcase classname="testcases.TC001_StackPageValidation" name="verify_StackOption_Dropdown_PageValidation" time="6.091"/>
  <testcase classname="testcases.TC001_StackPageValidation" name="verify_Stack_Operations_Link" time="5.437"/>
  <testcase classname="testcases.TC001_StackPageValidation" name="verify_Stack_Operations_tryherebtn_Link" time="9.032"/>
  <testcase classname="testcases.TC001_StackPageValidation" name="verify_Stack_Operations_pythoncode" time="6.786"/>
  <testcase classname="testcases.TC001_StackPageValidation" name="verify_Stack_Operations_pythoncode" time="9.064"/>
  <testcase classname="testcases.TC001_StackPageValidation" name="verify_Stack_Operations_pythoncode" time="10.683"/>
  <testcase classname="testcases.TC001_StackPageValidation" name="verify_Stack_Implementation_Link" time="4.783"/>
  <testcase classname="testcases.TC001_StackPageValidation" name="verify_Stack_Implementation_tryherebtn_Link" time="5.579"/>
  <testcase classname="testcases.TC001_StackPageValidation" name="verify_Stack_Implementation_pythoncode" time="7.285"/>
  <testcase classname="testcases.TC001_StackPageValidation" name="verify_Stack_Implementation_pythoncode" time="5.732"/>
  <testcase classname="testcases.TC001_StackPageValidation" name="verify_Stack_Implementation_pythoncode" time="11.243"/>
  <testcase classname="testcases.TC001_StackPageValidation" name="verify_Stack_Applications_Link" time="6.728"/>
  <testcase classname="testcases.TC001_StackPageValidation" name="verify_Stack_Applications_tryherebtn_Link" time="5.661"/>
  <testcase classname="testcases.TC001_StackPageValidation" name="verify_Stack_Applications_pythoncode" time="8.876"/>
  <testcase classname="testcases.TC001_StackPageValidation" name="verify_Stack_Applications_pythoncode" time="7.919"/>
  <testcase classname="testcases.TC001_StackPageValidation" name="verify_Stack_Applications_pythoncode" time="7.085"/>
  <testcase classname="testcases.TC001_StackPageValidation" name="verify_practiceQuestions_Link" time="10.141">
    <failure message="null" type="java.lang.AssertionError">
      <![CDATA[java.lang.AssertionError: null
at org.testng.Assert.fail(Assert.java:111)
at org.testng.Assert.fail(Assert.java:116)
at testcases.TC001_StackPageValidation.verify_practiceQuestions_Link(TC001_StackPageValidation.java:240)
at java.base/jdk.internal.reflect.NativeMethodAccessorImpl.invoke0(Native Method)
at java.base/jdk.internal.reflect.NativeMethodAccessorImpl.invoke(NativeMethodAccessorImpl.java:77)
at java.base/jdk.internal.reflect.DelegatingMethodAccessorImpl.invoke(DelegatingMethodAccessorImpl.java:43)
at java.base/java.lang.reflect.Method.invoke(Method.java:568)
at org.testng.internal.invokers.MethodInvocationHelper.invokeMethod(MethodInvocationHelper.java:141)
at org.testng.internal.invokers.TestInvoker.invokeMethod(TestInvoker.java:686)
at org.testng.internal.invokers.TestInvoker.retryFailed(TestInvoker.java:269)
at org.testng.internal.invokers.MethodRunner.runInSequence(MethodRunner.java:76)
at org.testng.internal.invokers.TestInvoker$MethodInvocationAgent.invoke(TestInvoker.java:992)
at org.testng.internal.invokers.TestInvoker.invokeTestMethods(TestInvoker.java:203)
at org.testng.internal.invokers.TestMethodWorker.invokeTestMethods(TestMethodWorker.java:154)
at org.testng.internal.invokers.TestMethodWorker.run(TestMethodWorker.java:134)
at java.base/java.util.concurrent.Executors$RunnableAdapter.call(Executors.java:539)
at java.base/java.util.concurrent.FutureTask.run(FutureTask.java:264)
at org.testng.internal.thread.graph.TestNGFutureTask.run(TestNGFutureTask.java:22)
at java.base/java.util.concurrent.ThreadPoolExecutor.runWorker(ThreadPoolExecutor.java:1136)
at java.base/java.util.concurrent.ThreadPoolExecutor$Worker.run(ThreadPoolExecutor.java:635)
at java.base/java.lang.Thread.run(Thread.java:842)
]]>
    </failure>
  </testcase> <!-- verify_practiceQuestions_Link -->
  <testcase classname="testcases.TC001_StackPageValidation" name="verify_practiceQuestions_Link" time="5.206">
    <skipped/>
  </testcase> <!-- verify_practiceQuestions_Link -->
  <testcase classname="testcases.TC001_StackPageValidation" name="verify_practiceQuestions_Link" time="6.245">
    <skipped/>
  </testcase> <!-- verify_practiceQuestions_Link -->
  <testcase classname="testcases.TC001_StackPageValidation" name="verify_practiceQuestions_Link" time="6.605">
    <skipped/>
  </testcase> <!-- verify_practiceQuestions_Link -->
</testsuite> <!-- testcases.TC001_StackPageValidation -->
